   1.3075309e+02
   2.1204570e+02
   1.0350088e+02
   5.8872559e+01
   8.3241643e+01
   2.5555067e+02
   1.8919186e+01
   8.8575963e+01
   1.5783425e+02
   1.9442498e+02
   5.6500356e+01
   3.1317067e+01
   1.2357169e+02
   1.7960641e+02
   4.8933896e+01
   1.6467416e+02
   6.1036604e+00
   5.5281743e+01
   1.5932136e+01
   1.9975856e+02
   1.0007935e+02
   1.9460903e+01
   4.7717988e+01
   8.1274500e+01
   2.7248639e+01
   7.1872206e+01
   2.1397617e+02
   1.2478078e+02
   1.4965912e+02
   4.2173064e+01
   2.7074726e+01
   6.3666016e+01
   7.4246255e+01
   9.9425261e+01
   7.1859727e+00
   4.8849869e+01
   8.1814358e+01
   3.3919443e+01
   1.3684111e+02
   7.5461133e+01
   1.1480935e+02
   6.8996766e+01
   3.0709518e+01
   1.1128075e+02
   1.7845039e+02
   1.0850885e+02
   1.5312950e+02
   2.9522541e+02
   4.3509560e+01
   2.3091162e+02
   1.2343253e+02
   5.4191528e+01
   1.7606647e+01
   1.5550271e+02
   1.8067958e+02
   8.8446936e+01
   3.2418399e+01
   1.6307202e+02
   4.7345752e+01
   2.1809390e+02
   1.5671503e+02
   1.9606341e+02
   1.2277131e+01
   1.1196721e+02
   1.9253452e+02
   2.5969911e+02
   4.4625097e+01
   1.8672982e+02
   1.5203359e+02
   1.2241099e+02
   1.4924311e+01
   5.4326656e+01
   9.0917889e+01
   4.6996417e+01
   7.2177583e+01
   2.0068409e+01
   7.6100661e+01
   5.4565012e+01
   6.1170611e+01
   1.0959372e+02
   4.8212422e+01
   8.7562964e+01
   9.6249308e+01
   3.5814472e+00
   8.4033587e+01
   1.5120423e+02
   1.4210861e+02
   1.9666726e+02
   7.7788101e+01
   2.9702106e+01
   9.8956296e+01
   1.3554730e+02
   2.3719809e+00
   2.7554003e+01
   6.4696135e+01
   1.2072948e+02
   9.9405883e+00
   1.0579843e+02
   6.4970764e+01
   3.5934092e+00
   4.2939586e+01
   1.4087964e+02
   4.1205540e+01
   3.9410328e+01
   1.0658349e+02
   3.3881493e+02
   6.4326168e+01
   1.7182668e+02
   2.4109208e+02
   2.7768205e+02
   1.3974925e+02
   1.1456209e+02
   2.0682707e+02
   2.6286209e+02
   1.3218415e+02
   2.4792838e+02
   7.7143285e+01
   1.3852666e+02
   9.9175783e+01
   2.8301747e+02
   1.8334315e+02
   1.0270480e+02
   3.5524061e+01
   2.7441401e+02
   1.6693438e+02
   9.7699369e+01
   6.1107089e+01
   1.9900782e+02
   2.2417986e+02
   1.3195602e+02
   7.5920186e+01
   2.0657633e+02
   9.0850367e+01
   2.6159461e+02
   2.0021777e+02
   2.3956088e+02
   5.5778696e+01
   1.5548213e+02
   2.3603406e+02
   3.0319782e+02
   1.0749702e+02
   1.7675626e+02
   2.1334667e+02
   7.5419689e+01
   5.0236145e+01
   1.4249246e+02
   1.9852820e+02
   6.7854229e+01
   1.8359489e+02
   1.2817969e+01
   7.4199796e+01
   3.4851168e+01
   2.1868084e+02
   1.1900254e+02
   3.8379430e+01
   2.8799636e+01
   6.9249145e+01
   1.0584022e+02
   3.2077141e+01
   5.7255407e+01
   3.4987321e+01
   9.1024360e+01
   3.9643428e+01
   7.6091423e+01
   9.4672234e+01
   3.3294167e+01
   7.2637792e+01
   1.1117196e+02
   1.1519275e+01
   6.9110784e+01
   1.3628385e+02
   3.6592763e+01
   1.0131728e+02
   1.2649599e+02
   3.4257480e+01
   2.1777521e+01
   1.0888594e+02
   6.8525898e+00
   1.6391131e+02
   1.0253149e+02
   1.4188026e+02
   4.1922476e+01
   5.7776345e+01
   1.3835142e+02
   2.0551917e+02
   1.3790697e+02
   1.6308147e+02
   7.0850956e+01
   1.4814189e+01
   1.4547486e+02
   2.9745377e+01
   2.0049691e+02
   1.3911915e+02
   1.7846313e+02
   5.3304594e+00
   9.4373140e+01
   1.7493604e+02
   2.4210318e+02
   2.5182372e+01
   6.7067579e+01
   1.2310148e+02
   7.5683344e+00
   1.0817023e+02
   6.2599069e+01
   1.2391760e+00
   4.0567445e+01
   1.4325167e+02
   4.3575590e+01
   3.7038504e+01
   1.0421195e+02
   9.2249972e+01
   1.4828633e+02
   1.7616743e+01
   1.3335298e+02
   3.7417723e+01
   2.3962866e+01
   1.5383528e+01
   1.6843660e+02
   6.8758574e+01
   1.1856027e+01
   7.9031960e+01
   5.6034995e+01
   7.4629923e+01
   4.1104506e+01
   1.2965737e+02
   6.8277986e+01
   1.0762541e+02
   7.6181777e+01
   2.3523361e+01
   1.0409696e+02
   1.7126708e+02
   1.3066107e+02
   1.4929876e+01
   1.8568455e+02
   1.2430490e+02
   1.6365274e+02
   2.0145518e+01
   7.9557019e+01
   1.6012437e+02
   2.2729131e+02
   1.1573699e+02
   5.5032050e+01
   6.3581307e+00
   3.2998416e+01
   1.5081929e+02
   5.1138765e+01
   2.9471147e+01
   9.6645621e+01
   1.7075647e+02
   1.0937672e+02
   1.4872427e+02
   3.5076067e+01
   6.4627393e+01
   1.4519600e+02
   2.1236395e+02
   6.1382434e+01
   2.2032277e+01
   2.0586115e+02
   1.0618351e+02
   2.5561143e+01
   4.1616100e+01
   3.9348247e+01
   1.4447005e+02
   4.4798291e+01
   3.5819945e+01
   1.0299391e+02
   1.8382498e+02
   8.4147434e+01
   3.5286838e+00
   6.3647321e+01
   9.9702072e+01
   1.8026415e+02
   2.4743129e+02
   8.0597743e+01
   1.4776692e+02
   6.7175902e+01
