1 187 2009.71506849 2010.22739726
2 -11 2009.71506849 2009.68493151
3 165 2009.71506849 2010.16712329
4 11 2009.71506849 2009.74520548
5 209 2009.71506849 2010.28767123
6 22 2009.71506849 2009.77534247
7 220 2009.71506849 2010.31780822
8 33 2009.71506849 2009.80547945
9 242 2009.71506849 2010.37808219
10 44 2009.71506849 2009.83561644
11 253 2009.71506849 2010.40821918
12 55 2009.71506849 2009.86575342
13 264 2009.71506849 2010.43835616
14 66 2009.71506849 2009.89589041
15 275 2009.71506849 2010.46849315
16 77 2009.71506849 2009.9260274
17 286 2009.71506849 2010.49863014
18 88 2009.71506849 2009.95616438
19 374 2009.71506849 2010.73972603
20 99 2009.71506849 2009.98630137
21 385 2009.71506849 2010.76986301
22 110 2009.71506849 2010.01643836
23 462 2009.71506849 2010.98082192
24 -198 2010.22739726 2009.68493151
25 -22 2010.22739726 2010.16712329
26 -176 2010.22739726 2009.74520548
27 22 2010.22739726 2010.28767123
28 -165 2010.22739726 2009.77534247
29 33 2010.22739726 2010.31780822
30 -154 2010.22739726 2009.80547945
31 55 2010.22739726 2010.37808219
32 -143 2010.22739726 2009.83561644
33 66 2010.22739726 2010.40821918
34 -132 2010.22739726 2009.86575342
35 77 2010.22739726 2010.43835616
36 -121 2010.22739726 2009.89589041
37 88 2010.22739726 2010.46849315
38 -110 2010.22739726 2009.9260274
39 99 2010.22739726 2010.49863014
40 -99 2010.22739726 2009.95616438
41 187 2010.22739726 2010.73972603
42 -88 2010.22739726 2009.98630137
43 198 2010.22739726 2010.76986301
44 -77 2010.22739726 2010.01643836
45 275 2010.22739726 2010.98082192
46 176 2009.68493151 2010.16712329
47 22 2009.68493151 2009.74520548
48 220 2009.68493151 2010.28767123
49 33 2009.68493151 2009.77534247
50 231 2009.68493151 2010.31780822
51 44 2009.68493151 2009.80547945
52 253 2009.68493151 2010.37808219
53 55 2009.68493151 2009.83561644
54 264 2009.68493151 2010.40821918
55 66 2009.68493151 2009.86575342
56 275 2009.68493151 2010.43835616
57 77 2009.68493151 2009.89589041
58 286 2009.68493151 2010.46849315
59 88 2009.68493151 2009.9260274
60 297 2009.68493151 2010.49863014
61 99 2009.68493151 2009.95616438
62 385 2009.68493151 2010.73972603
63 110 2009.68493151 2009.98630137
64 396 2009.68493151 2010.76986301
65 121 2009.68493151 2010.01643836
66 473 2009.68493151 2010.98082192
67 -154 2010.16712329 2009.74520548
68 44 2010.16712329 2010.28767123
69 -143 2010.16712329 2009.77534247
70 55 2010.16712329 2010.31780822
71 -132 2010.16712329 2009.80547945
72 77 2010.16712329 2010.37808219
73 -121 2010.16712329 2009.83561644
74 88 2010.16712329 2010.40821918
75 -110 2010.16712329 2009.86575342
76 99 2010.16712329 2010.43835616
77 -99 2010.16712329 2009.89589041
78 110 2010.16712329 2010.46849315
79 -88 2010.16712329 2009.9260274
80 121 2010.16712329 2010.49863014
81 -77 2010.16712329 2009.95616438
82 209 2010.16712329 2010.73972603
83 -66 2010.16712329 2009.98630137
84 220 2010.16712329 2010.76986301
85 -55 2010.16712329 2010.01643836
86 297 2010.16712329 2010.98082192
87 198 2009.74520548 2010.28767123
88 11 2009.74520548 2009.77534247
89 209 2009.74520548 2010.31780822
90 22 2009.74520548 2009.80547945
91 231 2009.74520548 2010.37808219
92 33 2009.74520548 2009.83561644
93 242 2009.74520548 2010.40821918
94 44 2009.74520548 2009.86575342
95 253 2009.74520548 2010.43835616
96 55 2009.74520548 2009.89589041
97 264 2009.74520548 2010.46849315
98 66 2009.74520548 2009.9260274
99 275 2009.74520548 2010.49863014
100 77 2009.74520548 2009.95616438
101 363 2009.74520548 2010.73972603
102 88 2009.74520548 2009.98630137
103 374 2009.74520548 2010.76986301
104 99 2009.74520548 2010.01643836
105 451 2009.74520548 2010.98082192
106 -187 2010.28767123 2009.77534247
107 11 2010.28767123 2010.31780822
108 -176 2010.28767123 2009.80547945
109 33 2010.28767123 2010.37808219
110 -165 2010.28767123 2009.83561644
111 44 2010.28767123 2010.40821918
112 -154 2010.28767123 2009.86575342
113 55 2010.28767123 2010.43835616
114 -143 2010.28767123 2009.89589041
115 66 2010.28767123 2010.46849315
116 -132 2010.28767123 2009.9260274
117 77 2010.28767123 2010.49863014
118 -121 2010.28767123 2009.95616438
119 165 2010.28767123 2010.73972603
120 -110 2010.28767123 2009.98630137
121 176 2010.28767123 2010.76986301
122 -99 2010.28767123 2010.01643836
123 253 2010.28767123 2010.98082192
124 198 2009.77534247 2010.31780822
125 11 2009.77534247 2009.80547945
126 220 2009.77534247 2010.37808219
127 22 2009.77534247 2009.83561644
128 231 2009.77534247 2010.40821918
129 33 2009.77534247 2009.86575342
130 242 2009.77534247 2010.43835616
131 44 2009.77534247 2009.89589041
132 253 2009.77534247 2010.46849315
133 55 2009.77534247 2009.9260274
134 264 2009.77534247 2010.49863014
135 66 2009.77534247 2009.95616438
136 352 2009.77534247 2010.73972603
137 77 2009.77534247 2009.98630137
138 363 2009.77534247 2010.76986301
139 88 2009.77534247 2010.01643836
140 440 2009.77534247 2010.98082192
141 -187 2010.31780822 2009.80547945
142 22 2010.31780822 2010.37808219
143 -176 2010.31780822 2009.83561644
144 33 2010.31780822 2010.40821918
145 -165 2010.31780822 2009.86575342
146 44 2010.31780822 2010.43835616
147 -154 2010.31780822 2009.89589041
148 55 2010.31780822 2010.46849315
149 -143 2010.31780822 2009.9260274
150 66 2010.31780822 2010.49863014
151 -132 2010.31780822 2009.95616438
152 154 2010.31780822 2010.73972603
153 -121 2010.31780822 2009.98630137
154 165 2010.31780822 2010.76986301
155 -110 2010.31780822 2010.01643836
156 242 2010.31780822 2010.98082192
157 209 2009.80547945 2010.37808219
158 11 2009.80547945 2009.83561644
159 220 2009.80547945 2010.40821918
160 22 2009.80547945 2009.86575342
161 231 2009.80547945 2010.43835616
162 33 2009.80547945 2009.89589041
163 242 2009.80547945 2010.46849315
164 44 2009.80547945 2009.9260274
165 253 2009.80547945 2010.49863014
166 55 2009.80547945 2009.95616438
167 341 2009.80547945 2010.73972603
168 66 2009.80547945 2009.98630137
169 352 2009.80547945 2010.76986301
170 77 2009.80547945 2010.01643836
171 429 2009.80547945 2010.98082192
172 -198 2010.37808219 2009.83561644
173 11 2010.37808219 2010.40821918
174 -187 2010.37808219 2009.86575342
175 22 2010.37808219 2010.43835616
176 -176 2010.37808219 2009.89589041
177 33 2010.37808219 2010.46849315
178 -165 2010.37808219 2009.9260274
179 44 2010.37808219 2010.49863014
180 -154 2010.37808219 2009.95616438
181 132 2010.37808219 2010.73972603
182 -143 2010.37808219 2009.98630137
183 143 2010.37808219 2010.76986301
184 -132 2010.37808219 2010.01643836
185 220 2010.37808219 2010.98082192
186 209 2009.83561644 2010.40821918
187 11 2009.83561644 2009.86575342
188 220 2009.83561644 2010.43835616
189 22 2009.83561644 2009.89589041
190 231 2009.83561644 2010.46849315
191 33 2009.83561644 2009.9260274
192 242 2009.83561644 2010.49863014
193 44 2009.83561644 2009.95616438
194 330 2009.83561644 2010.73972603
195 55 2009.83561644 2009.98630137
196 341 2009.83561644 2010.76986301
197 66 2009.83561644 2010.01643836
198 418 2009.83561644 2010.98082192
199 -198 2010.40821918 2009.86575342
200 11 2010.40821918 2010.43835616
201 -187 2010.40821918 2009.89589041
202 22 2010.40821918 2010.46849315
203 -176 2010.40821918 2009.9260274
204 33 2010.40821918 2010.49863014
205 -165 2010.40821918 2009.95616438
206 121 2010.40821918 2010.73972603
207 -154 2010.40821918 2009.98630137
208 132 2010.40821918 2010.76986301
209 -143 2010.40821918 2010.01643836
210 209 2010.40821918 2010.98082192
211 209 2009.86575342 2010.43835616
212 11 2009.86575342 2009.89589041
213 220 2009.86575342 2010.46849315
214 22 2009.86575342 2009.9260274
215 231 2009.86575342 2010.49863014
216 33 2009.86575342 2009.95616438
217 319 2009.86575342 2010.73972603
218 44 2009.86575342 2009.98630137
219 330 2009.86575342 2010.76986301
220 55 2009.86575342 2010.01643836
221 407 2009.86575342 2010.98082192
222 -198 2010.43835616 2009.89589041
223 11 2010.43835616 2010.46849315
224 -187 2010.43835616 2009.9260274
225 22 2010.43835616 2010.49863014
226 -176 2010.43835616 2009.95616438
227 110 2010.43835616 2010.73972603
228 -165 2010.43835616 2009.98630137
229 121 2010.43835616 2010.76986301
230 -154 2010.43835616 2010.01643836
231 198 2010.43835616 2010.98082192
232 209 2009.89589041 2010.46849315
233 11 2009.89589041 2009.9260274
234 220 2009.89589041 2010.49863014
235 22 2009.89589041 2009.95616438
236 308 2009.89589041 2010.73972603
237 33 2009.89589041 2009.98630137
238 319 2009.89589041 2010.76986301
239 44 2009.89589041 2010.01643836
240 396 2009.89589041 2010.98082192
241 -198 2010.46849315 2009.9260274
242 11 2010.46849315 2010.49863014
243 -187 2010.46849315 2009.95616438
244 99 2010.46849315 2010.73972603
245 -176 2010.46849315 2009.98630137
246 110 2010.46849315 2010.76986301
247 -165 2010.46849315 2010.01643836
248 187 2010.46849315 2010.98082192
249 209 2009.9260274 2010.49863014
250 11 2009.9260274 2009.95616438
251 297 2009.9260274 2010.73972603
252 22 2009.9260274 2009.98630137
253 308 2009.9260274 2010.76986301
254 33 2009.9260274 2010.01643836
255 385 2009.9260274 2010.98082192
256 -198 2010.49863014 2009.95616438
257 88 2010.49863014 2010.73972603
258 -187 2010.49863014 2009.98630137
259 99 2010.49863014 2010.76986301
260 -176 2010.49863014 2010.01643836
261 176 2010.49863014 2010.98082192
262 286 2009.95616438 2010.73972603
263 11 2009.95616438 2009.98630137
264 297 2009.95616438 2010.76986301
265 22 2009.95616438 2010.01643836
266 374 2009.95616438 2010.98082192
267 -275 2010.73972603 2009.98630137
268 11 2010.73972603 2010.76986301
269 -264 2010.73972603 2010.01643836
270 88 2010.73972603 2010.98082192
271 286 2009.98630137 2010.76986301
272 11 2009.98630137 2010.01643836
273 363 2009.98630137 2010.98082192
274 -275 2010.76986301 2010.01643836
275 77 2010.76986301 2010.98082192
276 352 2010.01643836 2010.98082192
