0 11 11 11 11 11 11 11 11 11 11 55 22 0 0 0 0 0 0 0 0 0 0 
-11 0 0 0 0 0 0 0 0 0 0 0 0 0 0 0 0 0 0 0 0 0 0 
0 11 11 11 11 11 11 11 11 11 11 55 0 0 0 0 0 0 0 0 0 0 0 
0 11 0 0 0 0 0 0 0 0 0 0 0 0 0 0 0 0 0 0 0 0 0 
0 11 11 11 11 11 11 11 11 11 11 55 22 22 0 0 0 0 0 0 0 0 0 
0 11 11 0 0 0 0 0 0 0 0 0 0 0 0 0 0 0 0 0 0 0 0 
0 11 11 11 11 11 11 11 11 11 11 55 22 22 11 0 0 0 0 0 0 0 0 
0 11 11 11 0 0 0 0 0 0 0 0 0 0 0 0 0 0 0 0 0 0 0 
0 11 11 11 11 11 11 11 11 11 11 55 22 22 11 22 0 0 0 0 0 0 0 
0 11 11 11 11 0 0 0 0 0 0 0 0 0 0 0 0 0 0 0 0 0 0 
0 11 11 11 11 11 11 11 11 11 11 55 22 22 11 22 11 0 0 0 0 0 0 
0 11 11 11 11 11 0 0 0 0 0 0 0 0 0 0 0 0 0 0 0 0 0 
0 11 11 11 11 11 11 11 11 11 11 55 22 22 11 22 11 11 0 0 0 0 0 
0 11 11 11 11 11 11 0 0 0 0 0 0 0 0 0 0 0 0 0 0 0 0 
0 11 11 11 11 11 11 11 11 11 11 55 22 22 11 22 11 11 11 0 0 0 0 
0 11 11 11 11 11 11 11 0 0 0 0 0 0 0 0 0 0 0 0 0 0 0 
0 11 11 11 11 11 11 11 11 11 11 55 22 22 11 22 11 11 11 11 0 0 0 
0 11 11 11 11 11 11 11 11 0 0 0 0 0 0 0 0 0 0 0 0 0 0 
0 11 11 11 11 11 11 11 11 11 11 55 22 22 11 22 11 11 11 11 88 0 0 
0 11 11 11 11 11 11 11 11 11 0 0 0 0 0 0 0 0 0 0 0 0 0 
0 11 11 11 11 11 11 11 11 11 11 55 22 22 11 22 11 11 11 11 88 11 0 
0 11 11 11 11 11 11 11 11 11 11 0 0 0 0 0 0 0 0 0 0 0 0 
0 11 11 11 11 11 11 11 11 11 11 55 22 22 11 22 11 11 11 11 88 11 77 
-11 -11 -11 -11 -11 -11 -11 -11 -11 -11 -11 -55 -22 0 0 0 0 0 0 0 0 0 0 
0 0 0 0 0 0 0 0 0 0 0 0 -22 0 0 0 0 0 0 0 0 0 0 
0 0 -11 -11 -11 -11 -11 -11 -11 -11 -11 -55 -22 0 0 0 0 0 0 0 0 0 0 
0 0 0 0 0 0 0 0 0 0 0 0 0 22 0 0 0 0 0 0 0 0 0 
0 0 0 -11 -11 -11 -11 -11 -11 -11 -11 -55 -22 0 0 0 0 0 0 0 0 0 0 
0 0 0 0 0 0 0 0 0 0 0 0 0 22 11 0 0 0 0 0 0 0 0 
0 0 0 0 -11 -11 -11 -11 -11 -11 -11 -55 -22 0 0 0 0 0 0 0 0 0 0 
0 0 0 0 0 0 0 0 0 0 0 0 0 22 11 22 0 0 0 0 0 0 0 
0 0 0 0 0 -11 -11 -11 -11 -11 -11 -55 -22 0 0 0 0 0 0 0 0 0 0 
0 0 0 0 0 0 0 0 0 0 0 0 0 22 11 22 11 0 0 0 0 0 0 
0 0 0 0 0 0 -11 -11 -11 -11 -11 -55 -22 0 0 0 0 0 0 0 0 0 0 
0 0 0 0 0 0 0 0 0 0 0 0 0 22 11 22 11 11 0 0 0 0 0 
0 0 0 0 0 0 0 -11 -11 -11 -11 -55 -22 0 0 0 0 0 0 0 0 0 0 
0 0 0 0 0 0 0 0 0 0 0 0 0 22 11 22 11 11 11 0 0 0 0 
0 0 0 0 0 0 0 0 -11 -11 -11 -55 -22 0 0 0 0 0 0 0 0 0 0 
0 0 0 0 0 0 0 0 0 0 0 0 0 22 11 22 11 11 11 11 0 0 0 
0 0 0 0 0 0 0 0 0 -11 -11 -55 -22 0 0 0 0 0 0 0 0 0 0 
0 0 0 0 0 0 0 0 0 0 0 0 0 22 11 22 11 11 11 11 88 0 0 
0 0 0 0 0 0 0 0 0 0 -11 -55 -22 0 0 0 0 0 0 0 0 0 0 
0 0 0 0 0 0 0 0 0 0 0 0 0 22 11 22 11 11 11 11 88 11 0 
0 0 0 0 0 0 0 0 0 0 0 -55 -22 0 0 0 0 0 0 0 0 0 0 
0 0 0 0 0 0 0 0 0 0 0 0 0 22 11 22 11 11 11 11 88 11 77 
11 11 11 11 11 11 11 11 11 11 11 55 0 0 0 0 0 0 0 0 0 0 0 
11 11 0 0 0 0 0 0 0 0 0 0 0 0 0 0 0 0 0 0 0 0 0 
11 11 11 11 11 11 11 11 11 11 11 55 22 22 0 0 0 0 0 0 0 0 0 
11 11 11 0 0 0 0 0 0 0 0 0 0 0 0 0 0 0 0 0 0 0 0 
11 11 11 11 11 11 11 11 11 11 11 55 22 22 11 0 0 0 0 0 0 0 0 
11 11 11 11 0 0 0 0 0 0 0 0 0 0 0 0 0 0 0 0 0 0 0 
11 11 11 11 11 11 11 11 11 11 11 55 22 22 11 22 0 0 0 0 0 0 0 
11 11 11 11 11 0 0 0 0 0 0 0 0 0 0 0 0 0 0 0 0 0 0 
11 11 11 11 11 11 11 11 11 11 11 55 22 22 11 22 11 0 0 0 0 0 0 
11 11 11 11 11 11 0 0 0 0 0 0 0 0 0 0 0 0 0 0 0 0 0 
11 11 11 11 11 11 11 11 11 11 11 55 22 22 11 22 11 11 0 0 0 0 0 
11 11 11 11 11 11 11 0 0 0 0 0 0 0 0 0 0 0 0 0 0 0 0 
11 11 11 11 11 11 11 11 11 11 11 55 22 22 11 22 11 11 11 0 0 0 0 
11 11 11 11 11 11 11 11 0 0 0 0 0 0 0 0 0 0 0 0 0 0 0 
11 11 11 11 11 11 11 11 11 11 11 55 22 22 11 22 11 11 11 11 0 0 0 
11 11 11 11 11 11 11 11 11 0 0 0 0 0 0 0 0 0 0 0 0 0 0 
11 11 11 11 11 11 11 11 11 11 11 55 22 22 11 22 11 11 11 11 88 0 0 
11 11 11 11 11 11 11 11 11 11 0 0 0 0 0 0 0 0 0 0 0 0 0 
11 11 11 11 11 11 11 11 11 11 11 55 22 22 11 22 11 11 11 11 88 11 0 
11 11 11 11 11 11 11 11 11 11 11 0 0 0 0 0 0 0 0 0 0 0 0 
11 11 11 11 11 11 11 11 11 11 11 55 22 22 11 22 11 11 11 11 88 11 77 
0 0 -11 -11 -11 -11 -11 -11 -11 -11 -11 -55 0 0 0 0 0 0 0 0 0 0 0 
0 0 0 0 0 0 0 0 0 0 0 0 22 22 0 0 0 0 0 0 0 0 0 
0 0 0 -11 -11 -11 -11 -11 -11 -11 -11 -55 0 0 0 0 0 0 0 0 0 0 0 
0 0 0 0 0 0 0 0 0 0 0 0 22 22 11 0 0 0 0 0 0 0 0 
0 0 0 0 -11 -11 -11 -11 -11 -11 -11 -55 0 0 0 0 0 0 0 0 0 0 0 
0 0 0 0 0 0 0 0 0 0 0 0 22 22 11 22 0 0 0 0 0 0 0 
0 0 0 0 0 -11 -11 -11 -11 -11 -11 -55 0 0 0 0 0 0 0 0 0 0 0 
0 0 0 0 0 0 0 0 0 0 0 0 22 22 11 22 11 0 0 0 0 0 0 
0 0 0 0 0 0 -11 -11 -11 -11 -11 -55 0 0 0 0 0 0 0 0 0 0 0 
0 0 0 0 0 0 0 0 0 0 0 0 22 22 11 22 11 11 0 0 0 0 0 
0 0 0 0 0 0 0 -11 -11 -11 -11 -55 0 0 0 0 0 0 0 0 0 0 0 
0 0 0 0 0 0 0 0 0 0 0 0 22 22 11 22 11 11 11 0 0 0 0 
0 0 0 0 0 0 0 0 -11 -11 -11 -55 0 0 0 0 0 0 0 0 0 0 0 
0 0 0 0 0 0 0 0 0 0 0 0 22 22 11 22 11 11 11 11 0 0 0 
0 0 0 0 0 0 0 0 0 -11 -11 -55 0 0 0 0 0 0 0 0 0 0 0 
0 0 0 0 0 0 0 0 0 0 0 0 22 22 11 22 11 11 11 11 88 0 0 
0 0 0 0 0 0 0 0 0 0 -11 -55 0 0 0 0 0 0 0 0 0 0 0 
0 0 0 0 0 0 0 0 0 0 0 0 22 22 11 22 11 11 11 11 88 11 0 
0 0 0 0 0 0 0 0 0 0 0 -55 0 0 0 0 0 0 0 0 0 0 0 
0 0 0 0 0 0 0 0 0 0 0 0 22 22 11 22 11 11 11 11 88 11 77 
0 0 11 11 11 11 11 11 11 11 11 55 22 22 0 0 0 0 0 0 0 0 0 
0 0 11 0 0 0 0 0 0 0 0 0 0 0 0 0 0 0 0 0 0 0 0 
0 0 11 11 11 11 11 11 11 11 11 55 22 22 11 0 0 0 0 0 0 0 0 
0 0 11 11 0 0 0 0 0 0 0 0 0 0 0 0 0 0 0 0 0 0 0 
0 0 11 11 11 11 11 11 11 11 11 55 22 22 11 22 0 0 0 0 0 0 0 
0 0 11 11 11 0 0 0 0 0 0 0 0 0 0 0 0 0 0 0 0 0 0 
0 0 11 11 11 11 11 11 11 11 11 55 22 22 11 22 11 0 0 0 0 0 0 
0 0 11 11 11 11 0 0 0 0 0 0 0 0 0 0 0 0 0 0 0 0 0 
0 0 11 11 11 11 11 11 11 11 11 55 22 22 11 22 11 11 0 0 0 0 0 
0 0 11 11 11 11 11 0 0 0 0 0 0 0 0 0 0 0 0 0 0 0 0 
0 0 11 11 11 11 11 11 11 11 11 55 22 22 11 22 11 11 11 0 0 0 0 
0 0 11 11 11 11 11 11 0 0 0 0 0 0 0 0 0 0 0 0 0 0 0 
0 0 11 11 11 11 11 11 11 11 11 55 22 22 11 22 11 11 11 11 0 0 0 
0 0 11 11 11 11 11 11 11 0 0 0 0 0 0 0 0 0 0 0 0 0 0 
0 0 11 11 11 11 11 11 11 11 11 55 22 22 11 22 11 11 11 11 88 0 0 
0 0 11 11 11 11 11 11 11 11 0 0 0 0 0 0 0 0 0 0 0 0 0 
0 0 11 11 11 11 11 11 11 11 11 55 22 22 11 22 11 11 11 11 88 11 0 
0 0 11 11 11 11 11 11 11 11 11 0 0 0 0 0 0 0 0 0 0 0 0 
0 0 11 11 11 11 11 11 11 11 11 55 22 22 11 22 11 11 11 11 88 11 77 
0 0 0 -11 -11 -11 -11 -11 -11 -11 -11 -55 -22 -22 0 0 0 0 0 0 0 0 0 
0 0 0 0 0 0 0 0 0 0 0 0 0 0 11 0 0 0 0 0 0 0 0 
0 0 0 0 -11 -11 -11 -11 -11 -11 -11 -55 -22 -22 0 0 0 0 0 0 0 0 0 
0 0 0 0 0 0 0 0 0 0 0 0 0 0 11 22 0 0 0 0 0 0 0 
0 0 0 0 0 -11 -11 -11 -11 -11 -11 -55 -22 -22 0 0 0 0 0 0 0 0 0 
0 0 0 0 0 0 0 0 0 0 0 0 0 0 11 22 11 0 0 0 0 0 0 
0 0 0 0 0 0 -11 -11 -11 -11 -11 -55 -22 -22 0 0 0 0 0 0 0 0 0 
0 0 0 0 0 0 0 0 0 0 0 0 0 0 11 22 11 11 0 0 0 0 0 
0 0 0 0 0 0 0 -11 -11 -11 -11 -55 -22 -22 0 0 0 0 0 0 0 0 0 
0 0 0 0 0 0 0 0 0 0 0 0 0 0 11 22 11 11 11 0 0 0 0 
0 0 0 0 0 0 0 0 -11 -11 -11 -55 -22 -22 0 0 0 0 0 0 0 0 0 
0 0 0 0 0 0 0 0 0 0 0 0 0 0 11 22 11 11 11 11 0 0 0 
0 0 0 0 0 0 0 0 0 -11 -11 -55 -22 -22 0 0 0 0 0 0 0 0 0 
0 0 0 0 0 0 0 0 0 0 0 0 0 0 11 22 11 11 11 11 88 0 0 
0 0 0 0 0 0 0 0 0 0 -11 -55 -22 -22 0 0 0 0 0 0 0 0 0 
0 0 0 0 0 0 0 0 0 0 0 0 0 0 11 22 11 11 11 11 88 11 0 
0 0 0 0 0 0 0 0 0 0 0 -55 -22 -22 0 0 0 0 0 0 0 0 0 
0 0 0 0 0 0 0 0 0 0 0 0 0 0 11 22 11 11 11 11 88 11 77 
0 0 0 11 11 11 11 11 11 11 11 55 22 22 11 0 0 0 0 0 0 0 0 
0 0 0 11 0 0 0 0 0 0 0 0 0 0 0 0 0 0 0 0 0 0 0 
0 0 0 11 11 11 11 11 11 11 11 55 22 22 11 22 0 0 0 0 0 0 0 
0 0 0 11 11 0 0 0 0 0 0 0 0 0 0 0 0 0 0 0 0 0 0 
0 0 0 11 11 11 11 11 11 11 11 55 22 22 11 22 11 0 0 0 0 0 0 
0 0 0 11 11 11 0 0 0 0 0 0 0 0 0 0 0 0 0 0 0 0 0 
0 0 0 11 11 11 11 11 11 11 11 55 22 22 11 22 11 11 0 0 0 0 0 
0 0 0 11 11 11 11 0 0 0 0 0 0 0 0 0 0 0 0 0 0 0 0 
0 0 0 11 11 11 11 11 11 11 11 55 22 22 11 22 11 11 11 0 0 0 0 
0 0 0 11 11 11 11 11 0 0 0 0 0 0 0 0 0 0 0 0 0 0 0 
0 0 0 11 11 11 11 11 11 11 11 55 22 22 11 22 11 11 11 11 0 0 0 
0 0 0 11 11 11 11 11 11 0 0 0 0 0 0 0 0 0 0 0 0 0 0 
0 0 0 11 11 11 11 11 11 11 11 55 22 22 11 22 11 11 11 11 88 0 0 
0 0 0 11 11 11 11 11 11 11 0 0 0 0 0 0 0 0 0 0 0 0 0 
0 0 0 11 11 11 11 11 11 11 11 55 22 22 11 22 11 11 11 11 88 11 0 
0 0 0 11 11 11 11 11 11 11 11 0 0 0 0 0 0 0 0 0 0 0 0 
0 0 0 11 11 11 11 11 11 11 11 55 22 22 11 22 11 11 11 11 88 11 77 
0 0 0 0 -11 -11 -11 -11 -11 -11 -11 -55 -22 -22 -11 0 0 0 0 0 0 0 0 
0 0 0 0 0 0 0 0 0 0 0 0 0 0 0 22 0 0 0 0 0 0 0 
0 0 0 0 0 -11 -11 -11 -11 -11 -11 -55 -22 -22 -11 0 0 0 0 0 0 0 0 
0 0 0 0 0 0 0 0 0 0 0 0 0 0 0 22 11 0 0 0 0 0 0 
0 0 0 0 0 0 -11 -11 -11 -11 -11 -55 -22 -22 -11 0 0 0 0 0 0 0 0 
0 0 0 0 0 0 0 0 0 0 0 0 0 0 0 22 11 11 0 0 0 0 0 
0 0 0 0 0 0 0 -11 -11 -11 -11 -55 -22 -22 -11 0 0 0 0 0 0 0 0 
0 0 0 0 0 0 0 0 0 0 0 0 0 0 0 22 11 11 11 0 0 0 0 
0 0 0 0 0 0 0 0 -11 -11 -11 -55 -22 -22 -11 0 0 0 0 0 0 0 0 
0 0 0 0 0 0 0 0 0 0 0 0 0 0 0 22 11 11 11 11 0 0 0 
0 0 0 0 0 0 0 0 0 -11 -11 -55 -22 -22 -11 0 0 0 0 0 0 0 0 
0 0 0 0 0 0 0 0 0 0 0 0 0 0 0 22 11 11 11 11 88 0 0 
0 0 0 0 0 0 0 0 0 0 -11 -55 -22 -22 -11 0 0 0 0 0 0 0 0 
0 0 0 0 0 0 0 0 0 0 0 0 0 0 0 22 11 11 11 11 88 11 0 
0 0 0 0 0 0 0 0 0 0 0 -55 -22 -22 -11 0 0 0 0 0 0 0 0 
0 0 0 0 0 0 0 0 0 0 0 0 0 0 0 22 11 11 11 11 88 11 77 
0 0 0 0 11 11 11 11 11 11 11 55 22 22 11 22 0 0 0 0 0 0 0 
0 0 0 0 11 0 0 0 0 0 0 0 0 0 0 0 0 0 0 0 0 0 0 
0 0 0 0 11 11 11 11 11 11 11 55 22 22 11 22 11 0 0 0 0 0 0 
0 0 0 0 11 11 0 0 0 0 0 0 0 0 0 0 0 0 0 0 0 0 0 
0 0 0 0 11 11 11 11 11 11 11 55 22 22 11 22 11 11 0 0 0 0 0 
0 0 0 0 11 11 11 0 0 0 0 0 0 0 0 0 0 0 0 0 0 0 0 
0 0 0 0 11 11 11 11 11 11 11 55 22 22 11 22 11 11 11 0 0 0 0 
0 0 0 0 11 11 11 11 0 0 0 0 0 0 0 0 0 0 0 0 0 0 0 
0 0 0 0 11 11 11 11 11 11 11 55 22 22 11 22 11 11 11 11 0 0 0 
0 0 0 0 11 11 11 11 11 0 0 0 0 0 0 0 0 0 0 0 0 0 0 
0 0 0 0 11 11 11 11 11 11 11 55 22 22 11 22 11 11 11 11 88 0 0 
0 0 0 0 11 11 11 11 11 11 0 0 0 0 0 0 0 0 0 0 0 0 0 
0 0 0 0 11 11 11 11 11 11 11 55 22 22 11 22 11 11 11 11 88 11 0 
0 0 0 0 11 11 11 11 11 11 11 0 0 0 0 0 0 0 0 0 0 0 0 
0 0 0 0 11 11 11 11 11 11 11 55 22 22 11 22 11 11 11 11 88 11 77 
0 0 0 0 0 -11 -11 -11 -11 -11 -11 -55 -22 -22 -11 -22 0 0 0 0 0 0 0 
0 0 0 0 0 0 0 0 0 0 0 0 0 0 0 0 11 0 0 0 0 0 0 
0 0 0 0 0 0 -11 -11 -11 -11 -11 -55 -22 -22 -11 -22 0 0 0 0 0 0 0 
0 0 0 0 0 0 0 0 0 0 0 0 0 0 0 0 11 11 0 0 0 0 0 
0 0 0 0 0 0 0 -11 -11 -11 -11 -55 -22 -22 -11 -22 0 0 0 0 0 0 0 
0 0 0 0 0 0 0 0 0 0 0 0 0 0 0 0 11 11 11 0 0 0 0 
0 0 0 0 0 0 0 0 -11 -11 -11 -55 -22 -22 -11 -22 0 0 0 0 0 0 0 
0 0 0 0 0 0 0 0 0 0 0 0 0 0 0 0 11 11 11 11 0 0 0 
0 0 0 0 0 0 0 0 0 -11 -11 -55 -22 -22 -11 -22 0 0 0 0 0 0 0 
0 0 0 0 0 0 0 0 0 0 0 0 0 0 0 0 11 11 11 11 88 0 0 
0 0 0 0 0 0 0 0 0 0 -11 -55 -22 -22 -11 -22 0 0 0 0 0 0 0 
0 0 0 0 0 0 0 0 0 0 0 0 0 0 0 0 11 11 11 11 88 11 0 
0 0 0 0 0 0 0 0 0 0 0 -55 -22 -22 -11 -22 0 0 0 0 0 0 0 
0 0 0 0 0 0 0 0 0 0 0 0 0 0 0 0 11 11 11 11 88 11 77 
0 0 0 0 0 11 11 11 11 11 11 55 22 22 11 22 11 0 0 0 0 0 0 
0 0 0 0 0 11 0 0 0 0 0 0 0 0 0 0 0 0 0 0 0 0 0 
0 0 0 0 0 11 11 11 11 11 11 55 22 22 11 22 11 11 0 0 0 0 0 
0 0 0 0 0 11 11 0 0 0 0 0 0 0 0 0 0 0 0 0 0 0 0 
0 0 0 0 0 11 11 11 11 11 11 55 22 22 11 22 11 11 11 0 0 0 0 
0 0 0 0 0 11 11 11 0 0 0 0 0 0 0 0 0 0 0 0 0 0 0 
0 0 0 0 0 11 11 11 11 11 11 55 22 22 11 22 11 11 11 11 0 0 0 
0 0 0 0 0 11 11 11 11 0 0 0 0 0 0 0 0 0 0 0 0 0 0 
0 0 0 0 0 11 11 11 11 11 11 55 22 22 11 22 11 11 11 11 88 0 0 
0 0 0 0 0 11 11 11 11 11 0 0 0 0 0 0 0 0 0 0 0 0 0 
0 0 0 0 0 11 11 11 11 11 11 55 22 22 11 22 11 11 11 11 88 11 0 
0 0 0 0 0 11 11 11 11 11 11 0 0 0 0 0 0 0 0 0 0 0 0 
0 0 0 0 0 11 11 11 11 11 11 55 22 22 11 22 11 11 11 11 88 11 77 
0 0 0 0 0 0 -11 -11 -11 -11 -11 -55 -22 -22 -11 -22 -11 0 0 0 0 0 0 
0 0 0 0 0 0 0 0 0 0 0 0 0 0 0 0 0 11 0 0 0 0 0 
0 0 0 0 0 0 0 -11 -11 -11 -11 -55 -22 -22 -11 -22 -11 0 0 0 0 0 0 
0 0 0 0 0 0 0 0 0 0 0 0 0 0 0 0 0 11 11 0 0 0 0 
0 0 0 0 0 0 0 0 -11 -11 -11 -55 -22 -22 -11 -22 -11 0 0 0 0 0 0 
0 0 0 0 0 0 0 0 0 0 0 0 0 0 0 0 0 11 11 11 0 0 0 
0 0 0 0 0 0 0 0 0 -11 -11 -55 -22 -22 -11 -22 -11 0 0 0 0 0 0 
0 0 0 0 0 0 0 0 0 0 0 0 0 0 0 0 0 11 11 11 88 0 0 
0 0 0 0 0 0 0 0 0 0 -11 -55 -22 -22 -11 -22 -11 0 0 0 0 0 0 
0 0 0 0 0 0 0 0 0 0 0 0 0 0 0 0 0 11 11 11 88 11 0 
0 0 0 0 0 0 0 0 0 0 0 -55 -22 -22 -11 -22 -11 0 0 0 0 0 0 
0 0 0 0 0 0 0 0 0 0 0 0 0 0 0 0 0 11 11 11 88 11 77 
0 0 0 0 0 0 11 11 11 11 11 55 22 22 11 22 11 11 0 0 0 0 0 
0 0 0 0 0 0 11 0 0 0 0 0 0 0 0 0 0 0 0 0 0 0 0 
0 0 0 0 0 0 11 11 11 11 11 55 22 22 11 22 11 11 11 0 0 0 0 
0 0 0 0 0 0 11 11 0 0 0 0 0 0 0 0 0 0 0 0 0 0 0 
0 0 0 0 0 0 11 11 11 11 11 55 22 22 11 22 11 11 11 11 0 0 0 
0 0 0 0 0 0 11 11 11 0 0 0 0 0 0 0 0 0 0 0 0 0 0 
0 0 0 0 0 0 11 11 11 11 11 55 22 22 11 22 11 11 11 11 88 0 0 
0 0 0 0 0 0 11 11 11 11 0 0 0 0 0 0 0 0 0 0 0 0 0 
0 0 0 0 0 0 11 11 11 11 11 55 22 22 11 22 11 11 11 11 88 11 0 
0 0 0 0 0 0 11 11 11 11 11 0 0 0 0 0 0 0 0 0 0 0 0 
0 0 0 0 0 0 11 11 11 11 11 55 22 22 11 22 11 11 11 11 88 11 77 
0 0 0 0 0 0 0 -11 -11 -11 -11 -55 -22 -22 -11 -22 -11 -11 0 0 0 0 0 
0 0 0 0 0 0 0 0 0 0 0 0 0 0 0 0 0 0 11 0 0 0 0 
0 0 0 0 0 0 0 0 -11 -11 -11 -55 -22 -22 -11 -22 -11 -11 0 0 0 0 0 
0 0 0 0 0 0 0 0 0 0 0 0 0 0 0 0 0 0 11 11 0 0 0 
0 0 0 0 0 0 0 0 0 -11 -11 -55 -22 -22 -11 -22 -11 -11 0 0 0 0 0 
0 0 0 0 0 0 0 0 0 0 0 0 0 0 0 0 0 0 11 11 88 0 0 
0 0 0 0 0 0 0 0 0 0 -11 -55 -22 -22 -11 -22 -11 -11 0 0 0 0 0 
0 0 0 0 0 0 0 0 0 0 0 0 0 0 0 0 0 0 11 11 88 11 0 
0 0 0 0 0 0 0 0 0 0 0 -55 -22 -22 -11 -22 -11 -11 0 0 0 0 0 
0 0 0 0 0 0 0 0 0 0 0 0 0 0 0 0 0 0 11 11 88 11 77 
0 0 0 0 0 0 0 11 11 11 11 55 22 22 11 22 11 11 11 0 0 0 0 
0 0 0 0 0 0 0 11 0 0 0 0 0 0 0 0 0 0 0 0 0 0 0 
0 0 0 0 0 0 0 11 11 11 11 55 22 22 11 22 11 11 11 11 0 0 0 
0 0 0 0 0 0 0 11 11 0 0 0 0 0 0 0 0 0 0 0 0 0 0 
0 0 0 0 0 0 0 11 11 11 11 55 22 22 11 22 11 11 11 11 88 0 0 
0 0 0 0 0 0 0 11 11 11 0 0 0 0 0 0 0 0 0 0 0 0 0 
0 0 0 0 0 0 0 11 11 11 11 55 22 22 11 22 11 11 11 11 88 11 0 
0 0 0 0 0 0 0 11 11 11 11 0 0 0 0 0 0 0 0 0 0 0 0 
0 0 0 0 0 0 0 11 11 11 11 55 22 22 11 22 11 11 11 11 88 11 77 
0 0 0 0 0 0 0 0 -11 -11 -11 -55 -22 -22 -11 -22 -11 -11 -11 0 0 0 0 
0 0 0 0 0 0 0 0 0 0 0 0 0 0 0 0 0 0 0 11 0 0 0 
0 0 0 0 0 0 0 0 0 -11 -11 -55 -22 -22 -11 -22 -11 -11 -11 0 0 0 0 
0 0 0 0 0 0 0 0 0 0 0 0 0 0 0 0 0 0 0 11 88 0 0 
0 0 0 0 0 0 0 0 0 0 -11 -55 -22 -22 -11 -22 -11 -11 -11 0 0 0 0 
0 0 0 0 0 0 0 0 0 0 0 0 0 0 0 0 0 0 0 11 88 11 0 
0 0 0 0 0 0 0 0 0 0 0 -55 -22 -22 -11 -22 -11 -11 -11 0 0 0 0 
0 0 0 0 0 0 0 0 0 0 0 0 0 0 0 0 0 0 0 11 88 11 77 
0 0 0 0 0 0 0 0 11 11 11 55 22 22 11 22 11 11 11 11 0 0 0 
0 0 0 0 0 0 0 0 11 0 0 0 0 0 0 0 0 0 0 0 0 0 0 
0 0 0 0 0 0 0 0 11 11 11 55 22 22 11 22 11 11 11 11 88 0 0 
0 0 0 0 0 0 0 0 11 11 0 0 0 0 0 0 0 0 0 0 0 0 0 
0 0 0 0 0 0 0 0 11 11 11 55 22 22 11 22 11 11 11 11 88 11 0 
0 0 0 0 0 0 0 0 11 11 11 0 0 0 0 0 0 0 0 0 0 0 0 
0 0 0 0 0 0 0 0 11 11 11 55 22 22 11 22 11 11 11 11 88 11 77 
0 0 0 0 0 0 0 0 0 -11 -11 -55 -22 -22 -11 -22 -11 -11 -11 -11 0 0 0 
0 0 0 0 0 0 0 0 0 0 0 0 0 0 0 0 0 0 0 0 88 0 0 
0 0 0 0 0 0 0 0 0 0 -11 -55 -22 -22 -11 -22 -11 -11 -11 -11 0 0 0 
0 0 0 0 0 0 0 0 0 0 0 0 0 0 0 0 0 0 0 0 88 11 0 
0 0 0 0 0 0 0 0 0 0 0 -55 -22 -22 -11 -22 -11 -11 -11 -11 0 0 0 
0 0 0 0 0 0 0 0 0 0 0 0 0 0 0 0 0 0 0 0 88 11 77 
0 0 0 0 0 0 0 0 0 11 11 55 22 22 11 22 11 11 11 11 88 0 0 
0 0 0 0 0 0 0 0 0 11 0 0 0 0 0 0 0 0 0 0 0 0 0 
0 0 0 0 0 0 0 0 0 11 11 55 22 22 11 22 11 11 11 11 88 11 0 
0 0 0 0 0 0 0 0 0 11 11 0 0 0 0 0 0 0 0 0 0 0 0 
0 0 0 0 0 0 0 0 0 11 11 55 22 22 11 22 11 11 11 11 88 11 77 
0 0 0 0 0 0 0 0 0 0 -11 -55 -22 -22 -11 -22 -11 -11 -11 -11 -88 0 0 
0 0 0 0 0 0 0 0 0 0 0 0 0 0 0 0 0 0 0 0 0 11 0 
0 0 0 0 0 0 0 0 0 0 0 -55 -22 -22 -11 -22 -11 -11 -11 -11 -88 0 0 
0 0 0 0 0 0 0 0 0 0 0 0 0 0 0 0 0 0 0 0 0 11 77 
0 0 0 0 0 0 0 0 0 0 11 55 22 22 11 22 11 11 11 11 88 11 0 
0 0 0 0 0 0 0 0 0 0 11 0 0 0 0 0 0 0 0 0 0 0 0 
0 0 0 0 0 0 0 0 0 0 11 55 22 22 11 22 11 11 11 11 88 11 77 
0 0 0 0 0 0 0 0 0 0 0 -55 -22 -22 -11 -22 -11 -11 -11 -11 -88 -11 0 
0 0 0 0 0 0 0 0 0 0 0 0 0 0 0 0 0 0 0 0 0 0 77 
0 0 0 0 0 0 0 0 0 0 0 55 22 22 11 22 11 11 11 11 88 11 77 
