         -30  4.6670373E+28
         -29  4.9733414E+28
         -28  5.4333169E+28
         -27  4.9618632E+28
         -26  5.5226985E+28
         -25  5.8173997E+28
         -24  5.2169418E+28
         -23  6.0606219E+28
         -22  6.2168458E+28
         -21  6.0713152E+28
         -20  6.8883351E+28
         -19  6.8765646E+28
         -18  7.4728210E+28
         -17  7.5484974E+28
         -16  7.4110411E+28
         -15  8.4390408E+28
         -14  8.4416645E+28
         -13  9.2093957E+28
         -12  9.4258293E+28
         -11  1.0177652E+29
         -10  1.1457158E+29
          -9  1.1456462E+29
          -8  1.2986457E+29
          -7  1.2897875E+29
          -6  1.4849799E+29
          -5  1.6952846E+29
          -4  1.8883799E+29
          -3  2.3588910E+29
          -2  2.4504341E+29
          -1  3.1031768E+29
           0  4.6451116E+29
           1  6.7838699E+29
           2  6.6240227E+29
           3  4.7118265E+29
           4  3.4818280E+29
           5  2.5765077E+29
           6  2.1852764E+29
           7  1.7578176E+29
           8  1.6184404E+29
           9  1.5147071E+29
          10  1.3426938E+29
          11  1.3166350E+29
          12  1.1094456E+29
          13  1.0685461E+29
          14  1.0072689E+29
          15  9.7140864E+28
          16  9.3049641E+28
          17  8.3978419E+28
          18  8.1707915E+28
          19  7.7431567E+28
          20  7.5582354E+28
          21  6.8374427E+28
          22  6.6925907E+28
          23  6.9782901E+28
          24  6.2658007E+28
          25  6.4102975E+28
          26  6.0809927E+28
          27  5.7159595E+28
          28  6.0500716E+28
          29  5.3585221E+28
          30  5.3621697E+28
