   4722117.    
   4298691.    
   2036376.    
   1234441.    
   4042876.    
   4910387.    
   3179362.    
   414083.2    
   3890881.    
   5051432.    
   2924011.    
   1298970.    
   4725315.    
   4685617.    
   932809.9    
   3715380.    
   5311191.    
   2188218.    
   3079866.    
   5522804.    
   2470448.    
   3263804.    
   5634776.    
   1745768.    
   4293621.    
   5353820.    
   208404.8    
   5672066.    
   3793242.    
   3320665.    
   5979879.    
   64669.50    
   6129369.    
   3114226.    
   4897300.    
   5231181.    
   3111565.    
   6409392.    
   1388601.    
   6941808.    
   72096.89    
   7168807.    
   724461.9    
   7349163.    
   914223.2    
   7605440.    
   452031.7    
   7904627.    
   739754.6    
   8026530.    
   2685227.    
   7544405.    
   5239931.    
   5876565.    
   7852922.    
   2516097.    
   9398687.    
   2473540.    
   8320537.    
   7773192.    
   3470933.    
  1.0552004E+07
   4300848.    
   7604207.    
  1.0816377E+07
   1494728.    
   9960244.    
  1.1048307E+07
   532492.6    
  1.1085959E+07
  1.2398471E+07
   2062437.    
  1.0743885E+07
  1.4896803E+07
   6806428.    
   7282990.    
  1.6685894E+07
  1.4440251E+07
   1883569.    
  1.2953411E+07
  2.0644790E+07
  1.6394354E+07
   2294430.    
  1.4555747E+07
  2.5472618E+07
  2.5021220E+07
  1.2823484E+07
   6814900.    
  2.6329462E+07
  3.8782372E+07
  3.9241764E+07
  2.6270010E+07
   3702609.    
  3.1130340E+07
  6.5716892E+07
  9.8074032E+07
  1.2489338E+08
  1.4633618E+08
  1.9294197E+08
  1.0603363E+09
  1.9294195E+08
  1.4633610E+08
  1.2489342E+08
  9.8074064E+07
  6.5716904E+07
  3.1130304E+07
   3702595.    
  2.6270008E+07
  3.9241780E+07
  3.8782352E+07
  2.6329474E+07
   6814864.    
  1.2823505E+07
  2.5021212E+07
  2.5472586E+07
  1.4555728E+07
   2294434.    
  1.6394371E+07
  2.0644788E+07
  1.2953411E+07
   1883577.    
  1.4440274E+07
  1.6685907E+07
   7282991.    
   6806418.    
  1.4896806E+07
  1.0743892E+07
   2062403.    
  1.2398474E+07
  1.1085976E+07
   532493.9    
  1.1048268E+07
   9960276.    
   1494715.    
  1.0816370E+07
   7604218.    
   4300834.    
  1.0551990E+07
   3470957.    
   7773187.    
   8320538.    
   2473522.    
   9398681.    
  1.0885502E+07
   7835772.    
  1.4071744E+07
  2.5613858E+07
  2.4227632E+07
   6625890.    
   8520068.    
   9324939.    
   8853602.    
  1.7383712E+07
  2.0593214E+07
   4474242.    
  1.4514933E+07
  1.5612147E+07
   8912453.    
   9594230.    
   5438651.    
  1.3039045E+07
  2.1613266E+07
   6835099.    
   6681364.    
   6931686.    
  1.0886253E+07
  1.2362737E+07
   5940238.    
  1.9410310E+07
   6656035.    
   5725416.    
   6376641.    
  1.1116185E+07
   4847613.    
  1.5558854E+07
  1.2092084E+07
   7200958.    
   8388086.    
   5845220.    
   954463.9    
  1.4917713E+07
   6133888.    
  1.4264574E+07
   6048784.    
   3857388.    
   6620013.    
   7766691.    
  1.0925501E+07
  1.0204010E+07
  1.1607169E+07
   5695909.    
   3025187.    
   7212158.    
   3951875.    
  1.4444772E+07
   640766.4    
  1.2233292E+07
   3068748.    
   5336694.    
   4320337.    
  1.0745899E+07
   1794130.    
  1.3643749E+07
   6621833.    
   5020619.    
   1811113.    
   8277123.    
   5802858.    
   7626093.    
  1.3200074E+07
   4416801.    
   4738427.    
   1528441.    
   8212583.    
   9906776.    
   317169.2    
   9423445.    
   8779511.    
   175497.0    
   5464756.    
   1363918.    
   8023796.    
  1.3085476E+07
   9257442.    
   768781.4    
   4377351.    
   1832032.    
   5786859.    
  1.2001652E+07
  1.2108006E+07
   6418856.    
   688215.5    
   4329905.    
   2480396.    
   3270175.    
   9165775.    
  1.1772867E+07
   9744492.    
   4145728.    
   2484667.    
   7546411.    
   9487080.    
   8197008.    
   4723811.    
   614030.6    
   2753981.    
   4581617.    
   4751464.    
   3650805.    
   1876024.    
   48571.79    
   1832915.    
   3430006.    
   4909098.    
   6272098.    
   7303566.    
   7550872.    
   6479833.    
   3771131.    
   370390.8    
   5070672.    
   8989566.    
  1.0853088E+07
  1.0152351E+07
   7599941.    
   4962210.    
   4157336.    
   6026268.    
   9578735.    
  1.2416512E+07
  1.2362084E+07
   9268202.    
   5494187.    
   4255429.    
   6833407.    
  1.1063389E+07
  1.2881871E+07
  1.0137930E+07
   5074557.    
   2428891.    
   4343454.    
   7519828.    
   6401104.    
   155762.7    
   6787403.    
   7770678.    
   4523409.    
   4044210.    
   8969159.    
  1.2776314E+07
   8377584.    
   879809.2    
   5162005.    
   3151451.    
   3781354.    
  1.0291203E+07
  1.2618145E+07
   3719859.    
   6573527.    
   7150171.    
   4464423.    
   7981876.    
   9166713.    
   2171280.    
  1.3280024E+07
   9341072.    
   1275346.    
   900936.4    
   3058099.    
  1.3375872E+07
   9482848.    
   7404767.    
  1.0969421E+07
   3808477.    
   3325933.    
   2644421.    
  1.5090690E+07
   6345993.    
  1.2067127E+07
   8684013.    
   925966.8    
   1022872.    
  1.2051764E+07
   8657098.    
  1.4206091E+07
  1.0454364E+07
   5863933.    
   5459427.    
   8550833.    
   1837318.    
  1.8656862E+07
   2876469.    
  1.5367315E+07
   1120096.    
   4058549.    
  1.1186377E+07
   1507992.    
  2.0396786E+07
   8585419.    
  1.3130201E+07
   4883782.    
   6553382.    
   8888807.    
  1.8269076E+07
   3605569.    
  2.1679710E+07
   8014882.    
   7726700.    
   3594980.    
  1.6299653E+07
   1160397.    
  2.3395776E+07
  2.0621036E+07
   2490195.    
   8193023.    
   9203780.    
  1.8797354E+07
   4947079.    
  1.6641071E+07
  1.5546347E+07
   6941877.    
  2.1103968E+07
   8601672.    
  1.5208399E+07
  2.1632734E+07
   2989462.    
  1.9920514E+07
  2.2096612E+07
   1064966.    
  2.2171930E+07
  2.4796930E+07
   4124857.    
  2.1487770E+07
  2.9793622E+07
  1.3612830E+07
  1.4565989E+07
  3.3371804E+07
  2.8880520E+07
   3767115.    
  2.5906804E+07
  4.1289608E+07
  3.2788712E+07
   4588810.    
  2.9111454E+07
  5.0945208E+07
  5.0042424E+07
  2.5646944E+07
  1.3629765E+07
  5.2658952E+07
  7.7564736E+07
  7.8483536E+07
  5.2540064E+07
   7405161.    
  6.2260676E+07
  1.3143382E+08
  1.9614808E+08
  2.4978682E+08
  2.9267226E+08
  3.8588390E+08
  2.1206726E+09
  3.8588394E+08
  2.9267226E+08
  2.4978680E+08
  1.9614808E+08
  1.3143382E+08
  6.2260648E+07
   7405166.    
  5.2540020E+07
  7.8483544E+07
  7.7564720E+07
  5.2658960E+07
  1.3629770E+07
  2.5646970E+07
  5.0042416E+07
  5.0945208E+07
  2.9111494E+07
   4588836.    
  3.2788760E+07
  4.1289572E+07
  2.5906796E+07
   3767129.    
  2.8880528E+07
  3.3371792E+07
  1.4565986E+07
  1.3612837E+07
  2.9793610E+07
  2.1487800E+07
   4124857.    
  2.4796948E+07
  2.2171942E+07
   1064997.    
  2.2096544E+07
  1.9920510E+07
   2989458.    
  2.1632700E+07
  1.5208364E+07
   8601658.    
  2.1103972E+07
   6941870.    
  1.5546372E+07
  1.6641085E+07
   4947100.    
  1.8797346E+07
   5032219.    
  1.5705864E+07
  1.1753097E+07
  1.0479852E+07
  1.5088795E+07
   5370426.    
  1.6053035E+07
   1479508.    
  1.5809182E+07
   904053.6    
  1.5210842E+07
   1828442.    
  1.4698310E+07
   1448866.    
  1.4337595E+07
   144171.8    
  1.3883632E+07
   2777175.    
  1.2818783E+07
   6223162.    
  1.0462381E+07
   9794588.    
   6228486.    
  1.2258735E+07
   129242.2    
  1.1959719E+07
   6641349.    
   7586483.    
  1.1344120E+07
   416825.4    
  1.0707664E+07
   8587257.    
   3491610.    
  1.1269541E+07
   6527590.    
   4940844.    
  1.1045590E+07
   6159727.    
   4376371.    
  1.0622367E+07
   7430745.    
   1865564.    
   9371211.    
   9450587.    
   2597932.    
   5847997.    
  1.0102829E+07
   7781745.    
   828185.1    
   6358711.    
   9820767.    
   8085748.    
   2468932.    
   4072804.    
   8597432.    
   9444239.    
   6653639.    
   1604937.    
   3763769.    
   7734135.    
   9307826.    
   8341045.    
   5383947.    
   1367210.    
   2723238.    
   6088032.    
   8239018.    
   9014337.    
   8518436.    
   7026626.    
   4887996.    
   2447717.    
   8448.851    
   2254079.    
   4175150.    
   5710308.    
   6859248.    
   7659342.    
   8168770.    
   8453946.    
   8580397.    
   8606436.    
   8579688.    
   8536146.    
   8499868.    
   8482626.    
   8484263.    
   8492589.    
   8484048.    
   8423573.    
   8265059.    
   7953167.    
   7426255.    
   6622613.    
   5490027.    
   3997162.    
   2148724.    
   3014.373    
   2315134.    
   4603246.    
   6588902.    
   7953747.    
   8381171.    
   7627564.    
   5611455.    
   2498313.    
   1250687.    
   4899980.    
   7557181.    
   8395335.    
   6944368.    
   3363425.    
   1429423.    
   5895499.    
   8329609.    
   7547796.    
   3558865.    
   2147296.    
   6999830.    
   8462072.    
   5453156.    
   706752.0    
   6609304.    
   8538696.    
   4918311.    
   2173246.    
   7867289.    
   7761844.    
   1537505.    
   6090400.    
   8661094.    
   3549338.    
   4969287.    
   8861106.    
   3941241.    
   5177967.    
   8888278.    
   2737615.    
   6693904.    
   8297595.    
   319140.3    
   8684773.    
   5771440.    
   5020613.    
   8982931.    
   90387.21    
   9086198.    
   4585668.    
   7161075.    
   7595307.    
   4485349.    
   9171515.    
   1971943.    
   9784154.    
   88868.78    
   9946192.    
   995568.9    
  1.0029563E+07
   1234882.    
  1.0202354E+07
   597372.6    
  1.0413274E+07
   964034.0    
  1.0373899E+07
   3435988.    
   9557420.    
   6568816.    
   7288932.    
   9633077.    
   3050341.    
  1.1265565E+07
   2927586.    
   9730166.    
   8972204.    
   3952691.    
  1.1853531E+07
   4761291.    
   8296021.    
  1.1620136E+07
   1575110.    
  1.0354784E+07
  1.1288343E+07
   511404.8    
  1.0912650E+07
  1.1965097E+07
   1942201.    
   9933634.    
  1.3463965E+07
   6002751.    
   6260045.    
  1.3969081E+07
  1.1748873E+07
   1461130.    
   9898821.    
  1.5246645E+07
  1.1667144E+07
   1524258.    
   9536851.    
  1.5944065E+07
  1.4890832E+07
   7206924.    
   3563908.    
  1.3043414E+07
  1.7835088E+07
  1.6578397E+07
  1.0044715E+07
   500122.9    
   9251106.    
  1.6747907E+07
  2.0435674E+07
  1.9846590E+07
  1.5460897E+07
   8388540.    
   17.72502    
   34.07787    
   13.57359    
   42.89225    
   10.66127    
   7.390982    
   13.14719    
   43.33824    
   6.945255    
   17.60912    
   16.45210    
   18.92435    
   12.18677    
   24.32437    
   10.53563    
   32.20687    
   17.52738    
   23.20121    
   13.38657    
   34.78740    
   10.07901    
   30.17839    
   4.227697    
   48.47308    
   7.548274    
   20.27168    
   20.85081    
   20.35855    
  0.5863448    
   14.45528    
   15.31297    
   32.25166    
   6.183401    
   7.574454    
   10.89815    
   31.00842    
   28.66719    
   19.76655    
   10.37178    
   12.13217    
   13.25427    
   25.56287    
   7.614513    
   3.173873    
   20.58817    
   11.90340    
   13.14969    
   20.24080    
   12.97026    
   24.57894    
   11.21529    
   31.04379    
   8.212804    
   14.84246    
   12.02902    
   8.850604    
   15.41652    
   1.977155    
   19.39112    
   18.57174    
   13.64531    
   11.65179    
   17.67086    
   24.24904    
   10.80901    
   12.35237    
   17.17274    
   13.92901    
   15.84667    
   10.11679    
   14.65128    
   12.23127    
   2.639475    
   15.31653    
   14.27774    
   15.90843    
   24.88640    
   27.38845    
   12.43225    
   13.33123    
   10.90245    
   32.98484    
   11.74812    
   26.44149    
   10.44413    
   7.421887    
   1.925431    
   16.43706    
   17.17867    
   31.98286    
   20.31590    
   19.19411    
   18.31753    
   6.255794    
   11.24835    
   32.24882    
   17.42532    
   15.27728    
   13.03488    
   32.77297    
   17.22856    
   20.45933    
   22.07017    
   9.405018    
   9.858735    
   11.32980    
   28.64648    
   20.44478    
   4.901827    
   2.072657    
   13.35806    
   15.19357    
   15.47958    
   4.632535    
   31.57807    
   11.93262    
   14.49266    
   7.044349    
   16.07792    
   7.980868    
   6.565620    
   12.78414    
   5.352246    
   12.26595    
   10.50845    
   19.50947    
   17.86248    
   6.041998    
   7.904739    
   39.38454    
   13.00172    
   40.01981    
   22.48455    
   8.977366    
   4.315806    
   15.01670    
   15.16740    
   2.150510    
   21.30680    
   12.15609    
   16.81382    
   18.35919    
   2.001062    
   13.85112    
   13.66240    
   15.65187    
   13.59828    
   16.54762    
   5.589070    
   13.90943    
   25.27578    
   33.96937    
   13.75323    
   8.205401    
   15.15090    
   23.13996    
   6.050684    
   15.96557    
   13.56826    
   44.99699    
   14.87078    
   1.632979    
   8.627547    
   28.48513    
   1.544759    
   8.228066    
   15.65006    
   18.35505    
   15.50788    
   16.70078    
   11.35911    
   8.728359    
   8.315150    
   1.925148    
   28.84754    
   10.79927    
   4.368422    
   38.35730    
   5.566700    
   14.73226    
   5.097740    
   15.65474    
   4.854983    
   8.805243    
   4.720313    
   17.45214    
   7.088775    
   4.769691    
   8.978669    
   23.04818    
   17.15178    
   36.94107    
   22.15217    
   18.50863    
   10.54483    
   29.37466    
   27.76887    
   19.21054    
   8.612493    
   12.02047    
   14.89097    
   5.530806    
   15.01587    
   25.38710    
   3.992920    
   7.383818    
   9.607209    
   12.27432    
   14.44361    
   47.37983    
   4.210227    
   73.81576    
   7.652614    
   20.84017    
   26.05403    
   14.08013    
   15.97117    
   12.29010    
   1.767767    
   2.795085    
   10.51190    
   4.945010    
   22.26974    
   14.60148    
   10.42608    
   8.326351    
   16.85091    
   13.62622    
   13.74148    
   10.15197    
   11.33578    
   8.147685    
   23.59158    
   3.716517    
   11.14955    
   12.41927    
   6.209871    
   8.832645    
   7.938300    
   21.33256    
   12.31107    
   22.00162    
   10.12423    
   10.75291    
   12.42359    
   10.62500    
   12.10372    
   13.50926    
   9.750000    
   9.113274    
   4.548781    
   2.648703    
   8.014148    
   9.878164    
   25.57688    
   38.26389    
   11.65386    
   19.71556    
   3.226477    
   13.26297    
   13.75284    
   15.28525    
   12.37200    
   8.743148    
   5.427073    
   15.90788    
   5.038911    
   15.70270    
   12.41471    
   5.776805    
   8.636993    
   17.81399    
   18.22301    
   9.947125    
   24.05235    
   20.21950    
   4.403479    
   8.077989    
   12.06608    
   16.90703    
   4.275658    
   6.543126    
   7.178527    
   24.50071    
   19.13970    
   18.50760    
   14.24698    
   34.60695    
   18.13017    
   36.97081    
   10.64483    
   25.58175    
   6.809704    
   8.610495    
   7.058420    
   34.38416    
   11.01774    
   42.70905    
   16.81436    
   17.67822    
   6.878408    
   15.49698    
   7.944294    
   20.31327    
   8.976749    
   25.38608    
   19.02365    
   9.263926    
   4.230193    
   7.675041    
   6.571794    
   20.65200    
   2.938871    
   6.993300    
   8.500919    
   29.28657    
   3.906250    
   18.47089    
   14.56546    
   6.294839    
   11.26475    
   17.57217    
   3.889087    
   8.525009    
   18.89240    
   17.02445    
   2.966671    
   14.68823    
   23.39306    
   22.03016    
   10.76312    
   11.38324    
   16.25685    
   8.366834    
   30.78403    
   19.65016    
   8.961724    
   5452548.    
  1.0049602E+07
  1.2900254E+07
  1.3283185E+07
  1.0886140E+07
   6013227.    
   325054.0    
   6529065.    
  1.0775953E+07
  1.1592806E+07
   8478230.    
   2316541.    
   4684479.    
   9679044.    
  1.0363631E+07
   6198959.    
   990727.9    
   7583647.    
   9910302.    
   6434236.    
   949707.0    
   7636776.    
   9079890.    
   4069023.    
   3901778.    
   8751593.    
   6456853.    
   1262439.    
   7777302.    
   7093224.    
   332419.9    
   7337419.    
   6730614.    
   1023838.    
   7553087.    
   5392419.    
   3094829.    
   7704819.    
   2569238.    
   5831914.    
   6324597.    
   1902914.    
   7322602.    
   1982718.    
   6261521.    
   4737820.    
   4269769.    
   6212316.    
   2233370.    
   6743021.    
   626605.8    
   6768606.    
   388269.1    
   6631517.    
   802655.0    
   6519225.    
   647127.7    
   6465030.    
   57781.91    
   6359683.    
   1281767.    
   5961490.    
   2915474.    
   4936959.    
   4654708.    
   2980680.    
   5906027.    
   58736.47    
   5838903.    
   3263407.    
   3751434.    
   5645098.    
   207452.1    
   5393453.    
   4351058.    
   1779452.    
   5777357.    
   3365663.    
   2561813.    
   5759725.    
   3230037.    
   2307061.    
   5629708.    
   3958772.    
   999387.3    
   5045219.    
   5113751.    
   1412639.    
   3196912.    
   5550161.    
   4296047.    
   459393.3    
   3544556.    
   5500343.    
   4549892.    
   1395748.    
   2313285.    
   4906051.    
   5414218.    
   3832079.    
   929112.7    
   2186232.    
   4513829.    
   5456962.    
   4912157.    
   3184980.    
   812943.6    
   1623892.    
   3647434.    
   4957934.    
   5447764.    
   5169941.    
   4282772.    
   2992112.    
   1504837.    
   1939.373    
   1396675.    
   2598171.    
   3568504.    
   4304681.    
   4827082.    
   5169562.    
   5372283.    
   5475321.    
   5514655.    
   5520179.    
   5514743.    
   5513717.    
   5524869.    
   5548487.    
   5576795.    
   5594181.    
   5577275.    
   5495035.    
   5309695.    
   4978570.    
   4458504.    
   3711713.    
   2713825.    
   1465131.    
   5482.904    
   1591024.    
   3177169.    
   4567285.    
   5536978.    
   5859331.    
   5355355.    
   3957208.    
   1770106.    
   888681.9    
   3499566.    
   5421690.    
   6050096.    
   5027183.    
   2446463.    
   1043215.    
   4324860.    
   6138748.    
   5588347.    
   2647325.    
   1604763.    
   5255738.    
   6383500.    
   4133159.    
   538314.7    
   5058151.    
   6566837.    
   3801219.    
   1688653.    
   6142883.    
   6091304.    
   1212639.    
   4829982.    
   6904533.    
   2844646.    
   4003834.    
   7179630.    
   3211552.    
   4242950.    
   7325230.    
   2269550.    
   5581715.    
   6959971.    
   270940.7    
   7373679.    
   4931222.    
   4316872.    
   7773821.    
   84023.49    
   7968177.    
   4048548.    
   6366466.    
   6800494.    
   4045067.    
   8332186.    
   1805176.    
   9024334.    
   93726.89    
   9319425.    
   941774.8    
   9553890.    
   1188489.    
   9887047.    
   587644.9    
  1.0275970E+07
   961671.9    
  1.0434460E+07
   3490797.    
   9807708.    
   6811908.    
   7639510.    
  1.0208822E+07
   3270955.    
  1.2218280E+07
   3215612.    
  1.0816700E+07
  1.0105122E+07
   4512199.    
  1.3717585E+07
   5591084.    
   9885462.    
  1.4061273E+07
   1943121.    
  1.2948331E+07
  1.4362769E+07
   692235.1    
  1.4411765E+07
  1.6118023E+07
   2681165.    
  1.3967075E+07
  1.9365850E+07
   8848359.    
   9467892.    
  2.1691672E+07
  1.8772356E+07
   2448622.    
  1.6839412E+07
  2.6838210E+07
  2.1312706E+07
   2982730.    
  1.8922442E+07
  3.3114376E+07
  3.2527586E+07
  1.6670529E+07
   8859352.    
  3.4228312E+07
  5.0417064E+07
  5.1014300E+07
  3.4151024E+07
   4813327.    
  4.0469436E+07
  8.5431976E+07
  1.2749626E+08
  1.6236141E+08
  1.9023696E+08
  2.5082450E+08
  1.3784370E+09
  2.5082454E+08
  1.9023694E+08
  1.6236141E+08
  1.2749626E+08
  8.5431976E+07
  4.0469424E+07
   4813374.    
  3.4150996E+07
  5.1014316E+07
  5.0417084E+07
  3.4228328E+07
   8859336.    
  1.6670534E+07
  3.2527550E+07
  3.3114382E+07
  1.8922444E+07
   2982727.    
  2.1312684E+07
  2.6838228E+07
  1.6839414E+07
   2448639.    
  1.8772344E+07
  2.1691654E+07
   9467902.    
   8848379.    
  1.9365850E+07
  1.3967042E+07
   2681179.    
  1.6118018E+07
  1.4411765E+07
   692251.1    
  1.4362754E+07
  1.2948348E+07
   1943120.    
  1.4061257E+07
   9885443.    
   5591064.    
  1.3717593E+07
   4512203.    
  1.0105149E+07
  1.0816694E+07
   3215632.    
  1.2218272E+07
   3270948.    
  1.0208797E+07
   7639562.    
   6811900.    
   9807721.    
   3490784.    
  1.0434465E+07
   961675.7    
  1.0275965E+07
   587643.8    
   9887017.    
   1188476.    
   9553903.    
   941764.8    
   9319439.    
   93713.52    
   9024358.    
   1805174.    
   8332212.    
   4045053.    
   6800519.    
   6366471.    
   4048502.    
   7968184.    
   84009.90    
   7773851.    
   4316870.    
   4931214.    
   7373671.    
   270928.0    
   6960029.    
   5581712.    
   2269555.    
   7325190.    
   4242948.    
   3211553.    
   7179657.    
   4003835.    
   2844673.    
   6904531.    
   4829987.    
   1212605.    
   6091300.    
   6142886.    
   1688652.    
   3801199.    
   6566855.    
   5058151.    
   538312.9    
   4133169.    
   6383487.    
   5255749.    
   1604764.    
   2647334.    
   5588319.    
   6138756.    
   4324855.    
   1043199.    
   2446437.    
   5027174.    
   6050073.    
   5421677.    
   3499565.    
   888699.6    
   1770100.    
   3957219.    
   5355345.    
   5859314.    
   5536976.    
   4567305.    
   3177209.    
   1591022.    
   5482.101    
   1465142.    
   2713873.    
   3711690.    
   4458508.    
   4978579.    
   5309683.    
   5495061.    
   5577273.    
   5594201.    
   5576790.    
   5548501.    
   5524924.    
   5513732.    
   5514826.    
   5520159.    
   5514630.    
   5475324.    
   5372284.    
   5169569.    
   4827058.    
   4304678.    
   3568508.    
   2598161.    
   1396684.    
   1942.495    
   1504872.    
   2992100.    
   4282771.    
   5169931.    
   5447788.    
   4957932.    
   3647426.    
   1623905.    
   812946.6    
   3184985.    
   4912166.    
   5456974.    
   4513825.    
   2186238.    
   929110.3    
   3832087.    
   5414232.    
   4906053.    
   2313283.    
   1395744.    
   4549916.    
   5500354.    
   3544559.    
   459401.7    
   4296060.    
   5550166.    
   3196917.    
   1412626.    
   5113748.    
   5045171.    
   999351.3    
   3958743.    
   5629628.    
   2307065.    
   3230024.    
   5759732.    
   2561826.    
   3365658.    
   5777369.    
   1779458.    
   4351034.    
   5393435.    
   207428.7    
   5645111.    
   3751454.    
   3263405.    
   5838915.    
   58733.72    
   5906017.    
   2980684.    
   4654707.    
   4936941.    
   2915484.    
   5961498.    
   1281775.    
   6359709.    
   57774.54    
   6465028.    
   647131.3    
   6519236.    
   802673.6    
   6631528.    
   388288.6    
   6768602.    
   626640.4    
   6743030.    
   2233381.    
   6212320.    
   4269727.    
   4737821.    
   6261486.    
   1982712.    
   7322595.    
   1902949.    
   6324601.    
   5831925.    
   2569256.    
   7704799.    
   3094822.    
   5392433.    
   7553081.    
   1023821.    
   6730619.    
   7337425.    
   332405.0    
   7093229.    
   7777302.    
   1262433.    
   6456842.    
   8751572.    
   3901781.    
   4069000.    
   9079897.    
   7636765.    
   949749.6    
   6434243.    
   9910316.    
   7583661.    
   990757.4    
   6198948.    
  1.0363660E+07
   9679036.    
   4684496.    
   2316531.    
   8478236.    
  1.1592797E+07
  1.0775961E+07
   6529071.    
   325070.4    
   6013221.    
  1.0886135E+07
  1.3283191E+07
  1.2900249E+07
  1.0049591E+07
   5452544.    
   9.708244    
   37.00084    
   17.57109    
   24.70956    
   20.38113    
   16.81567    
   19.07070    
   18.00738    
   22.39001    
   4.718394    
   7.593429    
   6.700047    
   19.21100    
   42.07568    
   10.88936    
   13.88569    
   11.08560    
   6.452955    
   18.39298    
   6.823672    
   14.23738    
   4.515598    
   10.27512    
   21.41590    
   8.583133    
   10.97160    
   2.015564    
   20.95382    
   9.083811    
   14.95880    
   16.00439    
   16.58418    
   1.728665    
   12.99610    
   6.196726    
   11.68399    
   7.435399    
   18.47982    
   7.600370    
   7.267221    
   22.81070    
   35.31930    
   5.315073    
   19.78004    
   35.89742    
   33.08630    
   14.29434    
   5.735035    
   7.751008    
   3.701773    
   12.67687    
   2.573908    
   6.806477    
   11.38530    
   1.789728    
   20.53541    
   7.518986    
   15.07715    
   7.380876    
   13.62572    
   18.09102    
   22.44794    
   9.628246    
   12.51562    
   13.70732    
   6.005206    
   14.76644    
   11.44074    
   28.55368    
   20.10286    
   10.39832    
   27.95756    
   12.86969    
   23.75740    
   12.29980    
   10.62500    
   4.339139    
   6.353210    
   12.37535    
   14.26972    
   17.02939    
   11.12781    
   5.909742    
   4.382137    
   5.963430    
   22.48758    
   9.562704    
   14.56237    
   2.139655    
   30.94886    
   7.055860    
   1.802776    
   13.21103    
   8.974138    
   8.163371    
   25.08299    
   17.22099    
   19.61186    
   21.99523    
   6.184659    
   2.775450    
   14.08570    
   11.17545    
  0.3125000    
   19.50160    
   9.017344    
   11.29477    
   18.33712    
   15.35008    
   54.49154    
   19.54002    
   12.77204    
   7.520804    
   26.04211    
   18.93575    
   28.01053    
   33.13608    
   13.74862    
   10.68001    
   7.684340    
   11.62970    
   17.88760    
   17.56595    
   23.27043    
   13.58308    
   31.92618    
   12.00260    
   26.02523    
   11.33578    
   39.93452    
   10.43974    
   11.40175    
   19.15235    
   3.760402    
   12.14817    
   1.855103    
   13.67708    
   20.10752    
   14.63728    
   9.178780    
   29.25808    
   24.25000    
   1.118034    
   26.99662    
   9.055386    
   12.53994    
   5.211541    
   10.73546    
   5.153882    
   27.25115    
   14.82607    
   9.848858    
   12.04159    
   10.42627    
   16.44118    
   10.25914    
   4.500000    
   3.739699    
   11.59741    
   19.20937    
   17.17010    
   18.65811    
   12.16167    
   11.23610    
   18.50000    
   14.23025    
   14.02007    
   7.232890    
   23.68148    
   10.30776    
   11.71537    
   40.18084    
   13.03840    
   36.78060    
   5.335365    
   18.79108    
   17.82926    
   23.76721    
   4.124682    
   27.34099    
   12.77783    
   16.69235    
   13.50513    
   13.67640    
   6.475062    
   32.64861    
   9.981932    
   16.08925    
   25.08958    
   15.95626    
   2.174535    
   34.64622    
   20.49283    
   23.33322    
   15.88876    
   19.36207    
   32.50819    
   16.72342    
   11.36436    
   28.55652    
   10.47921    
   6.540352    
   6.523990    
   11.73328    
   11.82743    
   18.56793    
  0.9611260    
   21.17313    
   14.74240    
   12.60617    
   20.18926    
   4.281408    
   7.617717    
   11.05879    
   5.404353    
   18.35205    
   10.46552    
   14.09360    
   4.654727    
   14.97330    
   13.78489    
   21.10784    
   12.46491    
   5.065256    
   22.85276    
   14.50222    
   23.15157    
   10.34520    
   20.26904    
   2.791380    
   18.14317    
   1.424205    
   11.18804    
   16.72844    
   9.523550    
   5.441589    
   19.16352    
   18.27267    
   14.36635    
   23.62795    
   10.75742    
   30.10993    
   20.63087    
   16.93428    
  0.9333431    
   21.64246    
   8.308620    
   3.745520    
   19.14883    
   15.22180    
   9.729692    
   25.17683    
   16.41460    
   12.25881    
   27.44333    
   32.98484    
   25.61214    
   40.94933    
   15.84046    
   18.35526    
   31.60368    
   39.58312    
   14.02664    
   8.490992    
   14.32705    
   29.83431    
   8.334761    
   2.399123    
   11.39001    
   48.40598    
   25.71689    
   22.45858    
   10.25524    
   4.249385    
   20.23121    
   4.755101    
   7.109092    
   10.62788    
   8.729925    
   8.729158    
   17.58696    
   22.58619    
   3.531585    
   16.00198    
   11.37292    
   18.63090    
   11.28362    
   19.25428    
   9.419765    
   22.73672    
   8.970542    
   13.21876    
   7.518879    
   23.07903    
   9.892121    
   5.254025    
   19.40869    
   11.89536    
   3.227411    
   2.326320    
   13.83510    
   34.65706    
   11.48776    
   5.006527    
   30.70465    
   12.45716    
   10.94658    
   12.52421    
   6.561666    
   17.66614    
   7.610049    
   3.054373    
   16.99095    
   17.53687    
   15.90765    
   12.34161    
   11.01952    
   19.23939    
   19.19912    
   26.23845    
   11.71479    
   15.14136    
   8.229888    
   7.224930    
   13.67895    
   13.23304    
   1.823516    
   23.75776    
   9.471019    
   12.75708    
   8.113608    
   7.260169    
   2.728247    
   12.28302    
   5.343696    
   24.20941    
   12.71760    
   3.301569    
   7.209813    
   7.034658    
   16.25233    
   9.068225    
   7.634583    
   9.767605    
   1.367862    
   5.817985    
   15.38062    
   11.05618    
   7.251700    
   28.22113    
   10.30459    
   13.18104    
   3.204631    
   35.10389    
   11.68956    
   7.788181    
   3.839739    
   15.61271    
   18.44671    
   12.40531    
   3.956705    
   33.47704    
   1.770169    
   11.43260    
   10.47685    
   14.48673    
   11.86777    
   22.53732    
   2.284855    
   22.23183    
   22.24770    
   9.661658    
   12.82655    
   10.13852    
   7.514915    
   14.38980    
   10.58643    
   19.72644    
   17.22660    
   17.58492    
   10.59142    
   21.46794    
   20.61343    
   14.35499    
   3.967282    
   4194258.    
   7730439.    
   9923291.    
  1.0217850E+07
   8373973.    
   4625551.    
   250083.6    
   5022352.    
   8289210.    
   8917540.    
   6521702.    
   1781958.    
   3603469.    
   7445410.    
   7972026.    
   4768442.    
   762119.4    
   5833590.    
   7623323.    
   4949417.    
   730583.9    
   5874426.    
   6984533.    
   3130021.    
   3001362.    
   6732001.    
   4966814.    
   971112.6    
   5982530.    
   5456326.    
   255686.5    
   5644178.    
   5177386.    
   787561.0    
   5810052.    
   4148029.    
   2380663.    
   5926753.    
   1976326.    
   4486096.    
   4865086.    
   1463786.    
   5632783.    
   1525173.    
   4816500.    
   3644460.    
   3284392.    
   4778716.    
   1717992.    
   5186950.    
   482016.1    
   5206625.    
   298667.4    
   5101152.    
   617430.3    
   5014786.    
   497787.0    
   4973095.    
   44438.77    
   4892083.    
   985986.6    
   4585767.    
   2242683.    
   3797649.    
   3580532.    
   2292822.    
   4543102.    
   45179.20    
   4491481.    
   2510313.    
   2885731.    
   4342388.    
   159559.4    
   4148789.    
   3346950.    
   1368813.    
   4444156.    
   2588985.    
   1970634.    
   4430566.    
   2484634.    
   1774677.    
   4330532.    
   3045206.    
   768738.6    
   3880915.    
   3933636.    
   1086626.    
   2459172.    
   4269350.    
   3304653.    
   353386.9    
   2726598.    
   4231028.    
   3499896.    
   1073648.    
   1779449.    
   3773893.    
   4164790.    
   2947758.    
   714704.3    
   1681745.    
   3472195.    
   4197677.    
   3778591.    
   2449970.    
   625348.8    
   1249149.    
   2805733.    
   3813784.    
   4190603.    
   3976874.    
   3294468.    
   2301634.    
   1157572.    
   1479.412    
   1074363.    
   1998587.    
   2745012.    
   3311294.    
   3713114.    
   3976582.    
   4132508.    
   4211785.    
   4242033.    
   4246295.    
   4242163.    
   4241322.    
   4249903.    
   4268078.    
   4289838.    
   4303203.    
   4290221.    
   4226960.    
   4084380.    
   3829691.    
   3429631.    
   2855159.    
   2087567.    
   1127050.    
   4189.727    
   1223860.    
   2443988.    
   3513302.    
   4259257.    
   4507198.    
   4119503.    
   3044009.    
   1361588.    
   683609.7    
   2691977.    
   4170520.    
   4653921.    
   3867080.    
   1881878.    
   802468.7    
   3326806.    
