  8.6316744E-05
  6.6066283E-04
  5.8551901E-04
  4.5283561E-04
  5.2322849E-04
  3.2933016E-04
  5.7686677E-05
  3.0542375E-04
  3.9570054E-04
  2.8444830E-04
  1.5144881E-04
  1.5340252E-04
  6.2960706E-04
  3.6822780E-04
  2.2186161E-04
  4.7986896E-04
  2.0280325E-04
  1.7043034E-04
  4.4525717E-04
  2.1884761E-04
  2.4644710E-04
  3.8503055E-04
  1.3481411E-04
  4.2523653E-04
  2.6701679E-04
  1.8112350E-04
  2.3461416E-04
  1.2304481E-04
  4.7443132E-04
  3.1411267E-04
  2.3292186E-04
  2.1542328E-04
  3.4495510E-04
  2.5834580E-04
  5.9033599E-04
  4.2122864E-04
  1.0052515E-04
  4.9301574E-04
  3.0619549E-04
  5.3818215E-04
  5.3675298E-04
  4.2802136E-04
  3.0784626E-04
  2.6519172E-04
  6.5937865E-04
  2.4336913E-04
  2.5030444E-04
  6.5333204E-04
  1.2207031E-04
  1.1744801E-04
  3.2322839E-04
  4.7288992E-04
  1.9378190E-04
  3.7461371E-04
  1.9564656E-04
  5.1047307E-05
  8.6316744E-05
  5.7777856E-04
  5.3708791E-04
  4.4048551E-04
  5.6137849E-04
  2.2742379E-04
  3.8791363E-04
  3.8274663E-04
  1.3557609E-04
  5.5249082E-04
  2.3258656E-04
  2.9444051E-04
  2.7915821E-04
  4.4847737E-04
  2.3027850E-04
  4.4003618E-04
  5.6051771E-04
  3.1526384E-04
  1.5258789E-05
  5.0269527E-04
  5.4084323E-04
  2.6515077E-04
  4.8364649E-04
  2.1872831E-04
  5.0305185E-04
  3.7172000E-04
  3.2752450E-04
  5.7961704E-04
  7.0587243E-04
  8.4227562E-05
  4.3789460E-04
  1.2964108E-04
  4.6342643E-04
  1.3647876E-04
  3.3221106E-04
  2.8953041E-04
  4.4578456E-04
  3.2247868E-04
  6.1400095E-04
  2.3436743E-04
  3.5006608E-04
  2.1469961E-04
  4.2803970E-04
   2048.000    
   2048.000    
   2048.000    
   2048.000    
   2047.999    
   2048.000    
   2048.000    
   2048.000    
   2048.000    
   2048.000    
   2048.000    
   2048.000    
   2048.000    
   2047.999    
   2048.000    
   2048.000    
   2048.000    
   2048.000    
   2048.000    
   2048.000    
   2048.000    
   2048.000    
   2048.000    
   2048.000    
   2048.000    
   2048.000    
   2048.000    
   2048.000    
   2048.000    
   2048.000    
   2048.000    
   2048.000    
   2048.000    
   2048.000    
   2048.000    
   2048.000    
   2048.000    
   2048.000    
   2047.999    
   2048.000    
   2048.000    
   2047.999    
   2048.000    
   2048.000    
   2047.999    
   2048.000    
   2048.000    
   2048.000    
   2048.000    
   2048.000    
   2048.000    
   2048.000    
   2048.000    
   2048.000    
   2047.999    
   2048.000    
   2048.000    
   2048.000    
   2048.000    
   2047.999    
   2048.000    
   2048.000    
   2048.000    
   2048.000    
   2047.999    
   2048.000    
   2048.000    
   2048.000    
   2048.000    
   2048.000    
   2048.000    
   2048.000    
   2048.000    
   2048.000    
   2048.000    
   2048.000    
   2048.000    
   2048.000    
   2048.000    
   2048.000    
   2048.000    
   2048.000    
   2048.000    
   2048.000    
   2048.000    
   2048.000    
   2047.999    
   2048.000    
   2048.000    
   2047.999    
   2048.000    
   2048.000    
   2048.000    
   2048.000    
   2048.000    
   2048.000    
   2048.000    
   2048.000    
   2048.000    
   2048.000    
   2048.000    
   2048.000    
   2048.000    
   2048.000    
   2048.000    
   2048.000    
   2048.000    
   2047.999    
   2048.000    
   2048.000    
   2048.000    
   2048.000    
   2048.000    
   2048.000    
   2048.000    
   2048.000    
   2048.000    
   2048.000    
   2048.000    
   2048.000    
   2048.000    
   2048.000    
   2048.000    
   2048.000    
   2048.000    
   2048.000    
   2048.000    
   2048.000    
   2048.000    
   2048.000    
   2048.000    
   2048.000    
   2048.000    
   2048.000    
   2048.000    
   2048.000    
   2048.000    
   2048.000    
   2048.000    
   2048.000    
   2048.000    
   2048.000    
   2048.000    
   2048.000    
   2048.000    
   2048.000    
   2048.000    
   2048.000    
   2048.000    
   2048.000    
   2048.000    
   2048.000    
   2048.000    
   2048.000    
   2048.000    
   2048.000    
   2048.000    
   2048.000    
   2048.000    
   2048.000    
   2048.000    
   2047.999    
   2048.000    
   2048.000    
   2048.000    
   2048.000    
   2048.000    
   2048.000    
   2047.999    
   2048.000    
   2048.000    
   2047.999    
   2048.000    
   2047.999    
   2048.000    
   2048.000    
   2048.000    
   2048.000    
   2048.000    
   2048.000    
   2048.000    
   2048.000    
   2048.000    
   2048.000    
   2048.000    
   2048.000    
   2048.000    
   2048.000    
   2048.000    
   2048.000    
   2048.000    
   2048.000    
   2048.000    
   2048.000    
   2048.000    
   2048.000    
   2048.000    
   2048.000    
   2048.000    
   2048.000    
   2048.000    
   2048.000    
   2048.000    
   2048.000    
   2048.000    
   2048.000    
   2048.000    
   2047.999    
   2047.999    
   2048.000    
   2048.000    
   2048.000    
   2047.999    
   2048.000    
   2047.999    
   2048.000    
   2048.000    
   2048.000    
   2048.000    
   2048.000    
   2048.000    
   2048.000    
   2048.000    
   2048.000    
   2048.000    
   2048.000    
   2047.999    
   2048.000    
   2048.000    
   2048.000    
   2047.999    
   2048.000    
   2048.000    
   2047.999    
   2048.000    
   2048.000    
   2048.000    
   2048.000    
   2048.000    
   2048.000    
   2048.000    
   2048.000    
   2048.000    
   2048.000    
   2048.000    
   2048.000    
   2048.000    
   2048.000    
   2048.000    
   2048.000    
   2048.000    
   2048.000    
   2048.000    
   2048.000    
   2048.000    
   2048.000    
   2048.000    
  1.9836426E-04
  2.4414063E-04
  2.4604058E-04
  2.4414063E-04
  1.2207031E-04
  2.5165439E-04
  4.4013077E-04
  2.7295752E-04
  1.2207031E-04
  6.2913599E-04
  5.0330878E-04
  3.0517578E-04
  2.7295752E-04
  1.2582720E-04
  1.2207031E-04
  4.5776367E-04
  2.7295752E-04
  4.9208116E-04
  2.4654280E-04
  4.4013077E-04
  5.7580450E-04
  3.5719908E-04
  5.2148459E-04
  1.7263349E-04
  2.7465820E-04
  2.4414063E-04
  1.5258789E-04
  4.0943627E-04
  1.2207031E-04
  2.7295752E-04
  3.0517578E-04
  2.7295752E-04
  3.6621094E-04
  1.2207031E-04
  4.4013077E-04
  3.8602023E-04
   0.000000    
  5.7580450E-04
  1.7263349E-04
  9.1552734E-05
  2.7295752E-04
  3.4526698E-04
  5.1879883E-04
   4096.000    
   4096.000    
   4096.000    
   4096.000    
   4096.000    
   4095.999    
   4096.000    
   4096.000    
   4096.000    
   4096.000    
   4096.000    
   4096.000    
   4096.000    
   4095.999    
   4096.000    
   4096.000    
   4095.999    
   4095.999    
   4096.000    
   4096.000    
   4096.000    
   4096.000    
   4096.000    
   4096.000    
   4096.000    
   4095.999    
   4096.000    
   4096.000    
   4096.000    
   4096.000    
   4096.000    
   4096.000    
   4095.999    
   4096.000    
   4095.999    
   4096.000    
   4096.000    
   4096.000    
   4096.000    
   4096.000    
   4096.000    
   4096.000    
   4096.000    
   4096.000    
   4096.000    
   4096.000    
   4096.000    
   4096.000    
   4096.000    
   4096.000    
   4096.000    
   4096.000    
   4095.999    
   4095.999    
   4096.000    
   4096.000    
   4096.000    
   4096.000    
   4096.000    
   4096.000    
   4096.000    
   4096.000    
   4096.000    
   4095.999    
   4096.000    
   4095.999    
   4095.999    
   4096.000    
   4096.000    
   4096.000    
   4096.000    
   4095.999    
   4096.000    
   4096.000    
   4096.000    
   4095.999    
   4096.000    
   4096.000    
   4095.999    
   4096.000    
   4096.000    
   4096.000    
   4096.000    
   4096.000    
   4096.000    
   4096.000    
   4096.000    
   4096.000    
   4096.000    
   4096.000    
   4095.999    
   4096.000    
   4096.000    
   4096.000    
   4096.000    
   4095.999    
   4096.000    
   4095.999    
   4095.999    
   4095.999    
   4096.000    
   4096.000    
   4096.000    
   4096.000    
   4096.000    
   4096.000    
   4096.000    
   4095.999    
   4096.000    
   4096.000    
   4096.000    
   4096.000    
   4096.000    
   4096.000    
   4096.000    
   4096.000    
   4096.000    
   4095.999    
   4096.000    
   4096.000    
   4095.999    
   4096.000    
   4095.999    
   4096.000    
   4096.000    
   4096.000    
   4096.000    
   4096.000    
   4096.000    
   4096.000    
   4096.000    
   4095.999    
   4096.000    
   4096.000    
   4095.999    
   4096.000    
   4096.000    
   4096.000    
   4096.000    
   4096.000    
   4096.000    
   4096.000    
   4096.000    
   4096.000    
   4096.000    
   4096.000    
   4096.000    
   4096.000    
   4096.000    
   4096.000    
   4096.000    
   4096.000    
   4096.000    
   4096.000    
   4096.000    
   4096.000    
   4096.000    
   4096.000    
   4096.000    
   4095.999    
   4096.000    
   4095.999    
   4096.000    
   4096.000    
   4096.000    
   4095.999    
   4096.000    
   4095.999    
   4096.000    
   4096.000    
   4096.000    
   4096.000    
   4096.000    
   4096.000    
   4095.999    
   4096.000    
   4095.999    
   4096.000    
   4095.999    
   4096.000    
   4096.000    
   4096.000    
   4096.000    
   4095.999    
   4096.000    
   4095.999    
   4096.000    
   4096.000    
   4096.000    
   4096.000    
   4095.999    
   4096.000    
   4096.000    
   4096.000    
   4096.000    
   4096.000    
   4095.999    
   4096.000    
   4096.000    
   4096.000    
   4096.000    
   4096.000    
   4096.000    
   4096.000    
   4096.000    
   4096.000    
   4096.000    
   4095.999    
   4096.000    
   4096.000    
   4095.999    
   4096.000    
   4096.000    
   4095.999    
   4095.999    
   4095.999    
   4095.999    
   4095.999    
   4095.999    
   4096.000    
   4096.000    
   4096.000    
   4096.000    
   4096.000    
   4096.000    
   4095.999    
   4095.999    
   4095.999    
   4095.999    
   4096.000    
   4095.999    
   4096.000    
   4096.000    
   4096.000    
   4096.000    
   4096.000    
   4096.000    
   4095.999    
   4096.000    
   4096.000    
   4096.000    
   4096.000    
   4096.000    
   4095.999    
   4096.000    
   4095.999    
   4096.000    
   4096.000    
   4095.999    
   4095.999    
   4096.000    
   4096.000    
   4095.999    
   4095.999    
   4096.000    
   4096.000    
   4096.000    
  3.6580605E-04
  3.0501594E-04
  7.2932686E-05
  1.8857683E-04
  6.2631647E-04
  5.6479132E-04
  6.1300583E-04
  1.7236570E-04
  3.8807452E-04
  6.4970052E-05
  4.7208203E-04
  1.9009529E-04
  3.9568031E-04
  1.9744117E-04
  2.6510630E-04
  3.7558467E-04
  1.7580457E-04
  3.0566627E-04
  3.3309922E-04
  2.2210815E-04
  1.1063424E-04
  3.7784808E-04
  3.7521581E-04
  2.7116056E-04
  2.8232098E-04
  2.5035909E-04
  7.2276464E-04
  1.6563573E-04
  1.1945218E-04
  2.3494988E-04
  3.7218837E-04
  1.7206382E-04
  3.2334798E-04
  1.6980679E-04
  3.0138280E-04
  4.5946226E-04
  2.9070280E-04
  3.8432443E-04
  3.4685299E-04
  4.8068288E-04
  4.5360357E-04
  2.0728930E-04
  1.4054666E-04
  5.8561469E-05
  2.9459017E-04
  3.2617277E-04
  2.0037842E-04
  1.7680765E-04
  1.6669917E-04
  1.8205728E-04
  4.9877487E-04
  6.3174771E-04
  3.4333987E-04
  2.1788604E-04
  3.3328027E-04
  4.3663176E-04
  6.0895196E-04
  3.2249055E-04
  2.0835568E-04
  2.0997968E-04
  2.8177287E-04
  4.3582331E-04
  5.3348439E-04
  1.2233092E-04
  2.9786202E-04
  2.7839247E-05
  1.2447675E-04
  3.8184394E-04
  1.9907650E-04
  1.5483949E-04
  4.4817838E-04
  2.0746751E-04
  3.1688198E-04
  1.9820865E-04
  4.5749944E-04
  1.9629889E-04
  4.1581833E-04
  2.6379552E-04
  4.4943954E-04
  1.2326639E-04
  5.2368938E-04
  4.8010435E-04
  3.7157579E-04
  3.9760271E-04
  5.4771395E-04
  4.8511114E-04
  6.4948294E-04
  1.4171396E-04
  3.3448366E-04
  3.0387592E-04
  4.2797424E-04
  1.5720387E-04
  4.0589028E-05
  2.4916689E-04
  4.7681620E-04
  2.3531467E-04
  4.2040081E-04
  2.4510903E-04
  6.8562967E-04
  3.9214981E-04
  3.7809042E-04
  3.0588539E-04
  3.1672805E-04
  1.1750896E-04
  3.5506304E-04
  1.5138698E-04
  2.5906434E-04
  2.5410901E-04
  1.3230440E-04
  2.7852660E-04
  2.2906366E-04
  4.5298567E-04
  3.5573897E-04
  2.0968380E-04
  4.6816602E-04
  3.9912271E-04
  2.5261156E-04
  1.2207996E-04
  2.5170253E-04
  3.0025365E-04
  4.1894813E-04
  3.1579527E-04
  2.0713713E-04
  4.2669798E-04
  1.4172695E-04
  3.9985456E-04
  1.4374552E-04
  2.2101270E-04
  3.9355963E-04
  3.3823322E-04
  5.0257397E-04
  3.4289571E-04
  2.2914509E-04
  1.5174612E-04
  1.5067073E-04
  2.3674274E-04
  8.4201376E-05
  4.5546432E-04
  4.5713014E-04
  3.5495427E-04
  4.3560340E-04
  3.0374620E-04
  5.6954368E-04
  3.5364222E-04
  5.9366215E-04
  2.1791815E-04
  3.9683736E-04
  1.3525842E-04
  7.7227647E-05
  1.6755085E-04
  4.2797413E-04
  6.4556909E-05
  3.9146486E-04
  2.5170954E-04
  4.2855271E-04
  2.6216527E-04
  2.9809031E-04
  1.5986500E-04
  2.2347909E-04
  3.1871337E-04
  4.2046417E-04
  2.1730931E-04
  1.8317142E-04
  4.2744487E-04
  5.2704936E-04
  4.9870700E-04
  5.0670031E-04
  4.0172241E-04
  4.1346578E-04
  2.3586318E-04
  2.8401328E-04
  3.5150209E-04
  6.3670403E-04
  4.6416643E-04
  5.5739569E-05
  8.8973262E-05
  4.2457954E-04
  3.9430062E-04
  6.6350658E-05
  2.5477263E-04
  3.5028788E-04
  3.7438289E-04
  1.5754453E-04
  4.1437760E-04
  1.9780175E-04
  3.8784553E-04
  4.1656680E-05
  3.1355582E-04
  4.3741218E-04
  4.1766161E-05
  3.0373040E-04
  1.2667224E-04
  1.3082061E-04
  3.9588884E-04
  1.0446252E-04
  7.0592720E-04
  4.8307449E-04
  5.6069379E-04
  3.8337629E-04
  3.4957856E-04
  3.6451285E-04
  1.6103228E-04
  6.1116711E-04
  1.9641691E-04
  2.3470813E-04
  4.5773914E-04
  7.8222525E-05
  3.0935375E-04
  9.6024705E-05
  4.1703763E-04
  4.5240953E-04
  1.8625949E-04
  2.3624647E-04
  7.5530435E-05
  3.9049578E-04
  2.8693819E-04
  4.7973337E-04
  1.7453563E-04
  2.7206604E-04
  3.9100804E-04
  4.8233219E-04
  2.3407914E-04
  9.5418487E-05
  1.8784939E-04
  1.3845148E-04
  2.5543463E-04
  2.0185042E-04
  1.6009672E-04
  6.2225346E-04
  2.3953072E-04
  5.3119881E-04
  3.6756299E-04
  2.0261003E-04
  4.4635747E-04
  2.1535854E-04
  4.4788296E-05
  4.7260226E-04
  2.2828755E-04
  2.8865066E-04
  3.7119869E-04
  5.7281461E-04
  5.3231135E-05
  1.1119201E-04
  3.9603704E-04
  9.1407099E-05
  5.1952450E-04
  7.0115441E-04
  3.9202831E-04
  2.7864415E-04
  5.2486197E-04
  3.7989501E-04
  1.8069718E-04
  1.0333646E-04
  3.6588110E-04
  3.3991045E-04
  2.0118193E-04
  7.2804414E-04
  5.1292995E-05
  6.6482089E-04
  4.4593262E-04
  3.1413112E-04
  4.2675209E-04
  3.5765138E-04
  3.2167914E-04
  4.3322734E-04
  8.4477368E-05
  3.9675672E-04
  8.1940016E-05
  1.4867893E-04
  3.0831894E-04
  2.9637848E-04
  6.2524312E-04
  3.2283965E-04
  1.7304957E-04
  4.5332775E-04
  1.8822250E-04
  2.7373200E-04
  3.9051697E-04
  6.9935556E-04
  5.2762323E-04
  2.7693890E-04
  3.8501425E-04
  2.1511732E-04
  3.7540740E-04
  3.1971070E-04
  1.9049222E-04
  3.3942482E-04
  5.1485631E-04
  1.2153389E-04
  3.4617438E-04
  2.6539655E-04
  2.2417213E-05
  3.5963423E-04
  1.0905602E-04
  3.3307553E-04
  6.8724563E-04
  2.2826411E-04
  5.8523496E-04
  2.1044879E-04
  1.3641559E-04
  5.5727060E-04
  3.9502373E-04
  2.7671759E-04
  3.4296952E-04
  3.9626210E-04
  4.1727728E-04
  2.5645178E-04
  1.9561654E-04
  1.1009069E-04
  1.2582720E-04
  2.7036495E-04
  1.7609891E-04
  3.3283391E-04
  2.0913863E-04
  1.6019537E-04
  1.6983738E-04
  2.1156958E-04
  2.9415924E-05
  1.2924227E-04
  4.4647717E-05
  3.3205733E-04
  1.9301010E-04
  2.1622877E-04
  2.0082069E-04
  2.7061914E-04
  4.6003121E-04
  1.6060873E-04
  3.1673373E-04
  5.4710737E-05
  4.5157046E-04
  2.3245046E-04
  2.4414063E-04
  2.6064544E-04
  4.7984903E-04
  2.4682636E-04
  6.8711228E-04
  3.3171661E-04
  2.9027043E-04
  1.9749578E-04
  1.6059987E-04
  3.9727020E-04
  3.3894187E-04
  2.5854330E-04
  1.3924633E-04
  5.2482350E-04
  5.1053800E-04
  5.4080132E-04
  2.3805672E-04
  3.1851899E-04
  2.2908879E-04
  1.7630345E-04
  3.6678583E-05
  3.4305122E-04
  1.8616213E-04
  2.2791109E-04
  3.0026902E-04
  5.3933531E-05
  4.7321027E-04
  4.7849023E-04
  3.0447065E-04
  1.9633210E-04
  5.8680435E-04
  5.2818732E-04
  4.7513790E-04
  1.9349194E-04
  3.8863628E-04
  1.5725920E-04
  2.8115496E-04
  3.1121945E-04
  3.0416425E-04
  2.4771257E-04
  3.1937420E-04
  3.0217608E-04
  4.9353985E-04
  4.0992146E-04
  1.3592295E-04
  4.0471726E-04
  2.7823370E-04
  9.3424984E-05
  1.2483275E-04
  2.5530704E-04
  2.0705792E-04
  1.4563206E-04
  2.0668744E-04
  2.8965648E-04
  3.9370818E-04
  1.7060242E-04
  8.9524972E-04
  3.1239184E-04
  3.6977854E-04
  2.5255006E-04
  2.0661877E-04
  3.7056484E-04
  5.6665408E-04
  2.1339876E-04
  3.7219372E-04
  6.0791807E-04
  7.5109019E-05
  3.5293252E-04
  3.0847019E-04
  1.7325583E-04
  1.5661119E-04
  5.4745219E-04
  1.0340979E-04
  4.5074112E-04
  5.2958814E-05
  5.0638086E-04
  1.8342651E-04
  4.1693202E-04
  4.1089856E-04
  3.2403605E-04
  1.3813152E-04
  8.1649880E-05
  2.5967543E-04
  3.7217382E-04
  5.9032469E-04
  1.2207031E-04
  4.5232853E-04
  1.7214488E-04
  2.4770922E-04
  3.2250522E-04
  1.3412461E-04
  8.0161757E-05
  2.4261381E-04
  8.6316744E-05
  2.3550958E-04
  4.3616095E-04
  3.3383575E-04
  2.0269454E-04
  3.2363652E-04
  2.4112086E-04
  2.5295041E-04
  2.6650721E-04
  5.8879511E-04
  1.9643325E-05
  3.5182911E-04
  4.5298206E-04
  4.1903227E-04
  2.3944423E-04
  3.7635665E-04
  3.4614481E-04
  2.9788568E-04
  1.5258789E-05
  3.6258515E-04
  3.4244786E-04
  2.3739196E-04
  1.9018319E-04
  8.1488011E-05
  2.3297063E-04
  4.4238384E-04
  6.8838429E-04
  5.5186621E-05
  1.0122393E-04
  5.5971480E-04
  2.0267947E-04
  3.7370491E-04
  4.3523547E-04
  1.3647876E-04
  4.5826932E-04
  3.8358851E-04
  2.5280251E-04
  1.0934877E-04
  2.4357224E-04
  3.9439931E-04
  4.1217593E-04
  5.9841294E-04
  3.6014774E-04
  5.2148459E-04
  1.2207031E-04
  5.5269687E-04
  3.7126237E-04
  2.2006538E-04
  3.3569336E-04
  2.5895023E-04
  4.4013077E-04
  1.3647876E-04
  2.0471813E-04
  8.6316744E-05
  6.2913598E-05
  4.4434264E-04
  2.3834991E-04
  4.7669982E-04
  3.7126237E-04
  2.2217132E-04
  2.5165439E-04
  1.8310547E-04
  8.6316744E-05
  4.7767567E-04
  3.0517578E-04
  7.0455298E-04
  3.7126237E-04
  2.3834991E-04
  6.8239380E-05
  3.9081569E-04
  1.6434219E-04
  4.3158373E-04
  6.1035156E-05
  3.0056329E-04
  1.2207031E-04
  2.0471813E-04
  3.0858992E-04
  3.0517578E-04
  1.1003269E-04
  3.4119689E-04
  4.4013077E-04
  1.3647876E-04
  1.7263349E-04
  2.8790225E-04
  4.1508395E-04
  5.6271633E-04
  3.7126237E-04
  3.0517578E-04
  3.0056329E-04
  3.8146973E-04
  1.6220316E-04
  1.5258789E-04
  2.8790225E-04
  3.8238417E-04
  8.6316744E-05
  3.0517578E-04
  1.3647876E-04
  4.2724609E-04
  1.2207031E-04
  2.2006538E-04
  2.5165439E-04
   0.000000    
  1.8310547E-04
  1.8563119E-04
  4.4434264E-04
  7.6293945E-05
  2.6074229E-04
  1.6434219E-04
  9.1552734E-05
  3.2868437E-04
  1.3647876E-04
  3.0056329E-04
  3.8146973E-04
  3.3465138E-04
  4.3158373E-04
  1.7263349E-04
  8.6316744E-05
  1.3647876E-04
  1.8563119E-04
  2.5165439E-04
  5.0722563E-04
  6.9053395E-04
  2.4414063E-04
  3.7251451E-04
  4.2724609E-04
  1.9301011E-04
  3.2440631E-04
  3.7126237E-04
  3.1861287E-04
  3.9672852E-04
  2.4414063E-04
  1.1003269E-04
  2.5165439E-04
  1.3647876E-04
  1.3647876E-04
  3.0056329E-04
  4.2724609E-04
  7.6293945E-05
  6.1035156E-05
  5.3405762E-04
  2.2006538E-04
  8.6316744E-05
  1.2582720E-04
  4.9208116E-04
  3.0517578E-04
  8.6316744E-05
  1.8310547E-04
  8.6316744E-05
  2.5165439E-04
  2.4414063E-04
  7.6293945E-05
  3.5719908E-04
  6.1035156E-05
  2.7465820E-04
  6.7294546E-04
  5.7337323E-04
  1.8310547E-04
  1.8310547E-04
  8.6316744E-05
  6.1510145E-05
  4.4013077E-04
  4.9208116E-04
  2.5165439E-04
  2.2006538E-04
  1.9301011E-04
  1.2582720E-04
  7.3496060E-04
  2.8135817E-04
  9.9182129E-05
   2662.400    
   2662.400    
   2662.400    
   2662.400    
   2662.400    
   2662.400    
   2662.400    
   2662.400    
   2662.400    
   2662.400    
   2662.400    
   2662.400    
   2662.400    
   2662.400    
   2662.400    
   2662.399    
   2662.400    
   2662.399    
   2662.400    
   2662.399    
   2662.399    
   2662.400    
   2662.400    
   2662.399    
   2662.400    
   2662.400    
   2662.399    
   2662.399    
   2662.400    
   2662.399    
   2662.400    
   2662.400    
   2662.399    
   2662.400    
   2662.399    
   2662.399    
   2662.399    
   2662.399    
   2662.399    
   2662.399    
   2662.400    
   2662.400    
   2662.400    
   2662.400    
   2662.400    
   2662.400    
   2662.400    
   2662.399    
   2662.400    
   2662.399    
   2662.400    
   2662.400    
   2662.400    
   2662.400    
   2662.400    
   2662.399    
   2662.400    
   2662.400    
   2662.399    
   2662.400    
   2662.399    
   2662.399    
   2662.399    
   2662.399    
   2662.400    
   2662.400    
   2662.400    
   2662.399    
   2662.400    
   2662.399    
   2662.399    
   2662.400    
   2662.399    
   2662.399    
   2662.400    
   2662.400    
   2662.399    
   2662.400    
   2662.400    
   2662.399    
   2662.399    
   2662.399    
   2662.399    
   2662.399    
   2662.400    
   2662.400    
   2662.399    
   2662.400    
   2662.400    
   2662.399    
   2662.400    
   2662.400    
   2662.400    
   2662.399    
   2662.400    
   2662.399    
   2662.400    
   2662.399    
   2662.400    
   2662.400    
   2662.400    
   2662.400    
   2662.400    
   2662.400    
   2662.399    
   2662.399    
   2662.400    
   2662.400    
   2662.400    
   2662.400    
   2662.400    
   2662.399    
   2662.400    
   2662.400    
   2662.400    
   2662.400    
   2662.400    
   2662.400    
   2662.400    
   2662.399    
   2662.400    
   2662.400    
   2662.400    
   2662.400    
   2662.400    
   2662.400    
   2662.399    
   2662.400    
   2662.400    
   2662.400    
   2662.400    
   2662.400    
   2662.399    
   2662.400    
   2662.399    
   2662.400    
   2662.400    
   2662.400    
   2662.400    
   2662.400    
   2662.400    
   2662.400    
   2662.399    
   2662.400    
   2662.400    
   2662.399    
   2662.400    
   2662.400    
   2662.400    
   2662.400    
   2662.400    
   2662.399    
   2662.400    
   2662.399    
   2662.400    
   2662.400    
   2662.400    
   2662.399    
   2662.399    
   2662.399    
   2662.400    
   2662.399    
   2662.400    
   2662.399    
   2662.400    
   2662.400    
   2662.399    
   2662.399    
   2662.400    
   2662.400    
   2662.400    
   2662.400    
   2662.400    
   2662.399    
   2662.398    
   2662.400    
   2662.400    
   2662.399    
   2662.399    
   2662.400    
   2662.400    
   2662.399    
   2662.400    
   2662.399    
   2662.400    
   2662.400    
   2662.399    
   2662.399    
   2662.400    
   2662.399    
   2662.400    
   2662.400    
   2662.400    
   2662.400    
   2662.400    
   2662.399    
   2662.400    
   2662.399    
   2662.399    
   2662.399    
   2662.400    
   2662.399    
   2662.400    
   2662.399    
   2662.400    
   2662.399    
   2662.400    
   2662.399    
   2662.399    
   2662.399    
   2662.399    
   2662.400    
   2662.399    
   2662.399    
   2662.400    
   2662.400    
   2662.399    
   2662.400    
   2662.399    
   2662.400    
   2662.399    
   2662.400    
   2662.400    
   2662.400    
   2662.400    
   2662.400    
   2662.399    
   2662.399    
   2662.400    
   2662.399    
   2662.400    
   2662.400    
   2662.400    
   2662.400    
   2662.399    
   2662.399    
   2662.400    
   2662.399    
   2662.399    
   2662.399    
   2662.400    
   2662.399    
   2662.400    
   2662.399    
   2662.400    
   2662.399    
   2662.399    
   2662.400    
   2662.399    
   2662.399    
   2662.400    
   2662.400    
   2662.400    
   2662.399    
   2662.400    
   2662.399    
   2662.400    
  3.7748160E-04
  2.7295752E-04
  1.3647876E-04
  1.2582720E-04
  6.1035156E-04
  1.5728400E-04
  2.7295752E-04
  2.8790225E-04
  1.7263349E-04
  4.6583061E-04
  3.4526698E-04
  2.7295752E-04
  3.6621094E-04
  3.5095215E-04
  2.7295752E-04
  3.7126237E-04
  1.2207031E-04
  2.7295752E-04
  2.3651123E-04
  7.4252475E-04
  2.2006538E-04
  2.5165439E-04
  1.2207031E-04
  2.7295752E-04
  1.6732569E-04
  1.3647876E-04
  4.8828125E-04
  4.2724609E-04
  1.0681152E-04
  5.4591504E-04
  2.7295752E-04
  3.8602023E-04
  2.6074229E-04
  2.6648329E-04
  2.7295752E-04
  3.0517578E-04
  1.2207031E-04
  3.4526698E-04
  3.8602023E-04
  1.7263349E-04
  4.8828125E-04
  2.1362305E-04
  3.7902046E-04
  9.1552734E-05
  1.4395113E-04
  2.9360782E-04
  1.2582720E-04
  1.5728400E-04
  4.0284358E-04
  2.2006538E-04
  5.4591504E-04
  4.9208116E-04
  5.1790045E-04
  3.6621094E-04
  1.2207031E-04
  6.0112658E-04
  2.7295752E-04
  3.5622003E-04
  1.7263349E-04
  5.1790045E-04
  3.6621094E-04
  5.1790045E-04
  6.4177677E-04
  2.7295752E-04
  7.7204045E-04
   0.000000    
  2.4604058E-04
  4.8828125E-04
  7.1178610E-04
  3.6748030E-04
  1.3647876E-04
  2.7295752E-04
  2.7295752E-04
  3.4526698E-04
  3.8602023E-04
  3.6621094E-04
  1.2207031E-04
  3.7157579E-04
  2.4414063E-04
  1.2302029E-04
  1.7263349E-04
  3.0517578E-05
  1.2207031E-04
  4.1508395E-04
  1.2207031E-04
  4.9208116E-04
  2.7295752E-04
  2.7295752E-04
  3.2868437E-04
  5.0330878E-04
  2.5165439E-04
  2.4414063E-04
  1.3647876E-04
  1.3647876E-04
  2.4414063E-04
  3.7748160E-04
  4.8828125E-04
  3.4526698E-04
  2.5165439E-04
  3.0056329E-04
  6.1035156E-05
  1.7263349E-04
  2.2006538E-04
  1.5258789E-04
  5.1790045E-04
  3.7126237E-04
  2.7295752E-04
  1.2207031E-04
  2.7295752E-04
  5.4591504E-04
  3.6748030E-04
  3.2440631E-04
  3.4526698E-04
  2.4414063E-04
  3.6621094E-04
  5.4591504E-04
  2.7295752E-04
  2.4414063E-04
  3.4526698E-04
  6.5736874E-04
  1.2207031E-04
  5.4591504E-04
  2.7295752E-04
  9.5535134E-04
  3.2868437E-04
  3.6621094E-04
  4.4434264E-04
  2.1362305E-04
  2.5165439E-04
  3.6621094E-04
  2.7295752E-04
  3.9081569E-04
  2.5165439E-04
  2.2006538E-04
  6.1035156E-05
  6.2243891E-04
  3.2868437E-04
  1.7263349E-04
  2.4414063E-04
  2.4414063E-04
  7.7264337E-04
  3.8602023E-04
  4.8828125E-04
  2.1362305E-04
  3.8602023E-04
  5.4591504E-04
  1.5258789E-04
  5.0330878E-04
  2.2006538E-04
  1.3647876E-04
  3.8602023E-04
  3.0517578E-05
  5.4591504E-04
  1.5258789E-04
  3.6621094E-04
  1.3647876E-04
  7.4252475E-04
  3.0517578E-05
  3.8602023E-04
  4.5776367E-04
  2.5165439E-04
  3.8602023E-04
  3.7126237E-04
  1.2207031E-04
  1.7263349E-04
  3.7126237E-04
  2.4414063E-04
  1.3647876E-04
  3.4526698E-04
  2.7295752E-04
  2.2006538E-04
  1.5258789E-04
  2.7295752E-04
  4.8828125E-04
  3.2913493E-04
  6.2139420E-04
  7.9513244E-05
  2.8022454E-04
  2.4660921E-04
  2.0240287E-04
  1.9061500E-04
  4.9968675E-04
  1.4408860E-04
  1.7119142E-04
  4.5388614E-04
  3.3108270E-04
  3.5835992E-04
  3.0000860E-04
  1.5867957E-04
  1.0137109E-04
  3.6787748E-04
  3.1740966E-04
  2.9408382E-04
  1.0192660E-04
  1.3937372E-04
  2.7836775E-04
  4.0810482E-04
  9.4307950E-05
  2.5334599E-04
  1.1897240E-04
  4.8741198E-04
  2.0021410E-04
  4.3500014E-04
  6.6911336E-04
  9.2869763E-05
  1.5170289E-04
  5.1450508E-04
  3.7644932E-04
  1.7917309E-04
  2.6065676E-04
  2.6474785E-04
  1.9754721E-04
  1.9136578E-04
  1.7769910E-04
  2.9697220E-04
  1.6676827E-04
  7.9521473E-05
  1.7348824E-04
  7.9679870E-05
  1.6116934E-04
  3.6029829E-04
  2.9340366E-04
  2.2459404E-04
  5.6362402E-05
  2.7445194E-04
  4.2938147E-04
  2.2539643E-04
  3.6751173E-04
  3.9405905E-04
  5.3713884E-04
  3.5039757E-04
  2.2597579E-04
  3.4240482E-04
  5.8912148E-04
  2.8506923E-04
  5.7300873E-04
  1.4606102E-04
  2.5152782E-04
  1.4551388E-04
  2.5835220E-04
  1.7226340E-04
  2.0685270E-04
  2.0685889E-04
  3.4829736E-04
  3.3475438E-04
  2.1774281E-04
  1.5910485E-04
  2.2901660E-04
  1.6821983E-04
  5.5332854E-04
  5.0547352E-04
  2.1853736E-04
  3.1361700E-04
  1.1744280E-04
  2.0392210E-04
  2.6341158E-04
  3.7157579E-04
  1.5029527E-04
  1.6822794E-04
  5.4968783E-04
  5.2643084E-04
  3.8963015E-04
  4.9053674E-04
  2.9740951E-04
  1.9410791E-04
  1.9171395E-04
  2.3287740E-04
  1.0499850E-04
  3.8481908E-04
  1.3232640E-04
  1.8869208E-04
  1.2944374E-04
  2.9861543E-04
  1.8023052E-04
  7.6263788E-04
  1.0364485E-04
  7.6512093E-05
  5.8490259E-05
  3.8918425E-04
  6.2347943E-04
  2.9891112E-04
  2.6104035E-04
  8.1914179E-05
  2.4410913E-04
  2.7237789E-04
  1.5917105E-04
  1.0471980E-05
  1.5194713E-04
  1.6897451E-04
  1.7552001E-04
  5.0651986E-04
  5.3655636E-04
  2.4241598E-04
  2.8517979E-04
  1.8697958E-04
  3.3627450E-04
  3.2858556E-04
  1.4794753E-04
  2.6680157E-04
  5.5841851E-04
  3.0868573E-04
  6.3981570E-04
  3.3940296E-04
  3.1591530E-04
  5.4285163E-04
  3.3690789E-04
  7.3281629E-04
  2.4490251E-04
  1.8214741E-04
  4.3568571E-04
  4.7152458E-05
  1.6506223E-04
  4.4499440E-04
  3.8507397E-04
  3.3760516E-04
  1.0975594E-04
  2.9083842E-04
  6.3261611E-04
  8.4688640E-05
  1.3479589E-04
  6.9626392E-04
  5.2012649E-04
  3.1655439E-04
  3.4389063E-04
  1.9737930E-04
  1.4958307E-04
  9.6286371E-05
  3.5388576E-04
  2.3500386E-04
  3.2325744E-04
  3.5926542E-04
  4.3272437E-04
  6.5203372E-04
  9.1202215E-05
  3.3314945E-04
  2.7815491E-04
  4.4900688E-04
  3.7663881E-04
  4.6706348E-04
  2.4213172E-04
  6.2005676E-04
  1.5921456E-04
  2.3379251E-04
  9.0997652E-05
  3.2280642E-04
  4.0004254E-04
  2.4167453E-04
  1.4527718E-04
  3.8440520E-04
  8.8973262E-05
  3.9430193E-04
  2.8146108E-04
  2.5491396E-04
  1.3751342E-04
  1.9361274E-04
  5.7106434E-05
  2.1110009E-04
  8.4292071E-05
  4.8106516E-04
  5.0972874E-04
  1.4519684E-04
  4.7598038E-05
  4.4545380E-04
  2.5212017E-04
  3.0963687E-04
  3.3624208E-04
  2.0271563E-04
  2.5843651E-04
  4.3026850E-04
  4.1945727E-04
  3.4449811E-04
  7.2631816E-04
  3.5152785E-04
  7.4178286E-05
  3.7042398E-04
  1.0640257E-04
  5.1332195E-04
  3.4604222E-04
  7.0586138E-05
  2.9215563E-04
  3.4786027E-04
  2.3089364E-04
  5.4599973E-04
  3.3326313E-04
  2.2884640E-04
  2.5759640E-04
  5.6812871E-04
  3.2565909E-04
  4.8326622E-04
  3.9976285E-04
  3.1550604E-04
  4.3351177E-04
  1.3133803E-04
  3.2273482E-04
  1.9349216E-04
  3.0996968E-04
  3.1005609E-04
  1.0620141E-04
  2.7536537E-04
  1.6131571E-04
  2.0754623E-04
  3.0194979E-05
  2.3687589E-04
  3.6159673E-04
  2.3844992E-04
  1.9525226E-04
  5.7574146E-04
  4.7087448E-04
  1.5620887E-04
  1.2148175E-04
  2.7325875E-04
  1.2962508E-04
  4.1680431E-04
  4.3163844E-04
  8.4614279E-05
  5.1016180E-04
  2.8826535E-04
  3.1060330E-04
  5.3109441E-05
  3.4552440E-04
  4.4536075E-05
  1.8558273E-04
  4.5534837E-04
  4.8847724E-04
  3.9677235E-04
  3.4111604E-04
  2.2536385E-04
  4.8470069E-04
  1.0545495E-04
  3.0370921E-04
  2.3012979E-04
  4.3713170E-04
  4.4582854E-04
  6.0149835E-04
  2.2538613E-04
  3.6167260E-04
  6.9500587E-04
  5.0413329E-04
  3.2365008E-04
  2.4573249E-04
  2.5710216E-04
  3.6974251E-04
  4.0516551E-04
  4.1612540E-04
  2.3967921E-04
  3.8146143E-04
  1.7287287E-04
  3.2274495E-04
  3.7043306E-04
  8.8762550E-05
  4.6886501E-04
  1.1520376E-04
  3.6216393E-04
  3.1873712E-04
  2.8243056E-04
  6.7088826E-05
  2.2516327E-04
  3.6959900E-04
  2.0328590E-04
  3.0751186E-04
  4.1260291E-04
  2.6495126E-04
  3.5868259E-04
  2.8842955E-04
  2.9409610E-04
  6.0732367E-05
  1.6469798E-04
  3.8810124E-04
  2.7530140E-04
  4.1268163E-04
  3.6516451E-04
  9.7672979E-05
  2.9970278E-04
  4.0025581E-04
  2.6700526E-04
  1.5243307E-04
  2.7954133E-04
  1.6061003E-04
  3.3624383E-04
  7.0226227E-04
  1.0296085E-04
  3.6800248E-04
  7.5442586E-05
  1.2582720E-04
  4.0945044E-04
  1.9469731E-04
  8.3868268E-05
  3.3643557E-04
  3.7679638E-04
  3.5983342E-04
  2.1156958E-04
  1.5432028E-04
  4.5681125E-04
  2.9879122E-04
  1.3513125E-04
  1.9301010E-04
  2.7600670E-04
  1.8486982E-04
  3.2564532E-04
  3.1826977E-04
  5.3584436E-04
  2.3694288E-04
  3.3120502E-04
  1.1023136E-04
  4.0253400E-04
  2.4414063E-04
  2.8473770E-04
  1.8504194E-04
  1.3548275E-04
  2.0485786E-04
  1.6673279E-04
  2.5810336E-04
  2.7316069E-04
  2.5949941E-04
  2.5630806E-04
  2.0954452E-04
  1.7324234E-04
  3.6276868E-04
  1.2301606E-04
  8.9652269E-05
  3.2002295E-04
  4.3550413E-04
  3.4937527E-04
  1.3698360E-04
  2.5646569E-04
  4.1190872E-04
  1.2816518E-04
  4.1931204E-04
  3.1453266E-04
  3.1000489E-04
  1.2015430E-04
  2.5815633E-04
  3.7146761E-04
  2.8376683E-04
  3.5407129E-04
  8.7752989E-05
  2.9179352E-04
  3.2238514E-04
  3.5563132E-04
  7.7794323E-04
  3.3925154E-04
  2.8156120E-04
