   18.02658    
   17.95340    
   17.74524    
   17.43449    
   17.06921    
   16.70556    
   16.39900    
   16.19595    
   16.12709    
   16.20308    
   16.41302    
   16.72581    
   17.09435    
   17.46239    
   17.77310    
   17.97803    
   18.04485    
   17.96256    
   17.74335    
   17.42062    
   17.04379    
   16.67056    
   16.35810    
   16.15437    
   16.09098    
   16.17842    
   16.40429    
   16.73489    
   17.12004    
   17.50068    
   17.81797    
   18.02255    
   18.08228    
   17.98733    
   17.75177    
   17.41142    
   17.01838    
   16.63300    
   16.31466    
   16.11255    
   16.05807    
   16.15983    
   16.40228    
   16.74804    
   17.14374    
   17.52834    
   17.84258    
   18.03822    
   18.08546    
   17.97763    
   17.73220    
   17.38801    
   16.99913    
   16.62618    
   16.32659    
   16.14548    
   16.10880    
   16.21973    
   16.45891    
   16.78779    
   17.15470    
   17.50279    
   17.77871    
   17.94100    
   17.96676    
   17.85546    
   17.62892    
   17.32733    
   17.00170    
   16.70444    
   16.47997    
   16.35780    
   16.34938    
   16.44866    
   16.63482    
   16.87603    
   17.13378    
   17.36791    
   17.54266    
   17.63290    
   17.62918    
   17.53996    
   17.38980    
   17.21343    
   17.04694    
   16.91884    
   16.84406    
   16.82301    
   16.84522    
   16.89507    
   16.95662    
   17.01618    
   17.06290    
   17.08907    
   17.09114    
   17.07175    
   17.04114    
   17.01637    
   17.01698    
   17.05791    
   17.14228    
   17.25770    
   17.37823    
   17.47159    
   17.50842    
   17.47032    
   17.35435    
   17.17331    
   16.95278    
   16.72651    
   16.53132    
   16.40242    
   16.36848    
   16.44641    
   16.63600    
   16.91668    
   17.24831    
   17.57735    
   17.84676    
   18.00717    
   18.02648    
   17.89587    
   17.63173    
   17.27310    
   16.87554    
   16.50224    
   16.21363    
   16.05700    
   16.05801    
   16.21594    
   16.50389    
   16.87385    
   17.26532    
   17.61575    
   17.87082    
   17.99338    
   17.96951    
   17.81081    
   17.55210    
   17.24453    
   16.94481    
   16.70308    
   16.55257    
   16.50458    
   16.54969    
   16.66377    
   16.81536    
   16.97204    
   17.10514    
   17.19356    
   17.22716    
   17.20950    
   17.15840    
   17.10263    
   17.07415    
   17.09734    
   17.17908    
   17.30443    
   17.44014    
   17.54466    
   17.58033    
   17.52348    
   17.37000    
   17.13608    
   16.85524    
   16.57275    
   16.33870    
   16.19995    
   16.19132    
   16.32716    
   16.59558    
   16.95821    
   17.35648    
   17.72301    
   17.99474    
   18.12491    
   18.09158    
   17.90161    
   17.58952    
   17.21128    
   16.83362    
   16.52062    
   16.32041    
   16.25588    
   16.32230    
   16.49170    
   16.72159    
   16.96447    
   17.17628    
   17.32351    
   17.38874    
   17.37429    
   17.30246    
   17.21075    
   17.14186    
   17.12990    
   17.18789    
   17.30207    
   17.43594    
   17.54224    
   17.57746    
   17.51364    
   17.34509    
   17.08948    
   16.78471    
   16.48263    
   16.24046    
   16.11033    
   16.12793    
   16.30256    
   16.61242    
   17.00748    
   17.41977    
   17.77761    
   18.02000    
   18.10820    
   18.03288    
   17.81582    
   17.50556    
   17.16719    
   16.86725    
   16.65753    
   16.56267    
   16.57665    
   16.66896    
   16.79667    
   16.91692    
   16.99620    
   17.01600    
   16.97560    
   16.89264    
   16.80104    
   16.74453    
   16.76523    
   16.88908    
   17.11368    
   17.40464    
   17.70318    
   17.94169    
   18.06127    
   18.02576    
   17.82990    
   17.50072    
   17.09286    
   16.67828    
   16.33176    
   16.11439    
   16.05939    
   16.16495    
   16.39694    
   16.69947    
   17.00896    
   17.26747    
   17.43359    
   17.48990    
   17.44661    
   17.33980    
   17.22286    
   17.15116    
   17.16332    
   17.26622    
   17.43121    
   17.60373    
   17.72139    
   17.73273    
   17.61081    
   17.35953    
   17.01322    
   16.63039    
   16.28288    
   16.04103    
   15.95715    
   16.05141    
   16.30568    
   16.66815    
   17.06683    
   17.42669    
   17.68566    
   17.80688    
   17.78587    
   17.65150    
   17.45943    
   17.27751    
   17.16514    
   17.15317    
   17.23305    
   17.36110    
   17.47542    
   17.51684    
   17.44607    
   17.25335    
   16.96057    
   16.61720    
   16.29110    
   16.05466    
   15.96741    
   16.05892    
   16.31846    
   16.69654    
   17.11812    
   17.50177    
   17.77844    
   17.90602    
   17.87795    
   17.72457    
   17.50628    
   17.29752    
   17.16417    
   17.14095    
   17.21920    
   17.35153    
   17.47064    
   17.51256    
   17.43537    
   17.22963    
   16.92041    
   16.56258    
   16.23005    
   15.99960    
   15.93100    
   16.04866    
   16.33254    
   16.72334    
   17.13944    
   17.49832    
   17.73582    
   17.81984    
   17.75713    
   17.59197    
   17.39540    
   17.24466    
   17.19716    
   17.26865    
   17.42690    
   17.60467    
   17.72442    
   17.72340    
   17.57092    
   17.27587    
   16.88504    
   16.47370    
   16.12892    
   15.92750    
   15.91351    
   16.08430    
   16.39192    
   16.75924    
   17.10260    
   17.35274    
   17.47010    
   17.45325    
   17.33965    
   17.19710    
   17.10444    
   17.12434    
   17.27766    
   17.53265    
   17.81562    
   18.03712    
   18.12060    
   18.02391    
   17.74991    
   17.34623    
   16.89479    
   16.49193    
   16.22172    
   16.13000    
   16.21055    
   16.41056    
   16.65200    
   16.85706    
   16.96881    
   16.96376    
   16.85687    
   16.69914    
   16.56622    
   16.53678    
   16.66418    
   16.95259    
   17.35093    
   17.76917    
   18.10766    
   18.28661    
   18.26696    
   18.06001    
   17.72504    
   17.35458    
   17.04774    
   16.87742    
   16.86388    
   16.96915    
   17.11545    
   17.21634    
   17.20537    
   17.05408    
   16.77839    
   16.43536    
   16.11069    
   15.89719    
   15.86614    
   16.04093    
   16.38628    
   16.82002    
   17.24061    
   17.55713    
   17.71271    
   17.69803    
   17.55401    
   17.36197    
   17.21974    
   17.20670    
   17.35042    
   17.61302    
   17.90609    
   18.12499    
   18.18460    
   18.04423    
   17.71827    
   17.27311    
   16.81073    
   16.44002    
   16.24126    
   16.23723    
   16.38683    
   16.60511    
   16.79675    
   16.88668    
   16.83955    
   16.66764    
   16.42870    
   16.21279    
   16.11680    
   16.20977    
   16.50251    
   16.93929    
   17.41760    
   17.82391    
   18.06873    
   18.11078    
   17.96768    
   17.71211    
   17.45170    
   17.29329    
   17.30066    
   17.46617    
   17.71416    
   17.93397    
   18.02250    
   17.91766    
   17.61552    
   17.17154    
   16.68681    
   16.28002    
   16.04864    
   16.03233    
   16.19825    
   16.45789    
   16.70388    
   16.84666    
   16.83917    
   16.68807    
   16.45284    
   16.23175    
   16.13280    
   16.23328    
   16.54428    
   17.00203    
   17.49244    
   17.89324    
   18.11320    
   18.11764    
   17.93802    
   17.66432    
   17.41850    
   17.31056    
   17.39144    
   17.62855    
   17.92072    
   18.14240    
   18.19088    
   18.01872    
   17.64685    
   17.15937    
   16.68058    
   16.33538    
   16.20212    
   16.27992    
   16.49193    
   16.72184    
   16.86003    
   16.83851    
   16.64855    
   16.34293    
   16.02351    
   15.81237    
   15.80818    
   16.04283    
   16.46418    
   16.95758    
   17.39126    
   17.66099    
   17.72017    
   17.59275    
   17.36804    
   17.17468    
   17.13354    
   17.30372    
   17.65160    
   18.06527    
   18.40376    
   18.55102    
   18.45343    
   18.13534    
   17.69288    
   17.26552    
   16.98659    
   16.92691    
   17.06192    
   17.28572    
   17.46177    
   17.47746    
   17.28072    
   16.89389    
   16.40797    
   15.95765    
   15.67705    
   15.64589    
   15.85290    
   16.20225    
   16.55814    
   16.79780    
   16.85003    
   16.71424    
   16.46161    
   16.21688    
   16.11738    
   16.25546    
   16.63136    
   17.14976    
   17.66276    
   18.02952    
   18.16395    
   18.06030    
   17.79597    
   17.50952    
   17.35162    
   17.41886    
   17.70412    
   18.09888    
   18.44593    
   18.60595    
   18.50636    
   18.16333    
   17.67768    
   17.20428    
   16.89539    
   16.83324    
   16.98931    
   17.24092    
   17.43242    
   17.43956    
   17.21059    
   16.78035    
   16.26088    
   15.80835    
   15.56637    
   15.60197    
   15.87206    
   16.24669    
   16.57070    
   16.72347    
   16.65600    
   16.40418    
   16.08065    
   15.84158    
   15.82675    
   16.09193    
   16.57652    
   17.13288    
   17.59375    
   17.83583    
   17.81901    
   17.59897    
   17.31276    
   17.13244    
   17.19073    
   17.51145    
   17.99407    
   18.46537    
   18.75835    
   18.77503    
   18.51797    
   18.09049    
   17.66449    
   17.41447    
   17.43486    
   17.68858    
   18.02800    
   18.27078    
   18.27805    
   18.00235    
   17.50160    
   16.92228    
   16.45022    
   16.23295    
   16.30531    
   16.57122    
   16.85775    
   16.99767    
   16.89239    
   16.54122    
   16.04139    
   15.56028    
   15.27603    
   15.29650    
   15.60069    
   16.05046    
   16.46228    
   16.68528    
   16.65145    
   16.39530    
   16.04613    
   15.78836    
   15.78615    
   16.09793    
   16.64013    
   17.23205    
   17.68324    
   17.86815    
   17.76698    
   17.47342    
   17.16743    
   17.04667    
   17.22964    
   17.68621    
   18.25327    
   18.72131    
   18.92739    
   18.81400    
   18.44814    
   18.00176    
   17.68886    
   17.66577    
   17.94316    
   18.37879    
   18.75777    
   18.89559    
   18.70889    
   18.24243    
   17.65590    
   17.16815    
   16.96041    
   17.07770    
   17.40180    
   17.72132    
   17.83853    
   17.64784    
   17.16897    
   16.54102    
   15.97751    
   15.67872    
   15.72712    
   16.03797    
   16.41151    
   16.63885    
   16.58792    
   16.24490    
   15.71802    
   15.20624    
   14.92490    
   14.99873    
   15.38663    
   15.90652    
   16.33631    
   16.51128    
   16.37906    
   16.01558    
   15.60544    
   15.37711    
   15.49345    
   15.95367    
   16.59143    
   17.17072    
   17.49718    
   17.48938    
   17.20522    
   16.82752    
   16.59933    
   16.70780    
   17.17180    
   17.82742    
   18.42519    
   18.75351    
   18.72109    
   18.38803    
   17.94930    
   17.66248    
   17.72169    
   18.13980    
   18.73842    
   19.25521    
   19.47545    
   19.31693    
   18.85822    
   18.31472    
   17.95481    
   17.96355    
   18.32775    
   18.84355    
   19.23938    
   19.31008    
   18.99599    
   18.40292    
   17.76816    
   17.36433    
   17.35503    
   17.69001    
   18.13797    
   18.42496    
   18.36472    
   17.92613    
   17.24300    
   16.57058    
   16.17901    
   16.20393    
   16.55643    
   16.98275    
   17.21348    
   17.08461    
   16.59199    
   15.89237    
   15.25342    
   14.93913    
   15.05733    
   15.48530    
   15.95321    
   16.19863    
   16.07683    
   15.60515    
   14.95867    
   14.41563    
   14.23410    
   14.49569    
   15.04674    
   15.60271    
   15.90577    
   15.82726    
   15.40598    
   14.84006    
   14.42315    
   14.40553    
   14.83377    
   15.51514    
   16.14682    
   16.47675    
   16.39982    
   15.99066    
   15.48598    
   15.19944    
   15.35741    
   15.94487    
   16.71424    
   17.34590    
   17.60804    
   17.44199    
   16.98309    
   16.52127    
   16.37866    
   16.72019    
   17.43479    
   18.21340    
   18.73700    
   18.82312    
   18.49080    
   17.95848    
   17.56639    
   17.60648    
   18.13077    
   18.91147    
   19.59614    
   19.90185    
   19.73239    
   19.21295    
   18.65090    
   18.40353    
   18.66841    
   19.34159    
   20.09156    
   20.56749    
   20.56867    
   20.11999    
   19.46668    
   18.98130    
   18.96960    
   19.46464    
   20.20023    
   20.79358    
   20.95651    
   20.61524    
   19.93775    
   19.27635    
   19.00462    
   19.28454    
   19.94522    
   20.60654    
   20.91325    
   20.69982    
   20.05098    
   19.27557    
   18.77918    
   18.83270    
   19.37626    
   20.06261    
   20.49088    
   20.41386    
   19.83281    
   18.99922    
   18.32199    
   18.15586    
   18.55592    
   19.23191    
   19.75832    
   19.81776    
   19.33157    
   18.48677    
   17.67418    
   17.30682    
   17.54982    
   18.18780    
   18.78970    
   18.97989    
   18.60547    
   17.78674    
   16.88161    
   16.33792    
   16.42015    
   16.99958    
   17.65640    
   17.96810    
   17.71425    
   16.94953    
   15.98962    
   15.29709    
   15.22184    
   15.72835    
   16.42228    
   16.84437    
   16.71372    
   16.02263    
   15.03955    
   14.22567    
   14.00086    
   14.42529    
   15.14152    
   15.66233    
   15.65300    
   15.04802    
   14.06700    
   13.15740    
   12.79374    
   13.13100    
   13.85786    
   14.46610    
   14.57312    
   14.06093    
   13.10105    
   12.11848    
   11.62783    
   11.87594    
   12.60471    
   13.29011    
   13.50664    
   13.08937    
   12.16426    
   11.12807    
   10.52245    
   10.68160    
   11.40627    
   12.15996    
   12.47815    
   12.15451    
   11.27312    
   10.19919    
   9.489951    
   9.561810    
   10.27880    
   11.09354    
   11.50521    
   11.27143    
   10.43882    
   9.339678    
   8.537086    
   8.524106    
   9.231971    
   10.10221    
   10.59931    
   10.44995    
   9.668082    
   8.553254    
   7.666194    
   7.571186    
   8.270379    
   9.192262    
   9.767135    
   9.695711    
   8.964175    
   7.840549    
   6.876451    
   6.702139    
   7.394812    
   8.366058    
   9.011640    
   9.011083    
   8.327724    
   7.199961    
   6.164738    
   5.913430    
   6.603237    
   7.623028    
   8.332897    
   8.395943    
   7.757398    
   6.628370    
   5.526514    
   5.199736    
   5.891683    
   6.960438    
   7.728800    
   7.848271    
   7.250457    
   6.121718    
   4.956507    
   4.554789    
   5.255207    
   6.374320    
   7.195895    
   7.364848    
   6.803278    
   5.675402    
   4.449124    
   3.971772    
   4.688367    
   5.859991    
   6.729905    
   6.941747    
   6.411803    
   5.284672    
   3.998836    
   3.443660    
   4.185703    
   5.412440    
   6.326151    
   6.574754    
   6.071920    
   4.945040    
   3.600663    
   2.963613    
   3.742133    
   5.026680    
   5.979867    
   6.259611    
   5.779640    
   4.652364    
   3.250367    
   2.525107    
   3.353198    
   4.697853    
   5.686304    
   5.992111    
   5.531122    
   4.402859    
   2.944473    
   2.121913    
   3.015304    
   4.421490    
   5.441048    
   5.768395    
   5.322952    
   4.193303    
   2.680601    
   1.748267    
   2.725950    
   4.193587    
   5.240130    
   5.585082    
   5.152247    
   4.021127    
   2.457613    
   1.398845    
   2.483753    
   4.010578    
   5.080035    
   5.439234    
   5.016616    
   3.884367    
   2.275619    
   1.068692    
   2.288419    
   3.869306    
   4.957694    
   5.328382    
   4.914146    
   3.781596    
   2.135859    
  0.7531606    
   2.140543    
   3.767076    
   4.870559    
   5.250566    
   4.843441    
   3.711949    
   2.040376    
  0.4478287    
   2.041276    
   3.701720    
   4.816703    
   5.204435    
   4.803715    
   3.675166    
   1.991617    
  0.1485881    
   1.991595    
   3.671514    
   4.794718    
   5.189160    
   4.794718    
   3.671514    
   1.991593    
  0.1485882    
   1.991617    
   3.675164    
   4.803718    
   5.204434    
   4.816704    
   3.701722    
   2.041274    
  0.4478292    
   2.040376    
   3.711947    
   4.843439    
   5.250565    
   4.870561    
   3.767075    
   2.140544    
  0.7531606    
   2.135858    
   3.781599    
   4.914147    
   5.328383    
   4.957695    
   3.869303    
   2.288417    
   1.068694    
   2.275618    
   3.884365    
   5.016616    
   5.439232    
   5.080033    
   4.010575    
   2.483756    
   1.398843    
   2.457612    
   4.021129    
   5.152248    
   5.585081    
   5.240130    
   4.193587    
   2.725948    
   1.748266    
   2.680603    
   4.193301    
   5.322953    
   5.768396    
   5.441049    
   4.421492    
   3.015302    
   2.121912    
   2.944473    
   4.402860    
   5.531122    
   5.992111    
   5.686305    
   4.697852    
   3.353197    
   2.525105    
   3.250368    
   4.652364    
   5.779641    
   6.259610    
   5.979867    
   5.026677    
   3.742133    
   2.963615    
   3.600664    
   4.945037    
   6.071922    
   6.574756    
   6.326153    
   5.412442    
   4.185701    
   3.443659    
   3.998832    
   5.284672    
   6.411805    
   6.941745    
   6.729901    
   5.859986    
   4.688369    
   3.971774    
   4.449124    
   5.675400    
   6.803279    
   7.364849    
   7.195894    
   6.374320    
   5.255205    
   4.554787    
   4.956510    
   6.121718    
   7.250457    
   7.848273    
   7.728801    
   6.960435    
   5.891684    
   5.199734    
   5.526513    
   6.628372    
   7.757397    
   8.395943    
   8.332898    
   7.623026    
   6.603235    
   5.913430    
   6.164737    
   7.199960    
   8.327725    
   9.011083    
   9.011642    
   8.366057    
   7.394810    
   6.702140    
   6.876447    
   7.840547    
   8.964175    
   9.695711    
   9.767132    
   9.192262    
   8.270378    
   7.571185    
   7.666195    
   8.553255    
   9.668081    
   10.44995    
   10.59931    
   10.10221    
   9.231970    
   8.524107    
   8.537086    
   9.339679    
   10.43882    
   11.27143    
   11.50521    
   11.09354    
   10.27880    
   9.561810    
   9.489956    
   10.19919    
   11.27312    
   12.15451    
   12.47815    
   12.15996    
   11.40627    
   10.68161    
   10.52244    
   11.12807    
   12.16426    
   13.08937    
   13.50664    
   13.29011    
   12.60472    
   11.87594    
   11.62783    
   12.11848    
   13.10105    
   14.06093    
   14.57312    
   14.46610    
   13.85787    
   13.13100    
   12.79374    
   13.15740    
   14.06700    
   15.04802    
   15.65300    
   15.66233    
   15.14152    
   14.42529    
   14.00086    
   14.22566    
   15.03955    
   16.02263    
   16.71372    
   16.84436    
   16.42228    
   15.72835    
   15.22183    
   15.29709    
   15.98962    
   16.94952    
   17.71425    
   17.96810    
   17.65640    
   16.99957    
   16.42015    
   16.33792    
   16.88161    
   17.78674    
   18.60547    
   18.97989    
   18.78970    
   18.18779    
   17.54983    
   17.30683    
   17.67418    
   18.48677    
   19.33157    
   19.81776    
   19.75832    
   19.23192    
   18.55591    
   18.15586    
   18.32199    
   18.99922    
   19.83281    
   20.41385    
   20.49088    
   20.06261    
   19.37627    
   18.83270    
   18.77918    
   19.27557    
   20.05098    
   20.69982    
   20.91325    
   20.60654    
   19.94522    
   19.28453    
   19.00462    
   19.27635    
   19.93775    
   20.61523    
   20.95651    
   20.79358    
   20.20023    
   19.46464    
   18.96960    
   18.98130    
   19.46668    
   20.11999    
   20.56867    
   20.56749    
   20.09156    
   19.34159    
   18.66841    
   18.40353    
   18.65090    
   19.21295    
   19.73239    
   19.90185    
   19.59614    
   18.91147    
   18.13077    
   17.60648    
   17.56639    
   17.95848    
   18.49080    
   18.82312    
   18.73700    
   18.21340    
   17.43479    
   16.72019    
   16.37866    
   16.52126    
   16.98309    
   17.44199    
   17.60804    
   17.34590    
   16.71424    
   15.94487    
   15.35741    
   15.19944    
   15.48598    
   15.99066    
   16.39982    
   16.47675    
   16.14682    
   15.51514    
   14.83376    
   14.40554    
   14.42315    
   14.84006    
   15.40598    
   15.82726    
   15.90577    
   15.60271    
   15.04674    
   14.49569    
   14.23410    
   14.41563    
   14.95867    
   15.60514    
   16.07683    
   16.19862    
   15.95321    
   15.48530    
   15.05732    
   14.93913    
   15.25343    
   15.89237    
   16.59199    
   17.08461    
   17.21348    
   16.98275    
   16.55643    
   16.20393    
   16.17901    
   16.57059    
   17.24300    
   17.92613    
   18.36471    
   18.42496    
   18.13796    
   17.69001    
   17.35504    
   17.36433    
   17.76816    
   18.40292    
   18.99599    
   19.31008    
   19.23938    
   18.84355    
   18.32775    
   17.96355    
   17.95481    
   18.31472    
   18.85822    
   19.31693    
   19.47545    
   19.25521    
   18.73842    
   18.13980    
   17.72169    
   17.66248    
   17.94930    
   18.38803    
   18.72109    
   18.75351    
   18.42519    
   17.82742    
   17.17179    
   16.70780    
   16.59933    
   16.82752    
   17.20522    
   17.48938    
   17.49718    
   17.17072    
   16.59143    
   15.95367    
   15.49345    
   15.37711    
   15.60544    
   16.01558    
   16.37906    
   16.51128    
   16.33632    
   15.90652    
   15.38663    
   14.99873    
   14.92490    
   15.20624    
   15.71802    
   16.24490    
   16.58792    
   16.63885    
   16.41151    
   16.03797    
   15.72711    
   15.67872    
   15.97751    
   16.54102    
   17.16897    
   17.64784    
   17.83853    
   17.72132    
   17.40180    
   17.07770    
   16.96041    
   17.16815    
   17.65590    
   18.24243    
   18.70889    
   18.89559    
   18.75777    
   18.37879    
   17.94316    
   17.66577    
   17.68886    
   18.00176    
   18.44814    
   18.81400    
   18.92739    
   18.72131    
   18.25328    
   17.68620    
   17.22963    
   17.04667    
   17.16743    
   17.47342    
   17.76698    
   17.86815    
   17.68324    
   17.23205    
   16.64013    
   16.09793    
   15.78615    
   15.78836    
   16.04613    
   16.39530    
   16.65145    
   16.68528    
   16.46228    
   16.05046    
   15.60068    
   15.29650    
   15.27603    
   15.56028    
   16.04139    
   16.54122    
   16.89239    
   16.99767    
   16.85776    
   16.57122    
   16.30531    
   16.23295    
   16.45022    
   16.92227    
   17.50160    
   18.00235    
   18.27805    
   18.27078    
   18.02800    
   17.68858    
   17.43485    
   17.41447    
   17.66449    
   18.09049    
   18.51797    
   18.77502    
   18.75835    
   18.46537    
   17.99407    
   17.51145    
   17.19073    
   17.13244    
   17.31276    
   17.59897    
   17.81901    
   17.83583    
   17.59374    
   17.13288    
   16.57652    
   16.09193    
   15.82676    
   15.84158    
   16.08064    
   16.40418    
   16.65601    
   16.72347    
   16.57070    
   16.24669    
   15.87206    
   15.60197    
   15.56637    
   15.80835    
   16.26088    
   16.78035    
   17.21059    
   17.43956    
   17.43242    
   17.24092    
   16.98931    
   16.83325    
   16.89538    
   17.20428    
   17.67768    
   18.16333    
   18.50636    
   18.60596    
   18.44593    
   18.09887    
   17.70412    
   17.41886    
   17.35162    
   17.50952    
   17.79597    
   18.06030    
   18.16395    
   18.02952    
   17.66275    
   17.14976    
   16.63136    
   16.25545    
   16.11737    
   16.21688    
   16.46161    
   16.71424    
   16.85003    
   16.79780    
   16.55814    
   16.20225    
   15.85289    
   15.64589    
   15.67705    
   15.95765    
   16.40797    
   16.89389    
   17.28072    
   17.47746    
   17.46176    
   17.28573    
   17.06191    
   16.92691    
   16.98659    
   17.26552    
   17.69287    
   18.13534    
   18.45343    
   18.55102    
   18.40375    
   18.06527    
   17.65160    
   17.30372    
   17.13354    
   17.17468    
   17.36804    
   17.59275    
   17.72017    
   17.66099    
   17.39126    
   16.95757    
   16.46417    
   16.04283    
   15.80818    
   15.81237    
   16.02351    
   16.34293    
   16.64855    
   16.83851    
   16.86003    
   16.72184    
   16.49193    
   16.27992    
   16.20212    
   16.33538    
   16.68058    
   17.15937    
   17.64685    
   18.01872    
   18.19088    
   18.14240    
   17.92072    
   17.62855    
   17.39144    
   17.31056    
   17.41850    
   17.66432    
   17.93802    
   18.11765    
   18.11320    
   17.89324    
   17.49244    
   17.00203    
   16.54429    
   16.23328    
   16.13280    
   16.23175    
   16.45284    
   16.68807    
   16.83916    
   16.84666    
   16.70388    
   16.45789    
   16.19825    
   16.03233    
   16.04864    
   16.28002    
   16.68681    
   17.17154    
   17.61552    
   17.91766    
   18.02250    
   17.93397    
   17.71416    
   17.46617    
   17.30066    
   17.29329    
   17.45170    
   17.71211    
   17.96768    
   18.11078    
   18.06873    
   17.82391    
   17.41760    
   16.93930    
   16.50251    
   16.20977    
   16.11680    
   16.21279    
   16.42869    
   16.66764    
   16.83954    
   16.88668    
   16.79675    
   16.60511    
   16.38683    
   16.23723    
   16.24126    
   16.44002    
   16.81073    
   17.27311    
   17.71827    
   18.04423    
   18.18460    
   18.12499    
   17.90609    
   17.61302    
   17.35043    
   17.20670    
   17.21974    
   17.36198    
   17.55401    
   17.69803    
   17.71270    
   17.55713    
   17.24061    
   16.82003    
   16.38628    
   16.04093    
   15.86614    
   15.89719    
   16.11069    
   16.43535    
   16.77839    
   17.05408    
   17.20537    
   17.21634    
   17.11545    
   16.96915    
   16.86388    
   16.87742    
   17.04774    
   17.35457    
   17.72504    
   18.06001    
   18.26696    
   18.28661    
   18.10766    
   17.76916    
   17.35093    
   16.95258    
   16.66418    
   16.53677    
   16.56622    
   16.69914    
   16.85687    
   16.96376    
   16.96881    
   16.85706    
   16.65200    
   16.41056    
   16.21054    
   16.13000    
   16.22172    
   16.49193    
   16.89479    
   17.34623    
   17.74991    
   18.02391    
   18.12060    
   18.03712    
   17.81562    
   17.53265    
   17.27766    
   17.12434    
   17.10444    
   17.19710    
   17.33965    
   17.45325    
   17.47010    
   17.35274    
   17.10260    
   16.75924    
   16.39192    
   16.08430    
   15.91351    
   15.92750    
   16.12892    
   16.47370    
   16.88504    
   17.27587    
   17.57092    
   17.72340    
   17.72443    
   17.60467    
   17.42691    
   17.26865    
   17.19716    
   17.24466    
   17.39539    
   17.59197    
   17.75712    
   17.81985    
   17.73582    
   17.49832    
   17.13943    
   16.72334    
   16.33253    
   16.04866    
   15.93100    
   15.99960    
   16.23005    
   16.56258    
   16.92041    
   17.22963    
   17.43537    
   17.51256    
   17.47065    
   17.35153    
   17.21920    
   17.14095    
   17.16417    
   17.29752    
   17.50627    
   17.72458    
   17.87795    
   17.90602    
   17.77844    
   17.50177    
   17.11812    
   16.69654    
   16.31846    
   16.05893    
   15.96741    
   16.05466    
   16.29110    
   16.61719    
   16.96057    
   17.25336    
   17.44607    
   17.51684    
   17.47542    
   17.36110    
   17.23305    
   17.15317    
   17.16514    
   17.27751    
   17.45944    
   17.65150    
   17.78587    
   17.80688    
   17.68566    
   17.42669    
   17.06683    
   16.66815    
   16.30568    
   16.05141    
   15.95714    
   16.04103    
   16.28289    
   16.63039    
   17.01322    
   17.35953    
   17.61081    
   17.73273    
   17.72139    
   17.60373    
   17.43121    
   17.26622    
   17.16333    
   17.15116    
   17.22285    
   17.33980    
   17.44661    
   17.48990    
   17.43359    
   17.26747    
   17.00895    
   16.69947    
   16.39694    
   16.16495    
   16.05938    
   16.11439    
   16.33176    
   16.67828    
   17.09285    
   17.50072    
   17.82990    
   18.02576    
   18.06126    
   17.94169    
   17.70318    
   17.40464    
   17.11368    
   16.88908    
   16.76523    
   16.74453    
   16.80104    
   16.89264    
   16.97560    
   17.01600    
   16.99620    
   16.91691    
   16.79667    
   16.66896    
   16.57665    
   16.56267    
   16.65753    
   16.86725    
   17.16719    
   17.50556    
   17.81582    
   18.03288    
   18.10820    
   18.02000    
   17.77761    
   17.41977    
   17.00748    
   16.61242    
   16.30256    
   16.12792    
   16.11033    
   16.24045    
   16.48262    
   16.78471    
   17.08947    
   17.34509    
   17.51364    
   17.57746    
   17.54224    
   17.43594    
   17.30207    
   17.18789    
   17.12990    
   17.14186    
   17.21075    
   17.30246    
   17.37429    
   17.38874    
   17.32351    
   17.17628    
   16.96446    
   16.72159    
   16.49170    
   16.32230    
   16.25588    
   16.32041    
   16.52062    
   16.83362    
   17.21128    
   17.58952    
   17.90161    
   18.09158    
   18.12491    
   17.99474    
   17.72301    
   17.35648    
   16.95820    
   16.59558    
   16.32717    
   16.19133    
   16.19995    
   16.33871    
   16.57275    
   16.85524    
   17.13608    
   17.37000    
   17.52348    
   17.58033    
   17.54465    
   17.44014    
   17.30443    
   17.17908    
   17.09734    
   17.07416    
   17.10263    
   17.15840    
   17.20950    
   17.22716    
   17.19356    
   17.10515    
   16.97204    
   16.81536    
   16.66377    
   16.54969    
   16.50459    
   16.55257    
   16.70308    
   16.94481    
   17.24453    
   17.55210    
   17.81081    
   17.96951    
   17.99338    
   17.87082    
   17.61574    
   17.26532    
   16.87385    
   16.50390    
   16.21594    
   16.05801    
   16.05701    
   16.21363    
   16.50224    
   16.87554    
   17.27309    
   17.63173    
   17.89587    
   18.02648    
   18.00718    
   17.84676    
   17.57735    
   17.24831    
   16.91668    
   16.63600    
   16.44641    
   16.36848    
   16.40242    
   16.53132    
   16.72650    
   16.95278    
   17.17330    
   17.35435    
   17.47032    
   17.50842    
   17.47159    
   17.37823    
   17.25769    
   17.14228    
   17.05791    
   17.01698    
   17.01637    
   17.04114    
   17.07175    
   17.09114    
   17.08907    
   17.06290    
   17.01617    
   16.95662    
   16.89507    
   16.84522    
   16.82301    
   16.84406    
   16.91884    
   17.04694    
   17.21342    
   17.38980    
   17.53996    
   17.62918    
   17.63290    
   17.54266    
   17.36791    
   17.13378    
   16.87603    
   16.63482    
   16.44866    
   16.34938    
   16.35780    
   16.47997    
   16.70444    
   17.00170    
   17.32733    
   17.62892    
   17.85545    
   17.96676    
   17.94100    
   17.77871    
   17.50279    
   17.15470    
   16.78779    
   16.45892    
   16.21973    
   16.10880    
   16.14548    
   16.32659    
   16.62618    
   16.99913    
   17.38801    
   17.73220    
   17.97763    
   18.08546    
   18.03822    
   17.84258    
   17.52834    
   17.14375    
   16.74804    
   16.40228    
   16.15983    
   16.05807    
   16.11255    
   16.31466    
   16.63300    
   17.01838    
   17.41142    
   17.75177    
   17.98733    
   18.08228    
   18.02255    
   17.81797    
   17.50068    
   17.12004    
   16.73489    
   16.40429    
   16.17842    
   16.09098    
   16.15437    
   16.35810    
   16.67057    
   17.04379    
   17.42063    
   17.74335    
   17.96257    
   18.04485    
   17.97803    
   17.77310    
   17.46239    
   17.09435    
   16.72581    
   16.41303    
   16.20308    
   16.12708    
   16.19595    
   16.39900    
   16.70556    
   17.06921    
   17.43449    
   17.74524    
   17.95339    
