-138.323971151
253.805829026
500.940150011
422.485611065
217.539733073
582.277982724
32.6263870969
429.698525293
193.975472641
-491.133409907
-84.7605539718
-78.0179746763
185.441652812
-102.801268126
392.129800177
639.264121162
560.809582215
355.863704224
170.950358248
568.022496444
332.299443792
-352.809438756
53.563417179
60.3059964744
323.765623963
35.5227030248
671.205571898
-684.347396717
-437.213075732
-515.667614678
-161.110746163
-355.875243019
-91.2408676425
-23.6199016546
-508.454700449
58.3519814864
-405.271624996
247.134320985
168.679782038
-36.2660959535
523.236650553
328.472153698
-221.179441929
593.106529074
660.727495062
175.892696267
-59.8303563853
-338.566382998
-331.823803703
-68.3641762144
-356.607097152
279.075771721
-689.746687916
-78.4545389464
-283.400416938
276.102329568
81.3378327132
-468.313762914
345.972208089
413.593174077
-71.2416247175
-306.96467737
-585.700703983
-578.958124687
495.565057218
-315.498497199
-603.741418137
31.9414507362
561.77199624
-204.945877992
354.556868515
159.79237166
-389.859223968
424.426747036
492.047713024
7.21291422883
-228.510138424
-507.246165036
-500.503585741
574.019596165
-237.043958253
-525.286879191
110.395989683
640.226535186
559.502746507
364.738249651
-184.913345976
629.372625028
696.993591015
212.158792221
-23.5642604319
-302.300287045
-295.557707749
-32.0980802609
-320.341001199
315.341867674
-653.480591963
-194.764496855
69.8698785208
137.490844509
-347.343954286
-583.067006939
219.46272765
-591.600826768
-244.160878832
285.669666672
-549.651595627
264.634375376
332.255341364
-152.579457431
-388.302510083
-667.038536696
-660.295957401
414.227224505
-396.836329912
-685.07925085
-49.396381977
480.434163527
397.072138197
161.349085544
-523.759797004
-117.386941069
-110.644361773
152.815265715
-135.427655223
500.25521365
-468.567245987
67.6209659879
-417.213832807
-652.936885459
149.592849129
-661.470705288
-314.030757353
215.799788151
-484.834798795
81.971883141
-381.651723341
148.178822163
-235.723052653
-514.459079265
-507.71649997
566.806681936
-244.256872482
-532.499793419
103.183075454
633.013620958
-685.108882548
-278.736026613
-271.993447317
-8.53381982904
-296.776740767
338.906128106
-629.916331531
406.372855935
413.11543523
676.575062718
388.332141781
55.1925510168
6.74257929544
270.202206784
-18.0407141542
617.642154719
-351.180304918
263.459627488
-24.7832934496
610.899575424
-357.922884214
-463.623606482
66.2069390218
-288.242920938
347.439947935
-621.382511702
635.682868873
-333.139590764
529.830545504
