1 16 2012.33888889 2012.38333333
2 48 2012.33888889 2012.47222222
3 56 2012.33888889 2012.49444444
4 57 2012.33888889 2012.49722222
5 75 2012.33888889 2012.54722222
6 107 2012.33888889 2012.63611111
7 122 2012.33888889 2012.67777778
8 169 2012.33888889 2012.80833333
9 201 2012.33888889 2012.89722222
10 216 2012.33888889 2012.93888889
11 232 2012.33888889 2012.98333333
12 248 2012.33888889 2013.02777778
13 284 2012.33888889 2013.11388889
14 300 2012.33888889 2013.15833333
15 32 2012.38333333 2012.47222222
16 40 2012.38333333 2012.49444444
17 41 2012.38333333 2012.49722222
18 59 2012.38333333 2012.54722222
19 106 2012.38333333 2012.67777778
20 153 2012.38333333 2012.80833333
21 185 2012.38333333 2012.89722222
22 200 2012.38333333 2012.93888889
23 216 2012.38333333 2012.98333333
24 232 2012.38333333 2013.02777778
25 268 2012.38333333 2013.11388889
26 284 2012.38333333 2013.15833333
27 299 2012.38333333 2013.2
28 16 2012.42777778 2012.47222222
29 24 2012.42777778 2012.49444444
30 25 2012.42777778 2012.49722222
31 59 2012.42777778 2012.59166667
32 75 2012.42777778 2012.63611111
33 106 2012.42777778 2012.72222222
34 121 2012.42777778 2012.76388889
35 137 2012.42777778 2012.80833333
36 232 2012.42777778 2013.07222222
37 283 2012.42777778 2013.2
38 8 2012.47222222 2012.49444444
39 9 2012.47222222 2012.49722222
40 27 2012.47222222 2012.54722222
41 43 2012.47222222 2012.59166667
42 59 2012.47222222 2012.63611111
43 74 2012.47222222 2012.67777778
44 90 2012.47222222 2012.72222222
45 105 2012.47222222 2012.76388889
46 121 2012.47222222 2012.80833333
47 153 2012.47222222 2012.89722222
48 184 2012.47222222 2012.98333333
49 200 2012.47222222 2013.02777778
50 236 2012.47222222 2013.11388889
51 252 2012.47222222 2013.15833333
52 267 2012.47222222 2013.2
53 283 2012.47222222 2013.24444444
54 1 2012.49444444 2012.49722222
55 19 2012.49444444 2012.54722222
56 35 2012.49444444 2012.59166667
57 51 2012.49444444 2012.63611111
58 66 2012.49444444 2012.67777778
59 82 2012.49444444 2012.72222222
60 97 2012.49444444 2012.76388889
61 113 2012.49444444 2012.80833333
62 145 2012.49444444 2012.89722222
63 176 2012.49444444 2012.98333333
64 192 2012.49444444 2013.02777778
65 208 2012.49444444 2013.07222222
66 228 2012.49444444 2013.11388889
67 244 2012.49444444 2013.15833333
68 259 2012.49444444 2013.2
69 293 2012.49444444 2013.29444444
70 18 2012.49722222 2012.54722222
71 34 2012.49722222 2012.59166667
72 50 2012.49722222 2012.63611111
73 65 2012.49722222 2012.67777778
74 81 2012.49722222 2012.72222222
75 96 2012.49722222 2012.76388889
76 112 2012.49722222 2012.80833333
77 144 2012.49722222 2012.89722222
78 175 2012.49722222 2012.98333333
79 191 2012.49722222 2013.02777778
80 207 2012.49722222 2013.07222222
81 227 2012.49722222 2013.11388889
82 243 2012.49722222 2013.15833333
83 258 2012.49722222 2013.2
84 292 2012.49722222 2013.29444444
85 16 2012.54722222 2012.59166667
86 32 2012.54722222 2012.63611111
87 47 2012.54722222 2012.67777778
88 63 2012.54722222 2012.72222222
89 78 2012.54722222 2012.76388889
90 94 2012.54722222 2012.80833333
91 126 2012.54722222 2012.89722222
92 157 2012.54722222 2012.98333333
93 173 2012.54722222 2013.02777778
94 209 2012.54722222 2013.11388889
95 225 2012.54722222 2013.15833333
96 240 2012.54722222 2013.2
97 256 2012.54722222 2013.24444444
98 16 2012.59166667 2012.63611111
99 47 2012.59166667 2012.72222222
100 62 2012.59166667 2012.76388889
101 78 2012.59166667 2012.80833333
102 110 2012.59166667 2012.89722222
103 173 2012.59166667 2013.07222222
104 193 2012.59166667 2013.11388889
105 224 2012.59166667 2013.2
106 258 2012.59166667 2013.29444444
107 15 2012.63611111 2012.67777778
108 31 2012.63611111 2012.72222222
109 46 2012.63611111 2012.76388889
110 62 2012.63611111 2012.80833333
111 94 2012.63611111 2012.89722222
112 125 2012.63611111 2012.98333333
113 141 2012.63611111 2013.02777778
114 157 2012.63611111 2013.07222222
115 177 2012.63611111 2013.11388889
116 193 2012.63611111 2013.15833333
117 208 2012.63611111 2013.2
118 242 2012.63611111 2013.29444444
119 47 2012.67777778 2012.80833333
120 79 2012.67777778 2012.89722222
121 94 2012.67777778 2012.93888889
122 110 2012.67777778 2012.98333333
123 126 2012.67777778 2013.02777778
124 162 2012.67777778 2013.11388889
125 178 2012.67777778 2013.15833333
126 193 2012.67777778 2013.2
127 209 2012.67777778 2013.24444444
128 15 2012.72222222 2012.76388889
129 31 2012.72222222 2012.80833333
130 63 2012.72222222 2012.89722222
131 126 2012.72222222 2013.07222222
132 146 2012.72222222 2013.11388889
133 177 2012.72222222 2013.2
134 211 2012.72222222 2013.29444444
135 16 2012.76388889 2012.80833333
136 111 2012.76388889 2013.07222222
137 162 2012.76388889 2013.2
138 196 2012.76388889 2013.29444444
139 32 2012.80833333 2012.89722222
140 63 2012.80833333 2012.98333333
141 79 2012.80833333 2013.02777778
142 95 2012.80833333 2013.07222222
143 115 2012.80833333 2013.11388889
144 131 2012.80833333 2013.15833333
145 146 2012.80833333 2013.2
146 180 2012.80833333 2013.29444444
147 15 2012.89722222 2012.93888889
148 31 2012.89722222 2012.98333333
149 47 2012.89722222 2013.02777778
150 83 2012.89722222 2013.11388889
151 99 2012.89722222 2013.15833333
152 114 2012.89722222 2013.2
153 130 2012.89722222 2013.24444444
154 16 2012.93888889 2012.98333333
155 32 2012.93888889 2013.02777778
156 68 2012.93888889 2013.11388889
157 84 2012.93888889 2013.15833333
158 115 2012.93888889 2013.24444444
159 16 2012.98333333 2013.02777778
160 52 2012.98333333 2013.11388889
161 68 2012.98333333 2013.15833333
162 83 2012.98333333 2013.2
163 99 2012.98333333 2013.24444444
164 36 2013.02777778 2013.11388889
165 52 2013.02777778 2013.15833333
166 67 2013.02777778 2013.2
167 83 2013.02777778 2013.24444444
168 51 2013.07222222 2013.2
169 85 2013.07222222 2013.29444444
170 16 2013.11388889 2013.15833333
171 31 2013.11388889 2013.2
172 47 2013.11388889 2013.24444444
173 15 2013.15833333 2013.2
174 31 2013.15833333 2013.24444444
175 34 2013.2 2013.29444444
