16.0 0.0 0.0 0.0 0.0 0.0 0.0 0.0 0.0 0.0 0.0 0.0 0.0 0.0 0.0 0.0 0.0 0.0 0.0 0.0 0.0 0.0 
16.0 16.0 16.0 0.0 0.0 0.0 0.0 0.0 0.0 0.0 0.0 0.0 0.0 0.0 0.0 0.0 0.0 0.0 0.0 0.0 0.0 0.0 
16.0 16.0 16.0 8.0 0.0 0.0 0.0 0.0 0.0 0.0 0.0 0.0 0.0 0.0 0.0 0.0 0.0 0.0 0.0 0.0 0.0 0.0 
16.0 16.0 16.0 8.0 1.0 0.0 0.0 0.0 0.0 0.0 0.0 0.0 0.0 0.0 0.0 0.0 0.0 0.0 0.0 0.0 0.0 0.0 
16.0 16.0 16.0 8.0 1.0 18.0 0.0 0.0 0.0 0.0 0.0 0.0 0.0 0.0 0.0 0.0 0.0 0.0 0.0 0.0 0.0 0.0 
16.0 16.0 16.0 8.0 1.0 18.0 16.0 16.0 0.0 0.0 0.0 0.0 0.0 0.0 0.0 0.0 0.0 0.0 0.0 0.0 0.0 0.0 
16.0 16.0 16.0 8.0 1.0 18.0 16.0 16.0 15.0 0.0 0.0 0.0 0.0 0.0 0.0 0.0 0.0 0.0 0.0 0.0 0.0 0.0 
16.0 16.0 16.0 8.0 1.0 18.0 16.0 16.0 15.0 16.0 15.0 16.0 0.0 0.0 0.0 0.0 0.0 0.0 0.0 0.0 0.0 0.0 
16.0 16.0 16.0 8.0 1.0 18.0 16.0 16.0 15.0 16.0 15.0 16.0 32.0 0.0 0.0 0.0 0.0 0.0 0.0 0.0 0.0 0.0 
16.0 16.0 16.0 8.0 1.0 18.0 16.0 16.0 15.0 16.0 15.0 16.0 32.0 15.0 0.0 0.0 0.0 0.0 0.0 0.0 0.0 0.0 
16.0 16.0 16.0 8.0 1.0 18.0 16.0 16.0 15.0 16.0 15.0 16.0 32.0 15.0 16.0 0.0 0.0 0.0 0.0 0.0 0.0 0.0 
16.0 16.0 16.0 8.0 1.0 18.0 16.0 16.0 15.0 16.0 15.0 16.0 32.0 15.0 16.0 16.0 0.0 0.0 0.0 0.0 0.0 0.0 
16.0 16.0 16.0 8.0 1.0 18.0 16.0 16.0 15.0 16.0 15.0 16.0 32.0 15.0 16.0 16.0 16.0 15.0 0.0 0.0 0.0 0.0 
16.0 16.0 16.0 8.0 1.0 18.0 16.0 16.0 15.0 16.0 15.0 16.0 32.0 15.0 16.0 16.0 16.0 15.0 16.0 0.0 0.0 0.0 
0.0 16.0 16.0 0.0 0.0 0.0 0.0 0.0 0.0 0.0 0.0 0.0 0.0 0.0 0.0 0.0 0.0 0.0 0.0 0.0 0.0 0.0 
0.0 16.0 16.0 8.0 0.0 0.0 0.0 0.0 0.0 0.0 0.0 0.0 0.0 0.0 0.0 0.0 0.0 0.0 0.0 0.0 0.0 0.0 
0.0 16.0 16.0 8.0 1.0 0.0 0.0 0.0 0.0 0.0 0.0 0.0 0.0 0.0 0.0 0.0 0.0 0.0 0.0 0.0 0.0 0.0 
0.0 16.0 16.0 8.0 1.0 18.0 0.0 0.0 0.0 0.0 0.0 0.0 0.0 0.0 0.0 0.0 0.0 0.0 0.0 0.0 0.0 0.0 
0.0 16.0 16.0 8.0 1.0 18.0 16.0 16.0 15.0 0.0 0.0 0.0 0.0 0.0 0.0 0.0 0.0 0.0 0.0 0.0 0.0 0.0 
0.0 16.0 16.0 8.0 1.0 18.0 16.0 16.0 15.0 16.0 15.0 16.0 0.0 0.0 0.0 0.0 0.0 0.0 0.0 0.0 0.0 0.0 
0.0 16.0 16.0 8.0 1.0 18.0 16.0 16.0 15.0 16.0 15.0 16.0 32.0 0.0 0.0 0.0 0.0 0.0 0.0 0.0 0.0 0.0 
0.0 16.0 16.0 8.0 1.0 18.0 16.0 16.0 15.0 16.0 15.0 16.0 32.0 15.0 0.0 0.0 0.0 0.0 0.0 0.0 0.0 0.0 
0.0 16.0 16.0 8.0 1.0 18.0 16.0 16.0 15.0 16.0 15.0 16.0 32.0 15.0 16.0 0.0 0.0 0.0 0.0 0.0 0.0 0.0 
0.0 16.0 16.0 8.0 1.0 18.0 16.0 16.0 15.0 16.0 15.0 16.0 32.0 15.0 16.0 16.0 0.0 0.0 0.0 0.0 0.0 0.0 
0.0 16.0 16.0 8.0 1.0 18.0 16.0 16.0 15.0 16.0 15.0 16.0 32.0 15.0 16.0 16.0 16.0 15.0 0.0 0.0 0.0 0.0 
0.0 16.0 16.0 8.0 1.0 18.0 16.0 16.0 15.0 16.0 15.0 16.0 32.0 15.0 16.0 16.0 16.0 15.0 16.0 0.0 0.0 0.0 
0.0 16.0 16.0 8.0 1.0 18.0 16.0 16.0 15.0 16.0 15.0 16.0 32.0 15.0 16.0 16.0 16.0 15.0 16.0 15.0 0.0 0.0 
0.0 0.0 16.0 0.0 0.0 0.0 0.0 0.0 0.0 0.0 0.0 0.0 0.0 0.0 0.0 0.0 0.0 0.0 0.0 0.0 0.0 0.0 
0.0 0.0 16.0 8.0 0.0 0.0 0.0 0.0 0.0 0.0 0.0 0.0 0.0 0.0 0.0 0.0 0.0 0.0 0.0 0.0 0.0 0.0 
0.0 0.0 16.0 8.0 1.0 0.0 0.0 0.0 0.0 0.0 0.0 0.0 0.0 0.0 0.0 0.0 0.0 0.0 0.0 0.0 0.0 0.0 
0.0 0.0 16.0 8.0 1.0 18.0 16.0 0.0 0.0 0.0 0.0 0.0 0.0 0.0 0.0 0.0 0.0 0.0 0.0 0.0 0.0 0.0 
0.0 0.0 16.0 8.0 1.0 18.0 16.0 16.0 0.0 0.0 0.0 0.0 0.0 0.0 0.0 0.0 0.0 0.0 0.0 0.0 0.0 0.0 
0.0 0.0 16.0 8.0 1.0 18.0 16.0 16.0 15.0 16.0 0.0 0.0 0.0 0.0 0.0 0.0 0.0 0.0 0.0 0.0 0.0 0.0 
0.0 0.0 16.0 8.0 1.0 18.0 16.0 16.0 15.0 16.0 15.0 0.0 0.0 0.0 0.0 0.0 0.0 0.0 0.0 0.0 0.0 0.0 
0.0 0.0 16.0 8.0 1.0 18.0 16.0 16.0 15.0 16.0 15.0 16.0 0.0 0.0 0.0 0.0 0.0 0.0 0.0 0.0 0.0 0.0 
0.0 0.0 16.0 8.0 1.0 18.0 16.0 16.0 15.0 16.0 15.0 16.0 32.0 15.0 16.0 16.0 16.0 0.0 0.0 0.0 0.0 0.0 
0.0 0.0 16.0 8.0 1.0 18.0 16.0 16.0 15.0 16.0 15.0 16.0 32.0 15.0 16.0 16.0 16.0 15.0 16.0 15.0 0.0 0.0 
0.0 0.0 0.0 8.0 0.0 0.0 0.0 0.0 0.0 0.0 0.0 0.0 0.0 0.0 0.0 0.0 0.0 0.0 0.0 0.0 0.0 0.0 
0.0 0.0 0.0 8.0 1.0 0.0 0.0 0.0 0.0 0.0 0.0 0.0 0.0 0.0 0.0 0.0 0.0 0.0 0.0 0.0 0.0 0.0 
0.0 0.0 0.0 8.0 1.0 18.0 0.0 0.0 0.0 0.0 0.0 0.0 0.0 0.0 0.0 0.0 0.0 0.0 0.0 0.0 0.0 0.0 
0.0 0.0 0.0 8.0 1.0 18.0 16.0 0.0 0.0 0.0 0.0 0.0 0.0 0.0 0.0 0.0 0.0 0.0 0.0 0.0 0.0 0.0 
0.0 0.0 0.0 8.0 1.0 18.0 16.0 16.0 0.0 0.0 0.0 0.0 0.0 0.0 0.0 0.0 0.0 0.0 0.0 0.0 0.0 0.0 
0.0 0.0 0.0 8.0 1.0 18.0 16.0 16.0 15.0 0.0 0.0 0.0 0.0 0.0 0.0 0.0 0.0 0.0 0.0 0.0 0.0 0.0 
0.0 0.0 0.0 8.0 1.0 18.0 16.0 16.0 15.0 16.0 0.0 0.0 0.0 0.0 0.0 0.0 0.0 0.0 0.0 0.0 0.0 0.0 
0.0 0.0 0.0 8.0 1.0 18.0 16.0 16.0 15.0 16.0 15.0 0.0 0.0 0.0 0.0 0.0 0.0 0.0 0.0 0.0 0.0 0.0 
0.0 0.0 0.0 8.0 1.0 18.0 16.0 16.0 15.0 16.0 15.0 16.0 0.0 0.0 0.0 0.0 0.0 0.0 0.0 0.0 0.0 0.0 
0.0 0.0 0.0 8.0 1.0 18.0 16.0 16.0 15.0 16.0 15.0 16.0 32.0 0.0 0.0 0.0 0.0 0.0 0.0 0.0 0.0 0.0 
0.0 0.0 0.0 8.0 1.0 18.0 16.0 16.0 15.0 16.0 15.0 16.0 32.0 15.0 16.0 0.0 0.0 0.0 0.0 0.0 0.0 0.0 
0.0 0.0 0.0 8.0 1.0 18.0 16.0 16.0 15.0 16.0 15.0 16.0 32.0 15.0 16.0 16.0 0.0 0.0 0.0 0.0 0.0 0.0 
0.0 0.0 0.0 8.0 1.0 18.0 16.0 16.0 15.0 16.0 15.0 16.0 32.0 15.0 16.0 16.0 16.0 15.0 0.0 0.0 0.0 0.0 
0.0 0.0 0.0 8.0 1.0 18.0 16.0 16.0 15.0 16.0 15.0 16.0 32.0 15.0 16.0 16.0 16.0 15.0 16.0 0.0 0.0 0.0 
0.0 0.0 0.0 8.0 1.0 18.0 16.0 16.0 15.0 16.0 15.0 16.0 32.0 15.0 16.0 16.0 16.0 15.0 16.0 15.0 0.0 0.0 
0.0 0.0 0.0 8.0 1.0 18.0 16.0 16.0 15.0 16.0 15.0 16.0 32.0 15.0 16.0 16.0 16.0 15.0 16.0 15.0 16.0 0.0 
0.0 0.0 0.0 0.0 1.0 0.0 0.0 0.0 0.0 0.0 0.0 0.0 0.0 0.0 0.0 0.0 0.0 0.0 0.0 0.0 0.0 0.0 
0.0 0.0 0.0 0.0 1.0 18.0 0.0 0.0 0.0 0.0 0.0 0.0 0.0 0.0 0.0 0.0 0.0 0.0 0.0 0.0 0.0 0.0 
0.0 0.0 0.0 0.0 1.0 18.0 16.0 0.0 0.0 0.0 0.0 0.0 0.0 0.0 0.0 0.0 0.0 0.0 0.0 0.0 0.0 0.0 
0.0 0.0 0.0 0.0 1.0 18.0 16.0 16.0 0.0 0.0 0.0 0.0 0.0 0.0 0.0 0.0 0.0 0.0 0.0 0.0 0.0 0.0 
0.0 0.0 0.0 0.0 1.0 18.0 16.0 16.0 15.0 0.0 0.0 0.0 0.0 0.0 0.0 0.0 0.0 0.0 0.0 0.0 0.0 0.0 
0.0 0.0 0.0 0.0 1.0 18.0 16.0 16.0 15.0 16.0 0.0 0.0 0.0 0.0 0.0 0.0 0.0 0.0 0.0 0.0 0.0 0.0 
0.0 0.0 0.0 0.0 1.0 18.0 16.0 16.0 15.0 16.0 15.0 0.0 0.0 0.0 0.0 0.0 0.0 0.0 0.0 0.0 0.0 0.0 
0.0 0.0 0.0 0.0 1.0 18.0 16.0 16.0 15.0 16.0 15.0 16.0 0.0 0.0 0.0 0.0 0.0 0.0 0.0 0.0 0.0 0.0 
0.0 0.0 0.0 0.0 1.0 18.0 16.0 16.0 15.0 16.0 15.0 16.0 32.0 0.0 0.0 0.0 0.0 0.0 0.0 0.0 0.0 0.0 
0.0 0.0 0.0 0.0 1.0 18.0 16.0 16.0 15.0 16.0 15.0 16.0 32.0 15.0 16.0 0.0 0.0 0.0 0.0 0.0 0.0 0.0 
0.0 0.0 0.0 0.0 1.0 18.0 16.0 16.0 15.0 16.0 15.0 16.0 32.0 15.0 16.0 16.0 0.0 0.0 0.0 0.0 0.0 0.0 
0.0 0.0 0.0 0.0 1.0 18.0 16.0 16.0 15.0 16.0 15.0 16.0 32.0 15.0 16.0 16.0 16.0 0.0 0.0 0.0 0.0 0.0 
0.0 0.0 0.0 0.0 1.0 18.0 16.0 16.0 15.0 16.0 15.0 16.0 32.0 15.0 16.0 16.0 16.0 15.0 0.0 0.0 0.0 0.0 
0.0 0.0 0.0 0.0 1.0 18.0 16.0 16.0 15.0 16.0 15.0 16.0 32.0 15.0 16.0 16.0 16.0 15.0 16.0 0.0 0.0 0.0 
0.0 0.0 0.0 0.0 1.0 18.0 16.0 16.0 15.0 16.0 15.0 16.0 32.0 15.0 16.0 16.0 16.0 15.0 16.0 15.0 0.0 0.0 
0.0 0.0 0.0 0.0 1.0 18.0 16.0 16.0 15.0 16.0 15.0 16.0 32.0 15.0 16.0 16.0 16.0 15.0 16.0 15.0 16.0 18.0 
0.0 0.0 0.0 0.0 0.0 18.0 0.0 0.0 0.0 0.0 0.0 0.0 0.0 0.0 0.0 0.0 0.0 0.0 0.0 0.0 0.0 0.0 
0.0 0.0 0.0 0.0 0.0 18.0 16.0 0.0 0.0 0.0 0.0 0.0 0.0 0.0 0.0 0.0 0.0 0.0 0.0 0.0 0.0 0.0 
0.0 0.0 0.0 0.0 0.0 18.0 16.0 16.0 0.0 0.0 0.0 0.0 0.0 0.0 0.0 0.0 0.0 0.0 0.0 0.0 0.0 0.0 
0.0 0.0 0.0 0.0 0.0 18.0 16.0 16.0 15.0 0.0 0.0 0.0 0.0 0.0 0.0 0.0 0.0 0.0 0.0 0.0 0.0 0.0 
0.0 0.0 0.0 0.0 0.0 18.0 16.0 16.0 15.0 16.0 0.0 0.0 0.0 0.0 0.0 0.0 0.0 0.0 0.0 0.0 0.0 0.0 
0.0 0.0 0.0 0.0 0.0 18.0 16.0 16.0 15.0 16.0 15.0 0.0 0.0 0.0 0.0 0.0 0.0 0.0 0.0 0.0 0.0 0.0 
0.0 0.0 0.0 0.0 0.0 18.0 16.0 16.0 15.0 16.0 15.0 16.0 0.0 0.0 0.0 0.0 0.0 0.0 0.0 0.0 0.0 0.0 
0.0 0.0 0.0 0.0 0.0 18.0 16.0 16.0 15.0 16.0 15.0 16.0 32.0 0.0 0.0 0.0 0.0 0.0 0.0 0.0 0.0 0.0 
0.0 0.0 0.0 0.0 0.0 18.0 16.0 16.0 15.0 16.0 15.0 16.0 32.0 15.0 16.0 0.0 0.0 0.0 0.0 0.0 0.0 0.0 
0.0 0.0 0.0 0.0 0.0 18.0 16.0 16.0 15.0 16.0 15.0 16.0 32.0 15.0 16.0 16.0 0.0 0.0 0.0 0.0 0.0 0.0 
0.0 0.0 0.0 0.0 0.0 18.0 16.0 16.0 15.0 16.0 15.0 16.0 32.0 15.0 16.0 16.0 16.0 0.0 0.0 0.0 0.0 0.0 
0.0 0.0 0.0 0.0 0.0 18.0 16.0 16.0 15.0 16.0 15.0 16.0 32.0 15.0 16.0 16.0 16.0 15.0 0.0 0.0 0.0 0.0 
0.0 0.0 0.0 0.0 0.0 18.0 16.0 16.0 15.0 16.0 15.0 16.0 32.0 15.0 16.0 16.0 16.0 15.0 16.0 0.0 0.0 0.0 
0.0 0.0 0.0 0.0 0.0 18.0 16.0 16.0 15.0 16.0 15.0 16.0 32.0 15.0 16.0 16.0 16.0 15.0 16.0 15.0 0.0 0.0 
0.0 0.0 0.0 0.0 0.0 18.0 16.0 16.0 15.0 16.0 15.0 16.0 32.0 15.0 16.0 16.0 16.0 15.0 16.0 15.0 16.0 18.0 
0.0 0.0 0.0 0.0 0.0 0.0 16.0 0.0 0.0 0.0 0.0 0.0 0.0 0.0 0.0 0.0 0.0 0.0 0.0 0.0 0.0 0.0 
0.0 0.0 0.0 0.0 0.0 0.0 16.0 16.0 0.0 0.0 0.0 0.0 0.0 0.0 0.0 0.0 0.0 0.0 0.0 0.0 0.0 0.0 
0.0 0.0 0.0 0.0 0.0 0.0 16.0 16.0 15.0 0.0 0.0 0.0 0.0 0.0 0.0 0.0 0.0 0.0 0.0 0.0 0.0 0.0 
0.0 0.0 0.0 0.0 0.0 0.0 16.0 16.0 15.0 16.0 0.0 0.0 0.0 0.0 0.0 0.0 0.0 0.0 0.0 0.0 0.0 0.0 
0.0 0.0 0.0 0.0 0.0 0.0 16.0 16.0 15.0 16.0 15.0 0.0 0.0 0.0 0.0 0.0 0.0 0.0 0.0 0.0 0.0 0.0 
0.0 0.0 0.0 0.0 0.0 0.0 16.0 16.0 15.0 16.0 15.0 16.0 0.0 0.0 0.0 0.0 0.0 0.0 0.0 0.0 0.0 0.0 
0.0 0.0 0.0 0.0 0.0 0.0 16.0 16.0 15.0 16.0 15.0 16.0 32.0 0.0 0.0 0.0 0.0 0.0 0.0 0.0 0.0 0.0 
0.0 0.0 0.0 0.0 0.0 0.0 16.0 16.0 15.0 16.0 15.0 16.0 32.0 15.0 16.0 0.0 0.0 0.0 0.0 0.0 0.0 0.0 
0.0 0.0 0.0 0.0 0.0 0.0 16.0 16.0 15.0 16.0 15.0 16.0 32.0 15.0 16.0 16.0 0.0 0.0 0.0 0.0 0.0 0.0 
0.0 0.0 0.0 0.0 0.0 0.0 16.0 16.0 15.0 16.0 15.0 16.0 32.0 15.0 16.0 16.0 16.0 15.0 0.0 0.0 0.0 0.0 
0.0 0.0 0.0 0.0 0.0 0.0 16.0 16.0 15.0 16.0 15.0 16.0 32.0 15.0 16.0 16.0 16.0 15.0 16.0 0.0 0.0 0.0 
0.0 0.0 0.0 0.0 0.0 0.0 16.0 16.0 15.0 16.0 15.0 16.0 32.0 15.0 16.0 16.0 16.0 15.0 16.0 15.0 0.0 0.0 
0.0 0.0 0.0 0.0 0.0 0.0 16.0 16.0 15.0 16.0 15.0 16.0 32.0 15.0 16.0 16.0 16.0 15.0 16.0 15.0 16.0 0.0 
0.0 0.0 0.0 0.0 0.0 0.0 0.0 16.0 0.0 0.0 0.0 0.0 0.0 0.0 0.0 0.0 0.0 0.0 0.0 0.0 0.0 0.0 
0.0 0.0 0.0 0.0 0.0 0.0 0.0 16.0 15.0 16.0 0.0 0.0 0.0 0.0 0.0 0.0 0.0 0.0 0.0 0.0 0.0 0.0 
0.0 0.0 0.0 0.0 0.0 0.0 0.0 16.0 15.0 16.0 15.0 0.0 0.0 0.0 0.0 0.0 0.0 0.0 0.0 0.0 0.0 0.0 
0.0 0.0 0.0 0.0 0.0 0.0 0.0 16.0 15.0 16.0 15.0 16.0 0.0 0.0 0.0 0.0 0.0 0.0 0.0 0.0 0.0 0.0 
0.0 0.0 0.0 0.0 0.0 0.0 0.0 16.0 15.0 16.0 15.0 16.0 32.0 0.0 0.0 0.0 0.0 0.0 0.0 0.0 0.0 0.0 
0.0 0.0 0.0 0.0 0.0 0.0 0.0 16.0 15.0 16.0 15.0 16.0 32.0 15.0 16.0 16.0 16.0 0.0 0.0 0.0 0.0 0.0 
0.0 0.0 0.0 0.0 0.0 0.0 0.0 16.0 15.0 16.0 15.0 16.0 32.0 15.0 16.0 16.0 16.0 15.0 0.0 0.0 0.0 0.0 
0.0 0.0 0.0 0.0 0.0 0.0 0.0 16.0 15.0 16.0 15.0 16.0 32.0 15.0 16.0 16.0 16.0 15.0 16.0 15.0 0.0 0.0 
0.0 0.0 0.0 0.0 0.0 0.0 0.0 16.0 15.0 16.0 15.0 16.0 32.0 15.0 16.0 16.0 16.0 15.0 16.0 15.0 16.0 18.0 
0.0 0.0 0.0 0.0 0.0 0.0 0.0 0.0 15.0 0.0 0.0 0.0 0.0 0.0 0.0 0.0 0.0 0.0 0.0 0.0 0.0 0.0 
0.0 0.0 0.0 0.0 0.0 0.0 0.0 0.0 15.0 16.0 0.0 0.0 0.0 0.0 0.0 0.0 0.0 0.0 0.0 0.0 0.0 0.0 
0.0 0.0 0.0 0.0 0.0 0.0 0.0 0.0 15.0 16.0 15.0 0.0 0.0 0.0 0.0 0.0 0.0 0.0 0.0 0.0 0.0 0.0 
0.0 0.0 0.0 0.0 0.0 0.0 0.0 0.0 15.0 16.0 15.0 16.0 0.0 0.0 0.0 0.0 0.0 0.0 0.0 0.0 0.0 0.0 
0.0 0.0 0.0 0.0 0.0 0.0 0.0 0.0 15.0 16.0 15.0 16.0 32.0 0.0 0.0 0.0 0.0 0.0 0.0 0.0 0.0 0.0 
0.0 0.0 0.0 0.0 0.0 0.0 0.0 0.0 15.0 16.0 15.0 16.0 32.0 15.0 16.0 0.0 0.0 0.0 0.0 0.0 0.0 0.0 
0.0 0.0 0.0 0.0 0.0 0.0 0.0 0.0 15.0 16.0 15.0 16.0 32.0 15.0 16.0 16.0 0.0 0.0 0.0 0.0 0.0 0.0 
0.0 0.0 0.0 0.0 0.0 0.0 0.0 0.0 15.0 16.0 15.0 16.0 32.0 15.0 16.0 16.0 16.0 0.0 0.0 0.0 0.0 0.0 
0.0 0.0 0.0 0.0 0.0 0.0 0.0 0.0 15.0 16.0 15.0 16.0 32.0 15.0 16.0 16.0 16.0 15.0 0.0 0.0 0.0 0.0 
0.0 0.0 0.0 0.0 0.0 0.0 0.0 0.0 15.0 16.0 15.0 16.0 32.0 15.0 16.0 16.0 16.0 15.0 16.0 0.0 0.0 0.0 
0.0 0.0 0.0 0.0 0.0 0.0 0.0 0.0 15.0 16.0 15.0 16.0 32.0 15.0 16.0 16.0 16.0 15.0 16.0 15.0 0.0 0.0 
0.0 0.0 0.0 0.0 0.0 0.0 0.0 0.0 15.0 16.0 15.0 16.0 32.0 15.0 16.0 16.0 16.0 15.0 16.0 15.0 16.0 18.0 
0.0 0.0 0.0 0.0 0.0 0.0 0.0 0.0 0.0 16.0 15.0 16.0 0.0 0.0 0.0 0.0 0.0 0.0 0.0 0.0 0.0 0.0 
0.0 0.0 0.0 0.0 0.0 0.0 0.0 0.0 0.0 16.0 15.0 16.0 32.0 0.0 0.0 0.0 0.0 0.0 0.0 0.0 0.0 0.0 
0.0 0.0 0.0 0.0 0.0 0.0 0.0 0.0 0.0 16.0 15.0 16.0 32.0 15.0 0.0 0.0 0.0 0.0 0.0 0.0 0.0 0.0 
0.0 0.0 0.0 0.0 0.0 0.0 0.0 0.0 0.0 16.0 15.0 16.0 32.0 15.0 16.0 0.0 0.0 0.0 0.0 0.0 0.0 0.0 
0.0 0.0 0.0 0.0 0.0 0.0 0.0 0.0 0.0 16.0 15.0 16.0 32.0 15.0 16.0 16.0 0.0 0.0 0.0 0.0 0.0 0.0 
0.0 0.0 0.0 0.0 0.0 0.0 0.0 0.0 0.0 16.0 15.0 16.0 32.0 15.0 16.0 16.0 16.0 15.0 0.0 0.0 0.0 0.0 
0.0 0.0 0.0 0.0 0.0 0.0 0.0 0.0 0.0 16.0 15.0 16.0 32.0 15.0 16.0 16.0 16.0 15.0 16.0 0.0 0.0 0.0 
0.0 0.0 0.0 0.0 0.0 0.0 0.0 0.0 0.0 16.0 15.0 16.0 32.0 15.0 16.0 16.0 16.0 15.0 16.0 15.0 0.0 0.0 
0.0 0.0 0.0 0.0 0.0 0.0 0.0 0.0 0.0 16.0 15.0 16.0 32.0 15.0 16.0 16.0 16.0 15.0 16.0 15.0 16.0 0.0 
0.0 0.0 0.0 0.0 0.0 0.0 0.0 0.0 0.0 0.0 15.0 0.0 0.0 0.0 0.0 0.0 0.0 0.0 0.0 0.0 0.0 0.0 
0.0 0.0 0.0 0.0 0.0 0.0 0.0 0.0 0.0 0.0 15.0 16.0 0.0 0.0 0.0 0.0 0.0 0.0 0.0 0.0 0.0 0.0 
0.0 0.0 0.0 0.0 0.0 0.0 0.0 0.0 0.0 0.0 15.0 16.0 32.0 0.0 0.0 0.0 0.0 0.0 0.0 0.0 0.0 0.0 
0.0 0.0 0.0 0.0 0.0 0.0 0.0 0.0 0.0 0.0 15.0 16.0 32.0 15.0 16.0 16.0 16.0 0.0 0.0 0.0 0.0 0.0 
0.0 0.0 0.0 0.0 0.0 0.0 0.0 0.0 0.0 0.0 15.0 16.0 32.0 15.0 16.0 16.0 16.0 15.0 0.0 0.0 0.0 0.0 
0.0 0.0 0.0 0.0 0.0 0.0 0.0 0.0 0.0 0.0 15.0 16.0 32.0 15.0 16.0 16.0 16.0 15.0 16.0 15.0 0.0 0.0 
0.0 0.0 0.0 0.0 0.0 0.0 0.0 0.0 0.0 0.0 15.0 16.0 32.0 15.0 16.0 16.0 16.0 15.0 16.0 15.0 16.0 18.0 
0.0 0.0 0.0 0.0 0.0 0.0 0.0 0.0 0.0 0.0 0.0 16.0 0.0 0.0 0.0 0.0 0.0 0.0 0.0 0.0 0.0 0.0 
0.0 0.0 0.0 0.0 0.0 0.0 0.0 0.0 0.0 0.0 0.0 16.0 32.0 15.0 16.0 16.0 16.0 0.0 0.0 0.0 0.0 0.0 
0.0 0.0 0.0 0.0 0.0 0.0 0.0 0.0 0.0 0.0 0.0 16.0 32.0 15.0 16.0 16.0 16.0 15.0 16.0 15.0 0.0 0.0 
0.0 0.0 0.0 0.0 0.0 0.0 0.0 0.0 0.0 0.0 0.0 16.0 32.0 15.0 16.0 16.0 16.0 15.0 16.0 15.0 16.0 18.0 
0.0 0.0 0.0 0.0 0.0 0.0 0.0 0.0 0.0 0.0 0.0 0.0 32.0 0.0 0.0 0.0 0.0 0.0 0.0 0.0 0.0 0.0 
0.0 0.0 0.0 0.0 0.0 0.0 0.0 0.0 0.0 0.0 0.0 0.0 32.0 15.0 16.0 0.0 0.0 0.0 0.0 0.0 0.0 0.0 
0.0 0.0 0.0 0.0 0.0 0.0 0.0 0.0 0.0 0.0 0.0 0.0 32.0 15.0 16.0 16.0 0.0 0.0 0.0 0.0 0.0 0.0 
0.0 0.0 0.0 0.0 0.0 0.0 0.0 0.0 0.0 0.0 0.0 0.0 32.0 15.0 16.0 16.0 16.0 0.0 0.0 0.0 0.0 0.0 
0.0 0.0 0.0 0.0 0.0 0.0 0.0 0.0 0.0 0.0 0.0 0.0 32.0 15.0 16.0 16.0 16.0 15.0 0.0 0.0 0.0 0.0 
0.0 0.0 0.0 0.0 0.0 0.0 0.0 0.0 0.0 0.0 0.0 0.0 32.0 15.0 16.0 16.0 16.0 15.0 16.0 0.0 0.0 0.0 
0.0 0.0 0.0 0.0 0.0 0.0 0.0 0.0 0.0 0.0 0.0 0.0 32.0 15.0 16.0 16.0 16.0 15.0 16.0 15.0 0.0 0.0 
0.0 0.0 0.0 0.0 0.0 0.0 0.0 0.0 0.0 0.0 0.0 0.0 32.0 15.0 16.0 16.0 16.0 15.0 16.0 15.0 16.0 18.0 
0.0 0.0 0.0 0.0 0.0 0.0 0.0 0.0 0.0 0.0 0.0 0.0 0.0 15.0 0.0 0.0 0.0 0.0 0.0 0.0 0.0 0.0 
0.0 0.0 0.0 0.0 0.0 0.0 0.0 0.0 0.0 0.0 0.0 0.0 0.0 15.0 16.0 0.0 0.0 0.0 0.0 0.0 0.0 0.0 
0.0 0.0 0.0 0.0 0.0 0.0 0.0 0.0 0.0 0.0 0.0 0.0 0.0 15.0 16.0 16.0 0.0 0.0 0.0 0.0 0.0 0.0 
0.0 0.0 0.0 0.0 0.0 0.0 0.0 0.0 0.0 0.0 0.0 0.0 0.0 15.0 16.0 16.0 16.0 15.0 0.0 0.0 0.0 0.0 
0.0 0.0 0.0 0.0 0.0 0.0 0.0 0.0 0.0 0.0 0.0 0.0 0.0 15.0 16.0 16.0 16.0 15.0 16.0 0.0 0.0 0.0 
0.0 0.0 0.0 0.0 0.0 0.0 0.0 0.0 0.0 0.0 0.0 0.0 0.0 15.0 16.0 16.0 16.0 15.0 16.0 15.0 0.0 0.0 
0.0 0.0 0.0 0.0 0.0 0.0 0.0 0.0 0.0 0.0 0.0 0.0 0.0 15.0 16.0 16.0 16.0 15.0 16.0 15.0 16.0 0.0 
0.0 0.0 0.0 0.0 0.0 0.0 0.0 0.0 0.0 0.0 0.0 0.0 0.0 0.0 16.0 0.0 0.0 0.0 0.0 0.0 0.0 0.0 
0.0 0.0 0.0 0.0 0.0 0.0 0.0 0.0 0.0 0.0 0.0 0.0 0.0 0.0 16.0 16.0 0.0 0.0 0.0 0.0 0.0 0.0 
0.0 0.0 0.0 0.0 0.0 0.0 0.0 0.0 0.0 0.0 0.0 0.0 0.0 0.0 16.0 16.0 16.0 15.0 0.0 0.0 0.0 0.0 
0.0 0.0 0.0 0.0 0.0 0.0 0.0 0.0 0.0 0.0 0.0 0.0 0.0 0.0 16.0 16.0 16.0 15.0 16.0 0.0 0.0 0.0 
0.0 0.0 0.0 0.0 0.0 0.0 0.0 0.0 0.0 0.0 0.0 0.0 0.0 0.0 16.0 16.0 16.0 15.0 16.0 15.0 16.0 0.0 
0.0 0.0 0.0 0.0 0.0 0.0 0.0 0.0 0.0 0.0 0.0 0.0 0.0 0.0 0.0 16.0 0.0 0.0 0.0 0.0 0.0 0.0 
0.0 0.0 0.0 0.0 0.0 0.0 0.0 0.0 0.0 0.0 0.0 0.0 0.0 0.0 0.0 16.0 16.0 15.0 0.0 0.0 0.0 0.0 
0.0 0.0 0.0 0.0 0.0 0.0 0.0 0.0 0.0 0.0 0.0 0.0 0.0 0.0 0.0 16.0 16.0 15.0 16.0 0.0 0.0 0.0 
0.0 0.0 0.0 0.0 0.0 0.0 0.0 0.0 0.0 0.0 0.0 0.0 0.0 0.0 0.0 16.0 16.0 15.0 16.0 15.0 0.0 0.0 
0.0 0.0 0.0 0.0 0.0 0.0 0.0 0.0 0.0 0.0 0.0 0.0 0.0 0.0 0.0 16.0 16.0 15.0 16.0 15.0 16.0 0.0 
0.0 0.0 0.0 0.0 0.0 0.0 0.0 0.0 0.0 0.0 0.0 0.0 0.0 0.0 0.0 0.0 16.0 15.0 0.0 0.0 0.0 0.0 
0.0 0.0 0.0 0.0 0.0 0.0 0.0 0.0 0.0 0.0 0.0 0.0 0.0 0.0 0.0 0.0 16.0 15.0 16.0 0.0 0.0 0.0 
0.0 0.0 0.0 0.0 0.0 0.0 0.0 0.0 0.0 0.0 0.0 0.0 0.0 0.0 0.0 0.0 16.0 15.0 16.0 15.0 0.0 0.0 
0.0 0.0 0.0 0.0 0.0 0.0 0.0 0.0 0.0 0.0 0.0 0.0 0.0 0.0 0.0 0.0 16.0 15.0 16.0 15.0 16.0 0.0 
0.0 0.0 0.0 0.0 0.0 0.0 0.0 0.0 0.0 0.0 0.0 0.0 0.0 0.0 0.0 0.0 0.0 15.0 16.0 15.0 0.0 0.0 
0.0 0.0 0.0 0.0 0.0 0.0 0.0 0.0 0.0 0.0 0.0 0.0 0.0 0.0 0.0 0.0 0.0 15.0 16.0 15.0 16.0 18.0 
0.0 0.0 0.0 0.0 0.0 0.0 0.0 0.0 0.0 0.0 0.0 0.0 0.0 0.0 0.0 0.0 0.0 0.0 16.0 0.0 0.0 0.0 
0.0 0.0 0.0 0.0 0.0 0.0 0.0 0.0 0.0 0.0 0.0 0.0 0.0 0.0 0.0 0.0 0.0 0.0 16.0 15.0 0.0 0.0 
0.0 0.0 0.0 0.0 0.0 0.0 0.0 0.0 0.0 0.0 0.0 0.0 0.0 0.0 0.0 0.0 0.0 0.0 16.0 15.0 16.0 0.0 
0.0 0.0 0.0 0.0 0.0 0.0 0.0 0.0 0.0 0.0 0.0 0.0 0.0 0.0 0.0 0.0 0.0 0.0 0.0 15.0 0.0 0.0 
0.0 0.0 0.0 0.0 0.0 0.0 0.0 0.0 0.0 0.0 0.0 0.0 0.0 0.0 0.0 0.0 0.0 0.0 0.0 15.0 16.0 0.0 
0.0 0.0 0.0 0.0 0.0 0.0 0.0 0.0 0.0 0.0 0.0 0.0 0.0 0.0 0.0 0.0 0.0 0.0 0.0 0.0 16.0 18.0 
